logs/exp033.log
feature using: ['Base_6', 'BertPCA50', 'Momentum', 'Interaction', 'SimultaneousPlatformCount', 'PublisherPCA', 'DeveloperPCA', 'Series', 'NumSeries', 'NumSeriesNormalized', 'SeriesLifespan']
----------------------------------------------------------------------------------------------------
Fold 1
[100]	training's rmse: 1.14029	valid_1's rmse: 1.1272
[200]	training's rmse: 1.03332	valid_1's rmse: 1.02903
[300]	training's rmse: 0.975798	valid_1's rmse: 0.978497
[400]	training's rmse: 0.939149	valid_1's rmse: 0.948731
[500]	training's rmse: 0.914363	valid_1's rmse: 0.929294
[600]	training's rmse: 0.895919	valid_1's rmse: 0.916043
[700]	training's rmse: 0.880568	valid_1's rmse: 0.905793
[800]	training's rmse: 0.868191	valid_1's rmse: 0.898828
[900]	training's rmse: 0.857621	valid_1's rmse: 0.8925
[1000]	training's rmse: 0.847663	valid_1's rmse: 0.887115
[1100]	training's rmse: 0.838395	valid_1's rmse: 0.88287
[1200]	training's rmse: 0.830517	valid_1's rmse: 0.879406
[1300]	training's rmse: 0.822521	valid_1's rmse: 0.875986
[1400]	training's rmse: 0.815266	valid_1's rmse: 0.873012
[1500]	training's rmse: 0.808329	valid_1's rmse: 0.870245
[1600]	training's rmse: 0.801734	valid_1's rmse: 0.86787
[1700]	training's rmse: 0.796331	valid_1's rmse: 0.866007
[1800]	training's rmse: 0.790258	valid_1's rmse: 0.864157
[1900]	training's rmse: 0.784607	valid_1's rmse: 0.862174
[2000]	training's rmse: 0.779014	valid_1's rmse: 0.860205
[2100]	training's rmse: 0.773633	valid_1's rmse: 0.858985
[2200]	training's rmse: 0.768658	valid_1's rmse: 0.856945
[2300]	training's rmse: 0.763666	valid_1's rmse: 0.855387
[2400]	training's rmse: 0.758808	valid_1's rmse: 0.854514
[2500]	training's rmse: 0.754373	valid_1's rmse: 0.853217
[2600]	training's rmse: 0.749825	valid_1's rmse: 0.852052
[2700]	training's rmse: 0.745796	valid_1's rmse: 0.851015
[2800]	training's rmse: 0.741318	valid_1's rmse: 0.850336
[2900]	training's rmse: 0.73695	valid_1's rmse: 0.849004
[3000]	training's rmse: 0.73311	valid_1's rmse: 0.848192
[3100]	training's rmse: 0.729251	valid_1's rmse: 0.847233
[3200]	training's rmse: 0.7252	valid_1's rmse: 0.846202
[3300]	training's rmse: 0.721248	valid_1's rmse: 0.845276
[3400]	training's rmse: 0.717731	valid_1's rmse: 0.84481
[3500]	training's rmse: 0.714066	valid_1's rmse: 0.84422
[3600]	training's rmse: 0.710349	valid_1's rmse: 0.843214
[3700]	training's rmse: 0.706929	valid_1's rmse: 0.842531
[3800]	training's rmse: 0.703515	valid_1's rmse: 0.84159
[3900]	training's rmse: 0.699911	valid_1's rmse: 0.840993
[4000]	training's rmse: 0.696324	valid_1's rmse: 0.839937
[4100]	training's rmse: 0.693107	valid_1's rmse: 0.839317
[4200]	training's rmse: 0.689985	valid_1's rmse: 0.838384
[4300]	training's rmse: 0.686728	valid_1's rmse: 0.837779
[4400]	training's rmse: 0.683437	valid_1's rmse: 0.837149
[4500]	training's rmse: 0.679981	valid_1's rmse: 0.835881
[4600]	training's rmse: 0.676819	valid_1's rmse: 0.835018
[4700]	training's rmse: 0.673957	valid_1's rmse: 0.834202
[4800]	training's rmse: 0.671013	valid_1's rmse: 0.833849
[4900]	training's rmse: 0.667628	valid_1's rmse: 0.833229
[5000]	training's rmse: 0.664482	valid_1's rmse: 0.832597
[5100]	training's rmse: 0.661687	valid_1's rmse: 0.832223
[5200]	training's rmse: 0.658693	valid_1's rmse: 0.831744
[5300]	training's rmse: 0.655942	valid_1's rmse: 0.831559
[5400]	training's rmse: 0.653102	valid_1's rmse: 0.830962
[5500]	training's rmse: 0.650282	valid_1's rmse: 0.8305
[5600]	training's rmse: 0.647569	valid_1's rmse: 0.829979
[5700]	training's rmse: 0.644524	valid_1's rmse: 0.829337
[5800]	training's rmse: 0.641775	valid_1's rmse: 0.828448
[5900]	training's rmse: 0.639129	valid_1's rmse: 0.828323
[6000]	training's rmse: 0.636518	valid_1's rmse: 0.828111
[6100]	training's rmse: 0.633839	valid_1's rmse: 0.827636
[6200]	training's rmse: 0.631336	valid_1's rmse: 0.827498
[6300]	training's rmse: 0.628403	valid_1's rmse: 0.826716
[6400]	training's rmse: 0.625741	valid_1's rmse: 0.826235
[6500]	training's rmse: 0.623236	valid_1's rmse: 0.826103
----------------------------------------------------------------------------------------------------
Fold 2
[100]	training's rmse: 1.13952	valid_1's rmse: 1.1401
[200]	training's rmse: 1.03405	valid_1's rmse: 1.03531
[300]	training's rmse: 0.976419	valid_1's rmse: 0.980222
[400]	training's rmse: 0.940216	valid_1's rmse: 0.949089
[500]	training's rmse: 0.915494	valid_1's rmse: 0.930524
[600]	training's rmse: 0.897266	valid_1's rmse: 0.917487
[700]	training's rmse: 0.881912	valid_1's rmse: 0.908055
[800]	training's rmse: 0.869588	valid_1's rmse: 0.900339
[900]	training's rmse: 0.857917	valid_1's rmse: 0.895189
[1000]	training's rmse: 0.847775	valid_1's rmse: 0.891095
[1100]	training's rmse: 0.838463	valid_1's rmse: 0.887504
[1200]	training's rmse: 0.829968	valid_1's rmse: 0.884827
[1300]	training's rmse: 0.822196	valid_1's rmse: 0.883091
[1400]	training's rmse: 0.815044	valid_1's rmse: 0.881345
[1500]	training's rmse: 0.808053	valid_1's rmse: 0.879786
[1600]	training's rmse: 0.801892	valid_1's rmse: 0.878111
[1700]	training's rmse: 0.79541	valid_1's rmse: 0.876592
[1800]	training's rmse: 0.789712	valid_1's rmse: 0.875535
[1900]	training's rmse: 0.784123	valid_1's rmse: 0.874458
[2000]	training's rmse: 0.778779	valid_1's rmse: 0.873736
[2100]	training's rmse: 0.773407	valid_1's rmse: 0.873308
[2200]	training's rmse: 0.768525	valid_1's rmse: 0.872398
[2300]	training's rmse: 0.763718	valid_1's rmse: 0.872163
[2400]	training's rmse: 0.759049	valid_1's rmse: 0.871286
[2500]	training's rmse: 0.754649	valid_1's rmse: 0.870491
[2600]	training's rmse: 0.749916	valid_1's rmse: 0.870082
[2700]	training's rmse: 0.745309	valid_1's rmse: 0.869099
[2800]	training's rmse: 0.740978	valid_1's rmse: 0.868567
[2900]	training's rmse: 0.736756	valid_1's rmse: 0.868311
[3000]	training's rmse: 0.732737	valid_1's rmse: 0.86773
[3100]	training's rmse: 0.72871	valid_1's rmse: 0.867415
[3200]	training's rmse: 0.724585	valid_1's rmse: 0.866904
[3300]	training's rmse: 0.72077	valid_1's rmse: 0.866394
[3400]	training's rmse: 0.717059	valid_1's rmse: 0.865693
[3500]	training's rmse: 0.713377	valid_1's rmse: 0.865537
[3600]	training's rmse: 0.709416	valid_1's rmse: 0.864568
[3700]	training's rmse: 0.705945	valid_1's rmse: 0.864868
----------------------------------------------------------------------------------------------------
Fold 3
[100]	training's rmse: 1.1398	valid_1's rmse: 1.14119
[200]	training's rmse: 1.03293	valid_1's rmse: 1.04582
[300]	training's rmse: 0.973815	valid_1's rmse: 0.99589
[400]	training's rmse: 0.937251	valid_1's rmse: 0.9662
[500]	training's rmse: 0.91345	valid_1's rmse: 0.946989
[600]	training's rmse: 0.895591	valid_1's rmse: 0.933251
[700]	training's rmse: 0.88085	valid_1's rmse: 0.922177
[800]	training's rmse: 0.868025	valid_1's rmse: 0.912887
[900]	training's rmse: 0.857927	valid_1's rmse: 0.905342
[1000]	training's rmse: 0.848574	valid_1's rmse: 0.898651
[1100]	training's rmse: 0.839955	valid_1's rmse: 0.892862
[1200]	training's rmse: 0.831577	valid_1's rmse: 0.887108
[1300]	training's rmse: 0.82457	valid_1's rmse: 0.882033
[1400]	training's rmse: 0.81784	valid_1's rmse: 0.877606
[1500]	training's rmse: 0.811206	valid_1's rmse: 0.873342
[1600]	training's rmse: 0.805061	valid_1's rmse: 0.869702
[1700]	training's rmse: 0.799376	valid_1's rmse: 0.866237
[1800]	training's rmse: 0.793764	valid_1's rmse: 0.862425
[1900]	training's rmse: 0.788157	valid_1's rmse: 0.859484
[2000]	training's rmse: 0.783003	valid_1's rmse: 0.85678
[2100]	training's rmse: 0.77793	valid_1's rmse: 0.853744
[2200]	training's rmse: 0.772957	valid_1's rmse: 0.851019
[2300]	training's rmse: 0.768007	valid_1's rmse: 0.848188
[2400]	training's rmse: 0.763735	valid_1's rmse: 0.845426
[2500]	training's rmse: 0.759479	valid_1's rmse: 0.842951
[2600]	training's rmse: 0.75498	valid_1's rmse: 0.840598
[2700]	training's rmse: 0.7508	valid_1's rmse: 0.837926
[2800]	training's rmse: 0.746606	valid_1's rmse: 0.835635
[2900]	training's rmse: 0.742514	valid_1's rmse: 0.833265
[3000]	training's rmse: 0.738701	valid_1's rmse: 0.831666
[3100]	training's rmse: 0.734846	valid_1's rmse: 0.829825
[3200]	training's rmse: 0.731262	valid_1's rmse: 0.828274
[3300]	training's rmse: 0.727457	valid_1's rmse: 0.826438
[3400]	training's rmse: 0.723614	valid_1's rmse: 0.824731
[3500]	training's rmse: 0.719793	valid_1's rmse: 0.823165
[3600]	training's rmse: 0.716142	valid_1's rmse: 0.821907
[3700]	training's rmse: 0.712453	valid_1's rmse: 0.820574
[3800]	training's rmse: 0.709108	valid_1's rmse: 0.819516
[3900]	training's rmse: 0.705672	valid_1's rmse: 0.817932
[4000]	training's rmse: 0.702214	valid_1's rmse: 0.816926
[4100]	training's rmse: 0.699003	valid_1's rmse: 0.815634
[4200]	training's rmse: 0.695625	valid_1's rmse: 0.814706
[4300]	training's rmse: 0.692448	valid_1's rmse: 0.813382
[4400]	training's rmse: 0.68907	valid_1's rmse: 0.811972
[4500]	training's rmse: 0.68595	valid_1's rmse: 0.810844
[4600]	training's rmse: 0.682668	valid_1's rmse: 0.809453
[4700]	training's rmse: 0.679641	valid_1's rmse: 0.808355
[4800]	training's rmse: 0.676713	valid_1's rmse: 0.807127
[4900]	training's rmse: 0.673662	valid_1's rmse: 0.806182
[5000]	training's rmse: 0.670742	valid_1's rmse: 0.805599
[5100]	training's rmse: 0.667577	valid_1's rmse: 0.804376
[5200]	training's rmse: 0.664549	valid_1's rmse: 0.803074
[5300]	training's rmse: 0.661787	valid_1's rmse: 0.802061
[5400]	training's rmse: 0.658823	valid_1's rmse: 0.801426
[5500]	training's rmse: 0.656241	valid_1's rmse: 0.800644
[5600]	training's rmse: 0.65326	valid_1's rmse: 0.799697
[5700]	training's rmse: 0.650513	valid_1's rmse: 0.798884
[5800]	training's rmse: 0.647917	valid_1's rmse: 0.798026
[5900]	training's rmse: 0.645155	valid_1's rmse: 0.797301
[6000]	training's rmse: 0.642324	valid_1's rmse: 0.796196
[6100]	training's rmse: 0.639748	valid_1's rmse: 0.795415
[6200]	training's rmse: 0.637068	valid_1's rmse: 0.79446
[6300]	training's rmse: 0.634268	valid_1's rmse: 0.793684
[6400]	training's rmse: 0.631664	valid_1's rmse: 0.792696
[6500]	training's rmse: 0.629225	valid_1's rmse: 0.791712
[6600]	training's rmse: 0.626642	valid_1's rmse: 0.790888
[6700]	training's rmse: 0.624211	valid_1's rmse: 0.790339
[6800]	training's rmse: 0.621805	valid_1's rmse: 0.789554
[6900]	training's rmse: 0.619261	valid_1's rmse: 0.788838
[7000]	training's rmse: 0.616841	valid_1's rmse: 0.788162
[7100]	training's rmse: 0.614372	valid_1's rmse: 0.787152
[7200]	training's rmse: 0.612069	valid_1's rmse: 0.786479
[7300]	training's rmse: 0.609709	valid_1's rmse: 0.785627
[7400]	training's rmse: 0.607388	valid_1's rmse: 0.784923
[7500]	training's rmse: 0.604939	valid_1's rmse: 0.784187
[7600]	training's rmse: 0.602437	valid_1's rmse: 0.783193
[7700]	training's rmse: 0.600118	valid_1's rmse: 0.782382
[7800]	training's rmse: 0.597864	valid_1's rmse: 0.781618
[7900]	training's rmse: 0.595705	valid_1's rmse: 0.780812
[8000]	training's rmse: 0.593524	valid_1's rmse: 0.780065
[8100]	training's rmse: 0.591366	valid_1's rmse: 0.779222
[8200]	training's rmse: 0.58915	valid_1's rmse: 0.77872
[8300]	training's rmse: 0.586992	valid_1's rmse: 0.77818
[8400]	training's rmse: 0.584963	valid_1's rmse: 0.777641
[8500]	training's rmse: 0.582799	valid_1's rmse: 0.776937
[8600]	training's rmse: 0.580611	valid_1's rmse: 0.776284
[8700]	training's rmse: 0.578497	valid_1's rmse: 0.775901
[8800]	training's rmse: 0.576279	valid_1's rmse: 0.775408
[8900]	training's rmse: 0.574066	valid_1's rmse: 0.774929
[9000]	training's rmse: 0.571904	valid_1's rmse: 0.774215
[9100]	training's rmse: 0.569979	valid_1's rmse: 0.773592
[9200]	training's rmse: 0.567924	valid_1's rmse: 0.772851
[9300]	training's rmse: 0.565886	valid_1's rmse: 0.772225
[9400]	training's rmse: 0.564048	valid_1's rmse: 0.771774
[9500]	training's rmse: 0.562098	valid_1's rmse: 0.771664
[9600]	training's rmse: 0.560192	valid_1's rmse: 0.771309
[9700]	training's rmse: 0.558228	valid_1's rmse: 0.771001
[9800]	training's rmse: 0.556251	valid_1's rmse: 0.770649
[9900]	training's rmse: 0.554288	valid_1's rmse: 0.770147
[10000]	training's rmse: 0.552467	valid_1's rmse: 0.769711
----------------------------------------------------------------------------------------------------
Fold 4
[100]	training's rmse: 1.13784	valid_1's rmse: 1.15214
[200]	training's rmse: 1.03148	valid_1's rmse: 1.05054
[300]	training's rmse: 0.974453	valid_1's rmse: 0.998174
[400]	training's rmse: 0.938801	valid_1's rmse: 0.968603
[500]	training's rmse: 0.913454	valid_1's rmse: 0.948122
[600]	training's rmse: 0.895457	valid_1's rmse: 0.935115
[700]	training's rmse: 0.880215	valid_1's rmse: 0.924625
[800]	training's rmse: 0.867615	valid_1's rmse: 0.916414
[900]	training's rmse: 0.856237	valid_1's rmse: 0.909893
[1000]	training's rmse: 0.84657	valid_1's rmse: 0.90524
[1100]	training's rmse: 0.83798	valid_1's rmse: 0.901915
[1200]	training's rmse: 0.829718	valid_1's rmse: 0.898588
[1300]	training's rmse: 0.822254	valid_1's rmse: 0.896054
[1400]	training's rmse: 0.814859	valid_1's rmse: 0.8929
[1500]	training's rmse: 0.808198	valid_1's rmse: 0.890548
[1600]	training's rmse: 0.802147	valid_1's rmse: 0.888638
[1700]	training's rmse: 0.796185	valid_1's rmse: 0.886837
[1800]	training's rmse: 0.790536	valid_1's rmse: 0.885252
[1900]	training's rmse: 0.784905	valid_1's rmse: 0.883783
[2000]	training's rmse: 0.779622	valid_1's rmse: 0.882695
[2100]	training's rmse: 0.77497	valid_1's rmse: 0.881615
[2200]	training's rmse: 0.770191	valid_1's rmse: 0.880769
[2300]	training's rmse: 0.765365	valid_1's rmse: 0.879886
[2400]	training's rmse: 0.760575	valid_1's rmse: 0.878939
[2500]	training's rmse: 0.755978	valid_1's rmse: 0.878196
[2600]	training's rmse: 0.751392	valid_1's rmse: 0.877485
[2700]	training's rmse: 0.747085	valid_1's rmse: 0.876942
[2800]	training's rmse: 0.74266	valid_1's rmse: 0.875874
[2900]	training's rmse: 0.738681	valid_1's rmse: 0.875475
[3000]	training's rmse: 0.7346	valid_1's rmse: 0.874833
[3100]	training's rmse: 0.730834	valid_1's rmse: 0.873933
[3200]	training's rmse: 0.727075	valid_1's rmse: 0.873421
[3300]	training's rmse: 0.723301	valid_1's rmse: 0.872897
[3400]	training's rmse: 0.71928	valid_1's rmse: 0.872025
[3500]	training's rmse: 0.715637	valid_1's rmse: 0.871139
[3600]	training's rmse: 0.712241	valid_1's rmse: 0.870409
[3700]	training's rmse: 0.708514	valid_1's rmse: 0.870093
[3800]	training's rmse: 0.704947	valid_1's rmse: 0.869754
[3900]	training's rmse: 0.701631	valid_1's rmse: 0.869031
[4000]	training's rmse: 0.698368	valid_1's rmse: 0.868503
[4100]	training's rmse: 0.694865	valid_1's rmse: 0.867926
[4200]	training's rmse: 0.691159	valid_1's rmse: 0.867359
[4300]	training's rmse: 0.68786	valid_1's rmse: 0.866881
[4400]	training's rmse: 0.684423	valid_1's rmse: 0.866186
[4500]	training's rmse: 0.681151	valid_1's rmse: 0.865782
[4600]	training's rmse: 0.677849	valid_1's rmse: 0.865166
[4700]	training's rmse: 0.674869	valid_1's rmse: 0.864576
[4800]	training's rmse: 0.671421	valid_1's rmse: 0.863839
[4900]	training's rmse: 0.667934	valid_1's rmse: 0.863158
[5000]	training's rmse: 0.664995	valid_1's rmse: 0.863014
[5100]	training's rmse: 0.662101	valid_1's rmse: 0.862663
[5200]	training's rmse: 0.659027	valid_1's rmse: 0.861842
[5300]	training's rmse: 0.656275	valid_1's rmse: 0.861358
[5400]	training's rmse: 0.653538	valid_1's rmse: 0.860929
[5500]	training's rmse: 0.651126	valid_1's rmse: 0.860861
[5600]	training's rmse: 0.648339	valid_1's rmse: 0.860724
[5700]	training's rmse: 0.645716	valid_1's rmse: 0.860877
----------------------------------------------------------------------------------------------------
Fold 5
[100]	training's rmse: 1.1418	valid_1's rmse: 1.13726
[200]	training's rmse: 1.03592	valid_1's rmse: 1.02525
[300]	training's rmse: 0.979684	valid_1's rmse: 0.964901
[400]	training's rmse: 0.944035	valid_1's rmse: 0.926521
[500]	training's rmse: 0.919608	valid_1's rmse: 0.900461
[600]	training's rmse: 0.901737	valid_1's rmse: 0.882114
[700]	training's rmse: 0.887227	valid_1's rmse: 0.867803
[800]	training's rmse: 0.875009	valid_1's rmse: 0.856886
[900]	training's rmse: 0.863888	valid_1's rmse: 0.848177
[1000]	training's rmse: 0.854273	valid_1's rmse: 0.841216
[1100]	training's rmse: 0.845521	valid_1's rmse: 0.83555
[1200]	training's rmse: 0.837623	valid_1's rmse: 0.830434
[1300]	training's rmse: 0.829701	valid_1's rmse: 0.826409
[1400]	training's rmse: 0.822291	valid_1's rmse: 0.822211
[1500]	training's rmse: 0.815589	valid_1's rmse: 0.818967
[1600]	training's rmse: 0.809006	valid_1's rmse: 0.81569
[1700]	training's rmse: 0.803033	valid_1's rmse: 0.812487
[1800]	training's rmse: 0.79661	valid_1's rmse: 0.810102
[1900]	training's rmse: 0.790825	valid_1's rmse: 0.807999
[2000]	training's rmse: 0.785291	valid_1's rmse: 0.805804
[2100]	training's rmse: 0.780165	valid_1's rmse: 0.803724
[2200]	training's rmse: 0.77496	valid_1's rmse: 0.801397
[2300]	training's rmse: 0.770351	valid_1's rmse: 0.79944
[2400]	training's rmse: 0.765439	valid_1's rmse: 0.797856
[2500]	training's rmse: 0.761179	valid_1's rmse: 0.796468
[2600]	training's rmse: 0.756953	valid_1's rmse: 0.795075
[2700]	training's rmse: 0.752545	valid_1's rmse: 0.793733
[2800]	training's rmse: 0.748423	valid_1's rmse: 0.792388
[2900]	training's rmse: 0.744328	valid_1's rmse: 0.791252
[3000]	training's rmse: 0.740244	valid_1's rmse: 0.78984
[3100]	training's rmse: 0.736269	valid_1's rmse: 0.788128
[3200]	training's rmse: 0.732273	valid_1's rmse: 0.787048
[3300]	training's rmse: 0.728385	valid_1's rmse: 0.785778
[3400]	training's rmse: 0.724561	valid_1's rmse: 0.784673
[3500]	training's rmse: 0.720794	valid_1's rmse: 0.78377
[3600]	training's rmse: 0.717424	valid_1's rmse: 0.783156
[3700]	training's rmse: 0.714103	valid_1's rmse: 0.782281
[3800]	training's rmse: 0.71065	valid_1's rmse: 0.781166
[3900]	training's rmse: 0.707057	valid_1's rmse: 0.780741
[4000]	training's rmse: 0.703504	valid_1's rmse: 0.780184
[4100]	training's rmse: 0.699899	valid_1's rmse: 0.779529
[4200]	training's rmse: 0.696583	valid_1's rmse: 0.778939
[4300]	training's rmse: 0.693324	valid_1's rmse: 0.778137
[4400]	training's rmse: 0.689903	valid_1's rmse: 0.777401
[4500]	training's rmse: 0.686561	valid_1's rmse: 0.777192
[4600]	training's rmse: 0.683424	valid_1's rmse: 0.777076
[4700]	training's rmse: 0.680114	valid_1's rmse: 0.776124
[4800]	training's rmse: 0.676845	valid_1's rmse: 0.775248
[4900]	training's rmse: 0.673528	valid_1's rmse: 0.774746
[5000]	training's rmse: 0.670736	valid_1's rmse: 0.774233
[5100]	training's rmse: 0.667621	valid_1's rmse: 0.773517
[5200]	training's rmse: 0.664242	valid_1's rmse: 0.77309
[5300]	training's rmse: 0.66135	valid_1's rmse: 0.772462
[5400]	training's rmse: 0.65841	valid_1's rmse: 0.772031
[5500]	training's rmse: 0.655486	valid_1's rmse: 0.771396
[5600]	training's rmse: 0.652668	valid_1's rmse: 0.771123
[5700]	training's rmse: 0.649863	valid_1's rmse: 0.77034
[5800]	training's rmse: 0.647107	valid_1's rmse: 0.769857
[5900]	training's rmse: 0.644158	valid_1's rmse: 0.769496
[6000]	training's rmse: 0.641651	valid_1's rmse: 0.769335
[6100]	training's rmse: 0.63895	valid_1's rmse: 0.768856
[6200]	training's rmse: 0.636273	valid_1's rmse: 0.768228
[6300]	training's rmse: 0.633637	valid_1's rmse: 0.768074
[6400]	training's rmse: 0.631168	valid_1's rmse: 0.767376
[6500]	training's rmse: 0.628432	valid_1's rmse: 0.766958
[6600]	training's rmse: 0.625788	valid_1's rmse: 0.766306
[6700]	training's rmse: 0.623349	valid_1's rmse: 0.765925
[6800]	training's rmse: 0.620744	valid_1's rmse: 0.765264
[6900]	training's rmse: 0.618306	valid_1's rmse: 0.765041
[7000]	training's rmse: 0.61586	valid_1's rmse: 0.764534
[7100]	training's rmse: 0.613292	valid_1's rmse: 0.763763
[7200]	training's rmse: 0.610785	valid_1's rmse: 0.763442
[7300]	training's rmse: 0.608456	valid_1's rmse: 0.763051
----------------------------------------------------------------------------------------------------
Fold 6
[100]	training's rmse: 1.13402	valid_1's rmse: 1.19655
[200]	training's rmse: 1.02667	valid_1's rmse: 1.10882
[300]	training's rmse: 0.968385	valid_1's rmse: 1.06244
[400]	training's rmse: 0.932337	valid_1's rmse: 1.03073
[500]	training's rmse: 0.907628	valid_1's rmse: 1.00906
[600]	training's rmse: 0.889316	valid_1's rmse: 0.993738
[700]	training's rmse: 0.874646	valid_1's rmse: 0.981968
[800]	training's rmse: 0.862792	valid_1's rmse: 0.97264
[900]	training's rmse: 0.851788	valid_1's rmse: 0.964625
[1000]	training's rmse: 0.842395	valid_1's rmse: 0.958118
[1100]	training's rmse: 0.834142	valid_1's rmse: 0.953115
[1200]	training's rmse: 0.826094	valid_1's rmse: 0.947692
[1300]	training's rmse: 0.818659	valid_1's rmse: 0.943324
[1400]	training's rmse: 0.811659	valid_1's rmse: 0.939643
[1500]	training's rmse: 0.805149	valid_1's rmse: 0.936029
[1600]	training's rmse: 0.799182	valid_1's rmse: 0.932556
[1700]	training's rmse: 0.793304	valid_1's rmse: 0.929572
[1800]	training's rmse: 0.78803	valid_1's rmse: 0.927082
[1900]	training's rmse: 0.782643	valid_1's rmse: 0.924344
[2000]	training's rmse: 0.777368	valid_1's rmse: 0.921336
[2100]	training's rmse: 0.77246	valid_1's rmse: 0.919125
[2200]	training's rmse: 0.767468	valid_1's rmse: 0.917072
[2300]	training's rmse: 0.762974	valid_1's rmse: 0.915041
[2400]	training's rmse: 0.758469	valid_1's rmse: 0.912719
[2500]	training's rmse: 0.753961	valid_1's rmse: 0.910877
[2600]	training's rmse: 0.749321	valid_1's rmse: 0.908656
[2700]	training's rmse: 0.74508	valid_1's rmse: 0.907186
[2800]	training's rmse: 0.741241	valid_1's rmse: 0.905472
[2900]	training's rmse: 0.73719	valid_1's rmse: 0.904044
[3000]	training's rmse: 0.733113	valid_1's rmse: 0.902252
[3100]	training's rmse: 0.729293	valid_1's rmse: 0.900354
[3200]	training's rmse: 0.72543	valid_1's rmse: 0.898913
[3300]	training's rmse: 0.721866	valid_1's rmse: 0.898206
[3400]	training's rmse: 0.718098	valid_1's rmse: 0.897091
[3500]	training's rmse: 0.714429	valid_1's rmse: 0.895795
[3600]	training's rmse: 0.710873	valid_1's rmse: 0.894386
[3700]	training's rmse: 0.707345	valid_1's rmse: 0.893267
[3800]	training's rmse: 0.70354	valid_1's rmse: 0.891702
[3900]	training's rmse: 0.700225	valid_1's rmse: 0.890698
[4000]	training's rmse: 0.696738	valid_1's rmse: 0.889449
[4100]	training's rmse: 0.693339	valid_1's rmse: 0.888407
[4200]	training's rmse: 0.689948	valid_1's rmse: 0.887355
[4300]	training's rmse: 0.686885	valid_1's rmse: 0.886257
[4400]	training's rmse: 0.683521	valid_1's rmse: 0.885088
[4500]	training's rmse: 0.680128	valid_1's rmse: 0.883825
[4600]	training's rmse: 0.676777	valid_1's rmse: 0.882735
[4700]	training's rmse: 0.67348	valid_1's rmse: 0.881716
[4800]	training's rmse: 0.670502	valid_1's rmse: 0.880636
[4900]	training's rmse: 0.667744	valid_1's rmse: 0.880023
[5000]	training's rmse: 0.664704	valid_1's rmse: 0.878884
[5100]	training's rmse: 0.661779	valid_1's rmse: 0.87808
[5200]	training's rmse: 0.658639	valid_1's rmse: 0.877196
[5300]	training's rmse: 0.655922	valid_1's rmse: 0.876506
[5400]	training's rmse: 0.652983	valid_1's rmse: 0.87577
[5500]	training's rmse: 0.650333	valid_1's rmse: 0.875003
[5600]	training's rmse: 0.647418	valid_1's rmse: 0.874181
[5700]	training's rmse: 0.64456	valid_1's rmse: 0.873547
[5800]	training's rmse: 0.641844	valid_1's rmse: 0.872763
[5900]	training's rmse: 0.639199	valid_1's rmse: 0.872175
[6000]	training's rmse: 0.636743	valid_1's rmse: 0.871085
[6100]	training's rmse: 0.633936	valid_1's rmse: 0.870394
[6200]	training's rmse: 0.631392	valid_1's rmse: 0.869765
[6300]	training's rmse: 0.628853	valid_1's rmse: 0.868959
[6400]	training's rmse: 0.62617	valid_1's rmse: 0.868115
[6500]	training's rmse: 0.623672	valid_1's rmse: 0.867653
[6600]	training's rmse: 0.621085	valid_1's rmse: 0.867174
[6700]	training's rmse: 0.618517	valid_1's rmse: 0.866571
[6800]	training's rmse: 0.616092	valid_1's rmse: 0.865957
[6900]	training's rmse: 0.613527	valid_1's rmse: 0.86533
[7000]	training's rmse: 0.611178	valid_1's rmse: 0.864772
[7100]	training's rmse: 0.608768	valid_1's rmse: 0.864
[7200]	training's rmse: 0.606496	valid_1's rmse: 0.863467
[7300]	training's rmse: 0.604149	valid_1's rmse: 0.862718
[7400]	training's rmse: 0.601747	valid_1's rmse: 0.861969
[7500]	training's rmse: 0.599474	valid_1's rmse: 0.861557
[7600]	training's rmse: 0.596906	valid_1's rmse: 0.860891
[7700]	training's rmse: 0.594531	valid_1's rmse: 0.86047
[7800]	training's rmse: 0.592376	valid_1's rmse: 0.860175
[7900]	training's rmse: 0.590047	valid_1's rmse: 0.859797
[8000]	training's rmse: 0.587778	valid_1's rmse: 0.859575
[8100]	training's rmse: 0.585743	valid_1's rmse: 0.859036
[8200]	training's rmse: 0.583651	valid_1's rmse: 0.858818
[8300]	training's rmse: 0.581551	valid_1's rmse: 0.858536
[8400]	training's rmse: 0.579409	valid_1's rmse: 0.857947
[8500]	training's rmse: 0.577137	valid_1's rmse: 0.857545
[8600]	training's rmse: 0.575156	valid_1's rmse: 0.856995
[8700]	training's rmse: 0.573145	valid_1's rmse: 0.85673
[8800]	training's rmse: 0.571055	valid_1's rmse: 0.856442
[8900]	training's rmse: 0.569194	valid_1's rmse: 0.855926
[9000]	training's rmse: 0.567158	valid_1's rmse: 0.8557
[9100]	training's rmse: 0.56518	valid_1's rmse: 0.855412
[9200]	training's rmse: 0.563116	valid_1's rmse: 0.854666
[9300]	training's rmse: 0.56108	valid_1's rmse: 0.854246
[9400]	training's rmse: 0.558949	valid_1's rmse: 0.853708
[9500]	training's rmse: 0.556963	valid_1's rmse: 0.853346
[9600]	training's rmse: 0.555108	valid_1's rmse: 0.852955
[9700]	training's rmse: 0.553059	valid_1's rmse: 0.852619
[9800]	training's rmse: 0.551236	valid_1's rmse: 0.852073
[9900]	training's rmse: 0.549323	valid_1's rmse: 0.851723
[10000]	training's rmse: 0.547409	valid_1's rmse: 0.851412
----------------------------------------------------------------------------------------------------
Fold 7
[100]	training's rmse: 1.14034	valid_1's rmse: 1.13804
[200]	training's rmse: 1.03374	valid_1's rmse: 1.03964
[300]	training's rmse: 0.975461	valid_1's rmse: 0.987485
[400]	training's rmse: 0.93936	valid_1's rmse: 0.956618
[500]	training's rmse: 0.914594	valid_1's rmse: 0.93578
[600]	training's rmse: 0.896542	valid_1's rmse: 0.921463
[700]	training's rmse: 0.881758	valid_1's rmse: 0.909791
[800]	training's rmse: 0.869244	valid_1's rmse: 0.90088
[900]	training's rmse: 0.858306	valid_1's rmse: 0.894421
[1000]	training's rmse: 0.848546	valid_1's rmse: 0.888945
[1100]	training's rmse: 0.840055	valid_1's rmse: 0.884321
[1200]	training's rmse: 0.83158	valid_1's rmse: 0.880019
[1300]	training's rmse: 0.823937	valid_1's rmse: 0.875648
[1400]	training's rmse: 0.817002	valid_1's rmse: 0.872891
[1500]	training's rmse: 0.810129	valid_1's rmse: 0.869913
[1600]	training's rmse: 0.803791	valid_1's rmse: 0.867566
[1700]	training's rmse: 0.797915	valid_1's rmse: 0.86552
[1800]	training's rmse: 0.791956	valid_1's rmse: 0.862344
[1900]	training's rmse: 0.786269	valid_1's rmse: 0.86047
[2000]	training's rmse: 0.781031	valid_1's rmse: 0.858261
[2100]	training's rmse: 0.776283	valid_1's rmse: 0.856679
[2200]	training's rmse: 0.771198	valid_1's rmse: 0.854752
[2300]	training's rmse: 0.766451	valid_1's rmse: 0.852831
[2400]	training's rmse: 0.761764	valid_1's rmse: 0.851511
[2500]	training's rmse: 0.75716	valid_1's rmse: 0.850256
[2600]	training's rmse: 0.752708	valid_1's rmse: 0.848642
[2700]	training's rmse: 0.748499	valid_1's rmse: 0.847599
[2800]	training's rmse: 0.744401	valid_1's rmse: 0.846379
[2900]	training's rmse: 0.740484	valid_1's rmse: 0.845286
[3000]	training's rmse: 0.736116	valid_1's rmse: 0.844054
[3100]	training's rmse: 0.732143	valid_1's rmse: 0.843171
[3200]	training's rmse: 0.728342	valid_1's rmse: 0.841789
[3300]	training's rmse: 0.72496	valid_1's rmse: 0.840687
[3400]	training's rmse: 0.721108	valid_1's rmse: 0.839508
[3500]	training's rmse: 0.717516	valid_1's rmse: 0.838366
[3600]	training's rmse: 0.713535	valid_1's rmse: 0.837622
[3700]	training's rmse: 0.709903	valid_1's rmse: 0.836504
[3800]	training's rmse: 0.706345	valid_1's rmse: 0.836095
[3900]	training's rmse: 0.702789	valid_1's rmse: 0.835119
[4000]	training's rmse: 0.699417	valid_1's rmse: 0.834444
[4100]	training's rmse: 0.696235	valid_1's rmse: 0.83377
[4200]	training's rmse: 0.692784	valid_1's rmse: 0.832843
[4300]	training's rmse: 0.689523	valid_1's rmse: 0.831798
[4400]	training's rmse: 0.686269	valid_1's rmse: 0.831068
[4500]	training's rmse: 0.682907	valid_1's rmse: 0.830274
[4600]	training's rmse: 0.679825	valid_1's rmse: 0.829659
[4700]	training's rmse: 0.67688	valid_1's rmse: 0.828917
[4800]	training's rmse: 0.674003	valid_1's rmse: 0.828252
[4900]	training's rmse: 0.671008	valid_1's rmse: 0.827549
[5000]	training's rmse: 0.667852	valid_1's rmse: 0.826886
[5100]	training's rmse: 0.665019	valid_1's rmse: 0.82623
[5200]	training's rmse: 0.662209	valid_1's rmse: 0.825165
[5300]	training's rmse: 0.659231	valid_1's rmse: 0.824502
[5400]	training's rmse: 0.656267	valid_1's rmse: 0.823868
[5500]	training's rmse: 0.653615	valid_1's rmse: 0.823167
[5600]	training's rmse: 0.650862	valid_1's rmse: 0.82297
[5700]	training's rmse: 0.648128	valid_1's rmse: 0.8226
[5800]	training's rmse: 0.645457	valid_1's rmse: 0.821878
[5900]	training's rmse: 0.642688	valid_1's rmse: 0.821578
[6000]	training's rmse: 0.639798	valid_1's rmse: 0.820771
[6100]	training's rmse: 0.637229	valid_1's rmse: 0.820156
[6200]	training's rmse: 0.634501	valid_1's rmse: 0.819759
[6300]	training's rmse: 0.631923	valid_1's rmse: 0.819207
[6400]	training's rmse: 0.629218	valid_1's rmse: 0.818399
[6500]	training's rmse: 0.626488	valid_1's rmse: 0.81811
[6600]	training's rmse: 0.624	valid_1's rmse: 0.817483
[6700]	training's rmse: 0.621495	valid_1's rmse: 0.817354
[6800]	training's rmse: 0.61918	valid_1's rmse: 0.816821
[6900]	training's rmse: 0.616791	valid_1's rmse: 0.816363
[7000]	training's rmse: 0.614337	valid_1's rmse: 0.815954
[7100]	training's rmse: 0.612007	valid_1's rmse: 0.815576
[7200]	training's rmse: 0.609519	valid_1's rmse: 0.814834
[7300]	training's rmse: 0.607142	valid_1's rmse: 0.814372
[7400]	training's rmse: 0.604675	valid_1's rmse: 0.81399
[7500]	training's rmse: 0.602346	valid_1's rmse: 0.814029
[7600]	training's rmse: 0.599977	valid_1's rmse: 0.813606
[7700]	training's rmse: 0.597695	valid_1's rmse: 0.813281
[7800]	training's rmse: 0.595432	valid_1's rmse: 0.812739
[7900]	training's rmse: 0.593108	valid_1's rmse: 0.812278
[8000]	training's rmse: 0.590771	valid_1's rmse: 0.81195
[8100]	training's rmse: 0.588375	valid_1's rmse: 0.811836
[8200]	training's rmse: 0.586161	valid_1's rmse: 0.811824
[8300]	training's rmse: 0.584106	valid_1's rmse: 0.811272
[8400]	training's rmse: 0.581991	valid_1's rmse: 0.811095
[8500]	training's rmse: 0.579779	valid_1's rmse: 0.810721
[8600]	training's rmse: 0.57773	valid_1's rmse: 0.810474
[8700]	training's rmse: 0.57564	valid_1's rmse: 0.810364
[8800]	training's rmse: 0.573558	valid_1's rmse: 0.809674
[8900]	training's rmse: 0.571523	valid_1's rmse: 0.809255
[9000]	training's rmse: 0.569504	valid_1's rmse: 0.809635
----------------------------------------------------------------------------------------------------
Fold 8
[100]	training's rmse: 1.14134	valid_1's rmse: 1.15108
[200]	training's rmse: 1.03318	valid_1's rmse: 1.04828
[300]	training's rmse: 0.975043	valid_1's rmse: 0.997216
[400]	training's rmse: 0.938765	valid_1's rmse: 0.966617
[500]	training's rmse: 0.913201	valid_1's rmse: 0.946437
[600]	training's rmse: 0.8951	valid_1's rmse: 0.933535
[700]	training's rmse: 0.879976	valid_1's rmse: 0.923559
[800]	training's rmse: 0.867734	valid_1's rmse: 0.915367
[900]	training's rmse: 0.856674	valid_1's rmse: 0.909109
[1000]	training's rmse: 0.84678	valid_1's rmse: 0.90397
[1100]	training's rmse: 0.838279	valid_1's rmse: 0.899152
[1200]	training's rmse: 0.83019	valid_1's rmse: 0.895474
[1300]	training's rmse: 0.822638	valid_1's rmse: 0.891473
[1400]	training's rmse: 0.815457	valid_1's rmse: 0.888415
[1500]	training's rmse: 0.808563	valid_1's rmse: 0.8857
[1600]	training's rmse: 0.802318	valid_1's rmse: 0.882745
[1700]	training's rmse: 0.796523	valid_1's rmse: 0.88078
[1800]	training's rmse: 0.790805	valid_1's rmse: 0.878792
[1900]	training's rmse: 0.784861	valid_1's rmse: 0.87623
[2000]	training's rmse: 0.779597	valid_1's rmse: 0.874872
[2100]	training's rmse: 0.774302	valid_1's rmse: 0.87238
[2200]	training's rmse: 0.769238	valid_1's rmse: 0.870852
[2300]	training's rmse: 0.764653	valid_1's rmse: 0.86944
[2400]	training's rmse: 0.759931	valid_1's rmse: 0.867882
[2500]	training's rmse: 0.755667	valid_1's rmse: 0.866506
[2600]	training's rmse: 0.75164	valid_1's rmse: 0.865326
[2700]	training's rmse: 0.747497	valid_1's rmse: 0.86421
[2800]	training's rmse: 0.743524	valid_1's rmse: 0.863401
[2900]	training's rmse: 0.739205	valid_1's rmse: 0.862242
[3000]	training's rmse: 0.73565	valid_1's rmse: 0.861013
[3100]	training's rmse: 0.731776	valid_1's rmse: 0.860156
[3200]	training's rmse: 0.727989	valid_1's rmse: 0.85914
[3300]	training's rmse: 0.724359	valid_1's rmse: 0.858038
[3400]	training's rmse: 0.720702	valid_1's rmse: 0.85731
[3500]	training's rmse: 0.717036	valid_1's rmse: 0.856439
[3600]	training's rmse: 0.713136	valid_1's rmse: 0.8556
[3700]	training's rmse: 0.709598	valid_1's rmse: 0.854646
[3800]	training's rmse: 0.706056	valid_1's rmse: 0.852988
[3900]	training's rmse: 0.70278	valid_1's rmse: 0.852431
[4000]	training's rmse: 0.699267	valid_1's rmse: 0.851842
[4100]	training's rmse: 0.695975	valid_1's rmse: 0.851438
[4200]	training's rmse: 0.692843	valid_1's rmse: 0.850507
[4300]	training's rmse: 0.689783	valid_1's rmse: 0.849816
[4400]	training's rmse: 0.686553	valid_1's rmse: 0.848669
[4500]	training's rmse: 0.683397	valid_1's rmse: 0.847963
[4600]	training's rmse: 0.680298	valid_1's rmse: 0.847078
[4700]	training's rmse: 0.677099	valid_1's rmse: 0.846081
[4800]	training's rmse: 0.67408	valid_1's rmse: 0.845506
[4900]	training's rmse: 0.670977	valid_1's rmse: 0.84477
[5000]	training's rmse: 0.667823	valid_1's rmse: 0.844022
[5100]	training's rmse: 0.664772	valid_1's rmse: 0.843334
[5200]	training's rmse: 0.661702	valid_1's rmse: 0.842701
[5300]	training's rmse: 0.658968	valid_1's rmse: 0.842156
[5400]	training's rmse: 0.656051	valid_1's rmse: 0.841551
[5500]	training's rmse: 0.653284	valid_1's rmse: 0.841256
----------------------------------------------------------------------------------------------------
Fold 9
[100]	training's rmse: 1.14188	valid_1's rmse: 1.12653
[200]	training's rmse: 1.03607	valid_1's rmse: 1.02007
[300]	training's rmse: 0.978723	valid_1's rmse: 0.964474
[400]	training's rmse: 0.942889	valid_1's rmse: 0.930789
[500]	training's rmse: 0.917984	valid_1's rmse: 0.907473
[600]	training's rmse: 0.899918	valid_1's rmse: 0.892494
[700]	training's rmse: 0.8848	valid_1's rmse: 0.880282
[800]	training's rmse: 0.872272	valid_1's rmse: 0.870254
[900]	training's rmse: 0.861745	valid_1's rmse: 0.86269
[1000]	training's rmse: 0.852044	valid_1's rmse: 0.856001
[1100]	training's rmse: 0.843035	valid_1's rmse: 0.850281
[1200]	training's rmse: 0.834801	valid_1's rmse: 0.845635
[1300]	training's rmse: 0.827571	valid_1's rmse: 0.841392
[1400]	training's rmse: 0.820461	valid_1's rmse: 0.837389
[1500]	training's rmse: 0.813736	valid_1's rmse: 0.833609
[1600]	training's rmse: 0.807486	valid_1's rmse: 0.831195
[1700]	training's rmse: 0.801661	valid_1's rmse: 0.828859
[1800]	training's rmse: 0.795698	valid_1's rmse: 0.826461
[1900]	training's rmse: 0.789803	valid_1's rmse: 0.824067
[2000]	training's rmse: 0.784666	valid_1's rmse: 0.822046
[2100]	training's rmse: 0.779395	valid_1's rmse: 0.820309
[2200]	training's rmse: 0.774506	valid_1's rmse: 0.818665
[2300]	training's rmse: 0.769592	valid_1's rmse: 0.817107
[2400]	training's rmse: 0.764766	valid_1's rmse: 0.815088
[2500]	training's rmse: 0.760091	valid_1's rmse: 0.813588
[2600]	training's rmse: 0.755326	valid_1's rmse: 0.811938
[2700]	training's rmse: 0.750935	valid_1's rmse: 0.810152
[2800]	training's rmse: 0.746589	valid_1's rmse: 0.808879
[2900]	training's rmse: 0.742531	valid_1's rmse: 0.807635
[3000]	training's rmse: 0.738574	valid_1's rmse: 0.806499
[3100]	training's rmse: 0.734448	valid_1's rmse: 0.80548
[3200]	training's rmse: 0.730555	valid_1's rmse: 0.804499
[3300]	training's rmse: 0.726567	valid_1's rmse: 0.803426
[3400]	training's rmse: 0.722845	valid_1's rmse: 0.802535
[3500]	training's rmse: 0.718865	valid_1's rmse: 0.801645
[3600]	training's rmse: 0.715515	valid_1's rmse: 0.800717
[3700]	training's rmse: 0.711789	valid_1's rmse: 0.799894
[3800]	training's rmse: 0.708339	valid_1's rmse: 0.79878
[3900]	training's rmse: 0.704844	valid_1's rmse: 0.798407
[4000]	training's rmse: 0.701267	valid_1's rmse: 0.797734
[4100]	training's rmse: 0.697779	valid_1's rmse: 0.797278
[4200]	training's rmse: 0.694437	valid_1's rmse: 0.796435
[4300]	training's rmse: 0.691132	valid_1's rmse: 0.795528
[4400]	training's rmse: 0.687613	valid_1's rmse: 0.79483
[4500]	training's rmse: 0.684554	valid_1's rmse: 0.79431
[4600]	training's rmse: 0.681232	valid_1's rmse: 0.793802
[4700]	training's rmse: 0.677777	valid_1's rmse: 0.793273
[4800]	training's rmse: 0.674685	valid_1's rmse: 0.793152
[4900]	training's rmse: 0.671592	valid_1's rmse: 0.79252
[5000]	training's rmse: 0.668401	valid_1's rmse: 0.791623
[5100]	training's rmse: 0.665346	valid_1's rmse: 0.79131
[5200]	training's rmse: 0.662454	valid_1's rmse: 0.791074
[5300]	training's rmse: 0.65945	valid_1's rmse: 0.790715
[5400]	training's rmse: 0.656636	valid_1's rmse: 0.790504
[5500]	training's rmse: 0.65355	valid_1's rmse: 0.790162
[5600]	training's rmse: 0.650525	valid_1's rmse: 0.789636
[5700]	training's rmse: 0.647749	valid_1's rmse: 0.789096
[5800]	training's rmse: 0.645084	valid_1's rmse: 0.788543
[5900]	training's rmse: 0.642186	valid_1's rmse: 0.787881
[6000]	training's rmse: 0.639404	valid_1's rmse: 0.787562
[6100]	training's rmse: 0.636729	valid_1's rmse: 0.787045
[6200]	training's rmse: 0.63408	valid_1's rmse: 0.786784
[6300]	training's rmse: 0.631551	valid_1's rmse: 0.786502
[6400]	training's rmse: 0.629095	valid_1's rmse: 0.786238
[6500]	training's rmse: 0.626526	valid_1's rmse: 0.786015
[6600]	training's rmse: 0.624009	valid_1's rmse: 0.785666
[6700]	training's rmse: 0.621584	valid_1's rmse: 0.78539
[6800]	training's rmse: 0.618962	valid_1's rmse: 0.784973
[6900]	training's rmse: 0.616473	valid_1's rmse: 0.784671
[7000]	training's rmse: 0.613993	valid_1's rmse: 0.784209
[7100]	training's rmse: 0.611461	valid_1's rmse: 0.783869
[7200]	training's rmse: 0.608915	valid_1's rmse: 0.783447
[7300]	training's rmse: 0.606659	valid_1's rmse: 0.783313
[7400]	training's rmse: 0.6043	valid_1's rmse: 0.783312
----------------------------------------------------------------------------------------------------
Fold 10
[100]	training's rmse: 1.1379	valid_1's rmse: 1.15663
[200]	training's rmse: 1.03253	valid_1's rmse: 1.05494
[300]	training's rmse: 0.974752	valid_1's rmse: 0.999368
[400]	training's rmse: 0.938353	valid_1's rmse: 0.966417
[500]	training's rmse: 0.912799	valid_1's rmse: 0.94426
[600]	training's rmse: 0.894632	valid_1's rmse: 0.929269
[700]	training's rmse: 0.880274	valid_1's rmse: 0.917673
[800]	training's rmse: 0.867748	valid_1's rmse: 0.909241
[900]	training's rmse: 0.856662	valid_1's rmse: 0.901041
[1000]	training's rmse: 0.846459	valid_1's rmse: 0.895108
[1100]	training's rmse: 0.837994	valid_1's rmse: 0.89023
[1200]	training's rmse: 0.829906	valid_1's rmse: 0.886341
[1300]	training's rmse: 0.822301	valid_1's rmse: 0.882197
[1400]	training's rmse: 0.815583	valid_1's rmse: 0.878486
[1500]	training's rmse: 0.809069	valid_1's rmse: 0.87531
[1600]	training's rmse: 0.802898	valid_1's rmse: 0.872091
[1700]	training's rmse: 0.797272	valid_1's rmse: 0.869502
[1800]	training's rmse: 0.791601	valid_1's rmse: 0.867162
[1900]	training's rmse: 0.786166	valid_1's rmse: 0.865027
[2000]	training's rmse: 0.780573	valid_1's rmse: 0.862878
[2100]	training's rmse: 0.775269	valid_1's rmse: 0.860927
[2200]	training's rmse: 0.770669	valid_1's rmse: 0.859278
[2300]	training's rmse: 0.76563	valid_1's rmse: 0.857193
[2400]	training's rmse: 0.761268	valid_1's rmse: 0.856112
[2500]	training's rmse: 0.756694	valid_1's rmse: 0.854654
[2600]	training's rmse: 0.75244	valid_1's rmse: 0.852909
[2700]	training's rmse: 0.748189	valid_1's rmse: 0.85124
[2800]	training's rmse: 0.74414	valid_1's rmse: 0.849938
[2900]	training's rmse: 0.74009	valid_1's rmse: 0.848385
[3000]	training's rmse: 0.736126	valid_1's rmse: 0.846995
[3100]	training's rmse: 0.732099	valid_1's rmse: 0.845852
[3200]	training's rmse: 0.728094	valid_1's rmse: 0.844901
[3300]	training's rmse: 0.724227	valid_1's rmse: 0.84387
[3400]	training's rmse: 0.720683	valid_1's rmse: 0.842282
[3500]	training's rmse: 0.717087	valid_1's rmse: 0.841057
[3600]	training's rmse: 0.713473	valid_1's rmse: 0.839846
[3700]	training's rmse: 0.709994	valid_1's rmse: 0.838953
[3800]	training's rmse: 0.706449	valid_1's rmse: 0.838119
[3900]	training's rmse: 0.703174	valid_1's rmse: 0.837152
[4000]	training's rmse: 0.699955	valid_1's rmse: 0.836282
[4100]	training's rmse: 0.696696	valid_1's rmse: 0.835736
[4200]	training's rmse: 0.693538	valid_1's rmse: 0.834797
[4300]	training's rmse: 0.690349	valid_1's rmse: 0.834146
[4400]	training's rmse: 0.687269	valid_1's rmse: 0.833094
[4500]	training's rmse: 0.684056	valid_1's rmse: 0.832515
[4600]	training's rmse: 0.681016	valid_1's rmse: 0.831429
[4700]	training's rmse: 0.678046	valid_1's rmse: 0.830526
[4800]	training's rmse: 0.674913	valid_1's rmse: 0.829854
[4900]	training's rmse: 0.67208	valid_1's rmse: 0.829382
[5000]	training's rmse: 0.669091	valid_1's rmse: 0.828624
[5100]	training's rmse: 0.666233	valid_1's rmse: 0.828306
[5200]	training's rmse: 0.663154	valid_1's rmse: 0.827655
[5300]	training's rmse: 0.66051	valid_1's rmse: 0.827105
[5400]	training's rmse: 0.657639	valid_1's rmse: 0.82647
[5500]	training's rmse: 0.654596	valid_1's rmse: 0.825982
[5600]	training's rmse: 0.65183	valid_1's rmse: 0.824963
[5700]	training's rmse: 0.649066	valid_1's rmse: 0.824579
[5800]	training's rmse: 0.646254	valid_1's rmse: 0.824161
[5900]	training's rmse: 0.643567	valid_1's rmse: 0.823669
[6000]	training's rmse: 0.640837	valid_1's rmse: 0.823235
[6100]	training's rmse: 0.638137	valid_1's rmse: 0.822658
[6200]	training's rmse: 0.635562	valid_1's rmse: 0.822313
[6300]	training's rmse: 0.632968	valid_1's rmse: 0.821741
[6400]	training's rmse: 0.630272	valid_1's rmse: 0.821201
[6500]	training's rmse: 0.627702	valid_1's rmse: 0.820731
[6600]	training's rmse: 0.624968	valid_1's rmse: 0.820439
[6700]	training's rmse: 0.622454	valid_1's rmse: 0.820183
[6800]	training's rmse: 0.620018	valid_1's rmse: 0.819544
[6900]	training's rmse: 0.6174	valid_1's rmse: 0.819361
[7000]	training's rmse: 0.614931	valid_1's rmse: 0.819083
[7100]	training's rmse: 0.612665	valid_1's rmse: 0.818451
[7200]	training's rmse: 0.610168	valid_1's rmse: 0.817676
[7300]	training's rmse: 0.607763	valid_1's rmse: 0.81736
[7400]	training's rmse: 0.605355	valid_1's rmse: 0.816908
[7500]	training's rmse: 0.602891	valid_1's rmse: 0.816729
[7600]	training's rmse: 0.600584	valid_1's rmse: 0.81624
[7700]	training's rmse: 0.598304	valid_1's rmse: 0.816084
[7800]	training's rmse: 0.596137	valid_1's rmse: 0.815696
[7900]	training's rmse: 0.593935	valid_1's rmse: 0.815534
[8000]	training's rmse: 0.591656	valid_1's rmse: 0.815208
[8100]	training's rmse: 0.589373	valid_1's rmse: 0.814499
[8200]	training's rmse: 0.587213	valid_1's rmse: 0.813875
[8300]	training's rmse: 0.58497	valid_1's rmse: 0.813578
[8400]	training's rmse: 0.582822	valid_1's rmse: 0.813128
[8500]	training's rmse: 0.580605	valid_1's rmse: 0.812879
##### feature importance #####
                                   importance
feature                                      
Year_of_Release                  31110.034957
User_Momentum                    26879.504496
publisher_Platform_pca_4         25717.945059
User_Count                       24691.440443
Platform_PC                      19471.405565
Critic_Momentum                  18220.015433
publisher_Rating_pca_0           16315.720161
Critic_Count                     10421.310627
publisher_Genre_pca_0            10162.103283
num_series                        9968.847935
Platform_Year_of_Release          9918.402238
name_bert_pca_1                   9253.720135
Platform_Rating                   6693.646624
num_series_norm                   6495.175413
publisher_Genre_pca_3             6277.560580
Critic_Score                      5024.320880
series_lifespan                   4939.097715
publisher_Platform_pca_1          4919.604586
publisher_Genre_pca_5             4899.053597
Name                              4767.602069
name_bert_pca_4                   4678.239666
Platform_Genre                    4599.042652
pub_bert_pca_22                   4379.544675
publisher_Year_of_Release_pca_6   4308.677220
publisher_Platform_pca_0          3769.550794
User_Score                        3544.690215
name_bert_pca_0                   3442.820682
publisher_Year_of_Release_pca_1   3420.340753
publisher_Platform_pca_3          3370.294489
name_bert_pca_12                  3156.414998
pub_bert_pca_13                   3059.919512
publisher_Rating_pca_1            3008.494156
name_bert_pca_17                  2936.178728
name_bert_pca_7                   2910.750707
pub_bert_pca_25                   2882.380841
name_bert_pca_22                  2804.757220
publisher_Genre_pca_2             2472.199215
name_bert_pca_10                  2252.503798
name_bert_pca_30                  2199.327759
name_bert_pca_3                   2195.780896
name_bert_pca_2                   2184.014992
name_bert_pca_44                  2117.092909
name_bert_pca_14                  2117.013680
publisher_Year_of_Release_pca_0   2075.129154
name_bert_pca_39                  1999.008669
name_bert_pca_43                  1976.005595
name_bert_pca_5                   1970.360460
name_bert_pca_27                  1863.496314
name_bert_pca_38                  1796.143969
name_bert_pca_13                  1781.124963
cv_score_fold_mean: 0.818150548562277
