logs/exp037.log
feature using: ['Base_6', 'BertPCA50', 'Momentum', 'Interaction', 'SimultaneousPlatformCount', 'PublisherPCA', 'DeveloperPCA', 'Series', 'NumSeries', 'NumSeriesNormalized', 'SeriesLifespan']
----------------------------------------------------------------------------------------------------
Fold 1
[100]	training's rmse: 1.08096	valid_1's rmse: 1.08163
[200]	training's rmse: 0.959069	valid_1's rmse: 0.976366
[300]	training's rmse: 0.896918	valid_1's rmse: 0.927844
[400]	training's rmse: 0.85829	valid_1's rmse: 0.901292
[500]	training's rmse: 0.832243	valid_1's rmse: 0.8846
[600]	training's rmse: 0.811702	valid_1's rmse: 0.874132
[700]	training's rmse: 0.794109	valid_1's rmse: 0.865471
[800]	training's rmse: 0.778554	valid_1's rmse: 0.859235
[900]	training's rmse: 0.764254	valid_1's rmse: 0.854041
[1000]	training's rmse: 0.750701	valid_1's rmse: 0.849601
[1100]	training's rmse: 0.738002	valid_1's rmse: 0.845934
[1200]	training's rmse: 0.726897	valid_1's rmse: 0.843516
[1300]	training's rmse: 0.715744	valid_1's rmse: 0.840437
[1400]	training's rmse: 0.704854	valid_1's rmse: 0.837345
[1500]	training's rmse: 0.69456	valid_1's rmse: 0.834644
[1600]	training's rmse: 0.685325	valid_1's rmse: 0.832626
[1700]	training's rmse: 0.676473	valid_1's rmse: 0.830497
[1800]	training's rmse: 0.666985	valid_1's rmse: 0.829153
[1900]	training's rmse: 0.658936	valid_1's rmse: 0.827581
[2000]	training's rmse: 0.650413	valid_1's rmse: 0.825942
[2100]	training's rmse: 0.641879	valid_1's rmse: 0.824261
[2200]	training's rmse: 0.633583	valid_1's rmse: 0.822523
[2300]	training's rmse: 0.626222	valid_1's rmse: 0.82129
[2400]	training's rmse: 0.618312	valid_1's rmse: 0.819928
[2500]	training's rmse: 0.61115	valid_1's rmse: 0.818395
[2600]	training's rmse: 0.603801	valid_1's rmse: 0.817711
[2700]	training's rmse: 0.596707	valid_1's rmse: 0.816376
[2800]	training's rmse: 0.589465	valid_1's rmse: 0.815317
[2900]	training's rmse: 0.582502	valid_1's rmse: 0.81395
[3000]	training's rmse: 0.575936	valid_1's rmse: 0.812731
[3100]	training's rmse: 0.569623	valid_1's rmse: 0.811469
[3200]	training's rmse: 0.563223	valid_1's rmse: 0.81007
[3300]	training's rmse: 0.55731	valid_1's rmse: 0.809297
[3400]	training's rmse: 0.551453	valid_1's rmse: 0.808545
[3500]	training's rmse: 0.545654	valid_1's rmse: 0.807893
[3600]	training's rmse: 0.539738	valid_1's rmse: 0.807444
[3700]	training's rmse: 0.534067	valid_1's rmse: 0.807137
[3800]	training's rmse: 0.528356	valid_1's rmse: 0.806473
[3900]	training's rmse: 0.522893	valid_1's rmse: 0.80566
[4000]	training's rmse: 0.517536	valid_1's rmse: 0.805009
[4100]	training's rmse: 0.512424	valid_1's rmse: 0.804682
[4200]	training's rmse: 0.507242	valid_1's rmse: 0.803817
[4300]	training's rmse: 0.502195	valid_1's rmse: 0.80367
[4400]	training's rmse: 0.497283	valid_1's rmse: 0.803426
[4500]	training's rmse: 0.492196	valid_1's rmse: 0.80242
[4600]	training's rmse: 0.487205	valid_1's rmse: 0.801631
[4700]	training's rmse: 0.48257	valid_1's rmse: 0.801283
[4800]	training's rmse: 0.478249	valid_1's rmse: 0.800995
[4900]	training's rmse: 0.473563	valid_1's rmse: 0.800363
[5000]	training's rmse: 0.469298	valid_1's rmse: 0.799996
[5100]	training's rmse: 0.464931	valid_1's rmse: 0.799441
[5200]	training's rmse: 0.460445	valid_1's rmse: 0.799151
[5300]	training's rmse: 0.456329	valid_1's rmse: 0.798662
[5400]	training's rmse: 0.452029	valid_1's rmse: 0.798271
[5500]	training's rmse: 0.447724	valid_1's rmse: 0.798071
[5600]	training's rmse: 0.443888	valid_1's rmse: 0.797779
[5700]	training's rmse: 0.439865	valid_1's rmse: 0.797693
[5800]	training's rmse: 0.43622	valid_1's rmse: 0.797559
[5900]	training's rmse: 0.432421	valid_1's rmse: 0.79713
[6000]	training's rmse: 0.428675	valid_1's rmse: 0.79719
----------------------------------------------------------------------------------------------------
Fold 2
[100]	training's rmse: 1.08065	valid_1's rmse: 1.09158
[200]	training's rmse: 0.959361	valid_1's rmse: 0.980769
[300]	training's rmse: 0.896438	valid_1's rmse: 0.930617
[400]	training's rmse: 0.857949	valid_1's rmse: 0.904834
[500]	training's rmse: 0.831515	valid_1's rmse: 0.89077
[600]	training's rmse: 0.810957	valid_1's rmse: 0.882075
[700]	training's rmse: 0.792553	valid_1's rmse: 0.8759
[800]	training's rmse: 0.777039	valid_1's rmse: 0.870607
[900]	training's rmse: 0.761782	valid_1's rmse: 0.866831
[1000]	training's rmse: 0.747989	valid_1's rmse: 0.864321
[1100]	training's rmse: 0.734876	valid_1's rmse: 0.861536
[1200]	training's rmse: 0.722617	valid_1's rmse: 0.859699
[1300]	training's rmse: 0.712161	valid_1's rmse: 0.858229
[1400]	training's rmse: 0.70208	valid_1's rmse: 0.856646
[1500]	training's rmse: 0.69188	valid_1's rmse: 0.855098
[1600]	training's rmse: 0.682768	valid_1's rmse: 0.853706
[1700]	training's rmse: 0.67337	valid_1's rmse: 0.852881
[1800]	training's rmse: 0.663603	valid_1's rmse: 0.851964
[1900]	training's rmse: 0.655213	valid_1's rmse: 0.851327
[2000]	training's rmse: 0.646735	valid_1's rmse: 0.850377
[2100]	training's rmse: 0.638404	valid_1's rmse: 0.849814
[2200]	training's rmse: 0.630618	valid_1's rmse: 0.849213
[2300]	training's rmse: 0.623192	valid_1's rmse: 0.848098
[2400]	training's rmse: 0.616164	valid_1's rmse: 0.847184
[2500]	training's rmse: 0.609112	valid_1's rmse: 0.84603
[2600]	training's rmse: 0.601974	valid_1's rmse: 0.845506
[2700]	training's rmse: 0.594357	valid_1's rmse: 0.844873
[2800]	training's rmse: 0.587589	valid_1's rmse: 0.844625
[2900]	training's rmse: 0.580478	valid_1's rmse: 0.844183
[3000]	training's rmse: 0.574106	valid_1's rmse: 0.843207
[3100]	training's rmse: 0.567661	valid_1's rmse: 0.842901
----------------------------------------------------------------------------------------------------
Fold 3
[100]	training's rmse: 1.08143	valid_1's rmse: 1.09031
[200]	training's rmse: 0.95996	valid_1's rmse: 0.985281
[300]	training's rmse: 0.897642	valid_1's rmse: 0.936114
[400]	training's rmse: 0.860074	valid_1's rmse: 0.907984
[500]	training's rmse: 0.834265	valid_1's rmse: 0.890036
[600]	training's rmse: 0.814029	valid_1's rmse: 0.877066
[700]	training's rmse: 0.796834	valid_1's rmse: 0.866699
[800]	training's rmse: 0.781442	valid_1's rmse: 0.857473
[900]	training's rmse: 0.767993	valid_1's rmse: 0.849884
[1000]	training's rmse: 0.754658	valid_1's rmse: 0.842888
[1100]	training's rmse: 0.742016	valid_1's rmse: 0.836796
[1200]	training's rmse: 0.729909	valid_1's rmse: 0.82997
[1300]	training's rmse: 0.719528	valid_1's rmse: 0.824733
[1400]	training's rmse: 0.709494	valid_1's rmse: 0.819408
[1500]	training's rmse: 0.699534	valid_1's rmse: 0.814885
[1600]	training's rmse: 0.689749	valid_1's rmse: 0.81082
[1700]	training's rmse: 0.680885	valid_1's rmse: 0.806713
[1800]	training's rmse: 0.671617	valid_1's rmse: 0.802922
[1900]	training's rmse: 0.662706	valid_1's rmse: 0.799751
[2000]	training's rmse: 0.654578	valid_1's rmse: 0.796778
[2100]	training's rmse: 0.646683	valid_1's rmse: 0.793598
[2200]	training's rmse: 0.637938	valid_1's rmse: 0.791047
[2300]	training's rmse: 0.630359	valid_1's rmse: 0.788382
[2400]	training's rmse: 0.622948	valid_1's rmse: 0.785686
[2500]	training's rmse: 0.616055	valid_1's rmse: 0.783714
[2600]	training's rmse: 0.608821	valid_1's rmse: 0.781665
[2700]	training's rmse: 0.602008	valid_1's rmse: 0.779716
[2800]	training's rmse: 0.594685	valid_1's rmse: 0.777746
[2900]	training's rmse: 0.588152	valid_1's rmse: 0.77575
[3000]	training's rmse: 0.581817	valid_1's rmse: 0.774299
[3100]	training's rmse: 0.575745	valid_1's rmse: 0.77279
[3200]	training's rmse: 0.569494	valid_1's rmse: 0.771334
[3300]	training's rmse: 0.563108	valid_1's rmse: 0.769842
[3400]	training's rmse: 0.557069	valid_1's rmse: 0.768718
[3500]	training's rmse: 0.551112	valid_1's rmse: 0.767351
[3600]	training's rmse: 0.545232	valid_1's rmse: 0.766121
[3700]	training's rmse: 0.539455	valid_1's rmse: 0.764659
[3800]	training's rmse: 0.533983	valid_1's rmse: 0.764019
[3900]	training's rmse: 0.528441	valid_1's rmse: 0.762697
[4000]	training's rmse: 0.522567	valid_1's rmse: 0.761466
[4100]	training's rmse: 0.517167	valid_1's rmse: 0.760269
[4200]	training's rmse: 0.512229	valid_1's rmse: 0.759075
[4300]	training's rmse: 0.50747	valid_1's rmse: 0.757813
[4400]	training's rmse: 0.502502	valid_1's rmse: 0.756391
[4500]	training's rmse: 0.497634	valid_1's rmse: 0.755371
[4600]	training's rmse: 0.492887	valid_1's rmse: 0.754261
[4700]	training's rmse: 0.488562	valid_1's rmse: 0.753632
[4800]	training's rmse: 0.484088	valid_1's rmse: 0.752899
[4900]	training's rmse: 0.479576	valid_1's rmse: 0.752057
[5000]	training's rmse: 0.475304	valid_1's rmse: 0.751438
[5100]	training's rmse: 0.470782	valid_1's rmse: 0.750652
[5200]	training's rmse: 0.466201	valid_1's rmse: 0.749962
[5300]	training's rmse: 0.461967	valid_1's rmse: 0.749349
[5400]	training's rmse: 0.458	valid_1's rmse: 0.749142
[5500]	training's rmse: 0.454113	valid_1's rmse: 0.748696
[5600]	training's rmse: 0.449996	valid_1's rmse: 0.748311
[5700]	training's rmse: 0.445952	valid_1's rmse: 0.74754
[5800]	training's rmse: 0.442007	valid_1's rmse: 0.746917
[5900]	training's rmse: 0.438357	valid_1's rmse: 0.746397
[6000]	training's rmse: 0.434543	valid_1's rmse: 0.746024
[6100]	training's rmse: 0.430812	valid_1's rmse: 0.74563
[6200]	training's rmse: 0.427216	valid_1's rmse: 0.745459
[6300]	training's rmse: 0.423615	valid_1's rmse: 0.745006
[6400]	training's rmse: 0.419994	valid_1's rmse: 0.744619
[6500]	training's rmse: 0.41662	valid_1's rmse: 0.744178
[6600]	training's rmse: 0.412962	valid_1's rmse: 0.743837
[6700]	training's rmse: 0.409445	valid_1's rmse: 0.743175
[6800]	training's rmse: 0.406326	valid_1's rmse: 0.742751
[6900]	training's rmse: 0.403094	valid_1's rmse: 0.742399
[7000]	training's rmse: 0.399829	valid_1's rmse: 0.742101
[7100]	training's rmse: 0.396557	valid_1's rmse: 0.741742
[7200]	training's rmse: 0.393533	valid_1's rmse: 0.741183
[7300]	training's rmse: 0.390463	valid_1's rmse: 0.741004
[7400]	training's rmse: 0.38736	valid_1's rmse: 0.740692
[7500]	training's rmse: 0.384402	valid_1's rmse: 0.740395
[7600]	training's rmse: 0.381224	valid_1's rmse: 0.739915
[7700]	training's rmse: 0.378286	valid_1's rmse: 0.739808
----------------------------------------------------------------------------------------------------
Fold 4
[100]	training's rmse: 1.0787	valid_1's rmse: 1.09913
[200]	training's rmse: 0.95767	valid_1's rmse: 0.991604
[300]	training's rmse: 0.895533	valid_1's rmse: 0.943251
[400]	training's rmse: 0.858189	valid_1's rmse: 0.91685
[500]	training's rmse: 0.832413	valid_1's rmse: 0.901133
[600]	training's rmse: 0.812956	valid_1's rmse: 0.891675
[700]	training's rmse: 0.79469	valid_1's rmse: 0.883589
[800]	training's rmse: 0.779116	valid_1's rmse: 0.87828
[900]	training's rmse: 0.763873	valid_1's rmse: 0.873686
[1000]	training's rmse: 0.750166	valid_1's rmse: 0.870087
[1100]	training's rmse: 0.737793	valid_1's rmse: 0.867778
[1200]	training's rmse: 0.726026	valid_1's rmse: 0.86541
[1300]	training's rmse: 0.714909	valid_1's rmse: 0.862933
[1400]	training's rmse: 0.705012	valid_1's rmse: 0.861389
[1500]	training's rmse: 0.695194	valid_1's rmse: 0.86019
[1600]	training's rmse: 0.685898	valid_1's rmse: 0.858545
[1700]	training's rmse: 0.67626	valid_1's rmse: 0.85728
[1800]	training's rmse: 0.667606	valid_1's rmse: 0.856243
[1900]	training's rmse: 0.658687	valid_1's rmse: 0.855321
[2000]	training's rmse: 0.650277	valid_1's rmse: 0.854178
[2100]	training's rmse: 0.642541	valid_1's rmse: 0.853317
[2200]	training's rmse: 0.634363	valid_1's rmse: 0.852068
[2300]	training's rmse: 0.626523	valid_1's rmse: 0.851396
[2400]	training's rmse: 0.618916	valid_1's rmse: 0.849885
[2500]	training's rmse: 0.611349	valid_1's rmse: 0.848526
[2600]	training's rmse: 0.603695	valid_1's rmse: 0.847449
[2700]	training's rmse: 0.596356	valid_1's rmse: 0.846654
[2800]	training's rmse: 0.589437	valid_1's rmse: 0.845953
[2900]	training's rmse: 0.58265	valid_1's rmse: 0.845212
[3000]	training's rmse: 0.576386	valid_1's rmse: 0.844521
[3100]	training's rmse: 0.570275	valid_1's rmse: 0.843878
[3200]	training's rmse: 0.563652	valid_1's rmse: 0.843363
[3300]	training's rmse: 0.557623	valid_1's rmse: 0.842797
[3400]	training's rmse: 0.551649	valid_1's rmse: 0.842459
[3500]	training's rmse: 0.545886	valid_1's rmse: 0.842674
----------------------------------------------------------------------------------------------------
Fold 5
[100]	training's rmse: 1.08371	valid_1's rmse: 1.0832
[200]	training's rmse: 0.964438	valid_1's rmse: 0.963059
[300]	training's rmse: 0.903503	valid_1's rmse: 0.904122
[400]	training's rmse: 0.866137	valid_1's rmse: 0.870414
[500]	training's rmse: 0.839521	valid_1's rmse: 0.848006
[600]	training's rmse: 0.818443	valid_1's rmse: 0.832779
[700]	training's rmse: 0.801431	valid_1's rmse: 0.821746
[800]	training's rmse: 0.786094	valid_1's rmse: 0.813855
[900]	training's rmse: 0.771564	valid_1's rmse: 0.806442
[1000]	training's rmse: 0.758012	valid_1's rmse: 0.800924
[1100]	training's rmse: 0.745286	valid_1's rmse: 0.796473
[1200]	training's rmse: 0.733429	valid_1's rmse: 0.791651
[1300]	training's rmse: 0.722315	valid_1's rmse: 0.787871
[1400]	training's rmse: 0.711833	valid_1's rmse: 0.784305
[1500]	training's rmse: 0.701879	valid_1's rmse: 0.781741
[1600]	training's rmse: 0.691733	valid_1's rmse: 0.779259
[1700]	training's rmse: 0.682041	valid_1's rmse: 0.77644
[1800]	training's rmse: 0.67202	valid_1's rmse: 0.773686
[1900]	training's rmse: 0.662438	valid_1's rmse: 0.77143
[2000]	training's rmse: 0.653326	valid_1's rmse: 0.769049
[2100]	training's rmse: 0.644771	valid_1's rmse: 0.767291
[2200]	training's rmse: 0.636479	valid_1's rmse: 0.765262
[2300]	training's rmse: 0.628791	valid_1's rmse: 0.763807
[2400]	training's rmse: 0.621014	valid_1's rmse: 0.762925
[2500]	training's rmse: 0.613585	valid_1's rmse: 0.761538
[2600]	training's rmse: 0.606279	valid_1's rmse: 0.760329
[2700]	training's rmse: 0.599115	valid_1's rmse: 0.75861
[2800]	training's rmse: 0.592431	valid_1's rmse: 0.757106
[2900]	training's rmse: 0.585651	valid_1's rmse: 0.755565
[3000]	training's rmse: 0.579253	valid_1's rmse: 0.754212
[3100]	training's rmse: 0.572807	valid_1's rmse: 0.753524
[3200]	training's rmse: 0.565779	valid_1's rmse: 0.752699
[3300]	training's rmse: 0.559366	valid_1's rmse: 0.752421
[3400]	training's rmse: 0.553294	valid_1's rmse: 0.751584
[3500]	training's rmse: 0.547452	valid_1's rmse: 0.750723
[3600]	training's rmse: 0.542129	valid_1's rmse: 0.750132
[3700]	training's rmse: 0.536618	valid_1's rmse: 0.749531
[3800]	training's rmse: 0.530683	valid_1's rmse: 0.748698
[3900]	training's rmse: 0.525075	valid_1's rmse: 0.74811
[4000]	training's rmse: 0.519684	valid_1's rmse: 0.747605
[4100]	training's rmse: 0.514157	valid_1's rmse: 0.74708
[4200]	training's rmse: 0.509199	valid_1's rmse: 0.746604
[4300]	training's rmse: 0.504024	valid_1's rmse: 0.746092
[4400]	training's rmse: 0.498964	valid_1's rmse: 0.74529
[4500]	training's rmse: 0.493814	valid_1's rmse: 0.744847
[4600]	training's rmse: 0.488884	valid_1's rmse: 0.744531
----------------------------------------------------------------------------------------------------
Fold 6
[100]	training's rmse: 1.07369	valid_1's rmse: 1.14669
[200]	training's rmse: 0.951448	valid_1's rmse: 1.04955
[300]	training's rmse: 0.889584	valid_1's rmse: 1.0021
[400]	training's rmse: 0.851339	valid_1's rmse: 0.97274
[500]	training's rmse: 0.825982	valid_1's rmse: 0.954966
[600]	training's rmse: 0.805493	valid_1's rmse: 0.942718
[700]	training's rmse: 0.788884	valid_1's rmse: 0.932882
[800]	training's rmse: 0.773974	valid_1's rmse: 0.924429
[900]	training's rmse: 0.759702	valid_1's rmse: 0.916733
[1000]	training's rmse: 0.746967	valid_1's rmse: 0.911333
[1100]	training's rmse: 0.734756	valid_1's rmse: 0.906348
[1200]	training's rmse: 0.723582	valid_1's rmse: 0.901337
[1300]	training's rmse: 0.712827	valid_1's rmse: 0.896545
[1400]	training's rmse: 0.701911	valid_1's rmse: 0.892507
[1500]	training's rmse: 0.69207	valid_1's rmse: 0.889024
[1600]	training's rmse: 0.682556	valid_1's rmse: 0.885638
[1700]	training's rmse: 0.673658	valid_1's rmse: 0.882587
[1800]	training's rmse: 0.665151	valid_1's rmse: 0.880431
[1900]	training's rmse: 0.656847	valid_1's rmse: 0.877893
[2000]	training's rmse: 0.648409	valid_1's rmse: 0.875166
[2100]	training's rmse: 0.639991	valid_1's rmse: 0.872518
[2200]	training's rmse: 0.631594	valid_1's rmse: 0.870754
[2300]	training's rmse: 0.624217	valid_1's rmse: 0.86908
[2400]	training's rmse: 0.616912	valid_1's rmse: 0.866671
[2500]	training's rmse: 0.609546	valid_1's rmse: 0.864155
[2600]	training's rmse: 0.602505	valid_1's rmse: 0.86239
[2700]	training's rmse: 0.5958	valid_1's rmse: 0.86025
[2800]	training's rmse: 0.589136	valid_1's rmse: 0.858544
[2900]	training's rmse: 0.582473	valid_1's rmse: 0.857201
[3000]	training's rmse: 0.57605	valid_1's rmse: 0.855902
[3100]	training's rmse: 0.569508	valid_1's rmse: 0.854232
[3200]	training's rmse: 0.563257	valid_1's rmse: 0.853252
[3300]	training's rmse: 0.557058	valid_1's rmse: 0.852513
[3400]	training's rmse: 0.550832	valid_1's rmse: 0.85117
[3500]	training's rmse: 0.545067	valid_1's rmse: 0.850219
[3600]	training's rmse: 0.539383	valid_1's rmse: 0.848888
[3700]	training's rmse: 0.533808	valid_1's rmse: 0.847758
[3800]	training's rmse: 0.527848	valid_1's rmse: 0.846824
[3900]	training's rmse: 0.522692	valid_1's rmse: 0.846141
[4000]	training's rmse: 0.516983	valid_1's rmse: 0.845034
[4100]	training's rmse: 0.511777	valid_1's rmse: 0.844021
[4200]	training's rmse: 0.506443	valid_1's rmse: 0.843377
[4300]	training's rmse: 0.501743	valid_1's rmse: 0.842543
[4400]	training's rmse: 0.496571	valid_1's rmse: 0.841734
[4500]	training's rmse: 0.491715	valid_1's rmse: 0.84084
[4600]	training's rmse: 0.48698	valid_1's rmse: 0.839994
[4700]	training's rmse: 0.482206	valid_1's rmse: 0.839384
[4800]	training's rmse: 0.47776	valid_1's rmse: 0.838498
[4900]	training's rmse: 0.47325	valid_1's rmse: 0.837987
[5000]	training's rmse: 0.468944	valid_1's rmse: 0.837211
[5100]	training's rmse: 0.464771	valid_1's rmse: 0.836605
[5200]	training's rmse: 0.460117	valid_1's rmse: 0.835781
[5300]	training's rmse: 0.456176	valid_1's rmse: 0.83534
[5400]	training's rmse: 0.451753	valid_1's rmse: 0.834998
[5500]	training's rmse: 0.447854	valid_1's rmse: 0.834452
[5600]	training's rmse: 0.443938	valid_1's rmse: 0.833996
[5700]	training's rmse: 0.439878	valid_1's rmse: 0.833404
[5800]	training's rmse: 0.435993	valid_1's rmse: 0.83286
[5900]	training's rmse: 0.432252	valid_1's rmse: 0.832216
[6000]	training's rmse: 0.428466	valid_1's rmse: 0.831607
[6100]	training's rmse: 0.424961	valid_1's rmse: 0.83137
[6200]	training's rmse: 0.421635	valid_1's rmse: 0.831116
[6300]	training's rmse: 0.418176	valid_1's rmse: 0.831133
[6400]	training's rmse: 0.414404	valid_1's rmse: 0.830816
[6500]	training's rmse: 0.411197	valid_1's rmse: 0.830495
[6600]	training's rmse: 0.407691	valid_1's rmse: 0.830097
[6700]	training's rmse: 0.404484	valid_1's rmse: 0.829862
[6800]	training's rmse: 0.401109	valid_1's rmse: 0.829742
----------------------------------------------------------------------------------------------------
Fold 7
[100]	training's rmse: 1.08102	valid_1's rmse: 1.0886
[200]	training's rmse: 0.958926	valid_1's rmse: 0.983004
[300]	training's rmse: 0.896362	valid_1's rmse: 0.933388
[400]	training's rmse: 0.858279	valid_1's rmse: 0.905304
[500]	training's rmse: 0.831843	valid_1's rmse: 0.887728
[600]	training's rmse: 0.810998	valid_1's rmse: 0.87468
[700]	training's rmse: 0.793772	valid_1's rmse: 0.865287
[800]	training's rmse: 0.777783	valid_1's rmse: 0.857692
[900]	training's rmse: 0.763415	valid_1's rmse: 0.851999
[1000]	training's rmse: 0.749966	valid_1's rmse: 0.846944
[1100]	training's rmse: 0.737588	valid_1's rmse: 0.842715
[1200]	training's rmse: 0.725574	valid_1's rmse: 0.838936
[1300]	training's rmse: 0.714615	valid_1's rmse: 0.835754
[1400]	training's rmse: 0.704177	valid_1's rmse: 0.832818
[1500]	training's rmse: 0.693999	valid_1's rmse: 0.829488
[1600]	training's rmse: 0.684313	valid_1's rmse: 0.826688
[1700]	training's rmse: 0.675068	valid_1's rmse: 0.824778
[1800]	training's rmse: 0.665819	valid_1's rmse: 0.822748
[1900]	training's rmse: 0.656948	valid_1's rmse: 0.820829
[2000]	training's rmse: 0.64857	valid_1's rmse: 0.818597
[2100]	training's rmse: 0.640672	valid_1's rmse: 0.816999
[2200]	training's rmse: 0.632568	valid_1's rmse: 0.815062
[2300]	training's rmse: 0.624683	valid_1's rmse: 0.813886
[2400]	training's rmse: 0.617473	valid_1's rmse: 0.812245
[2500]	training's rmse: 0.610416	valid_1's rmse: 0.811199
[2600]	training's rmse: 0.60332	valid_1's rmse: 0.810249
[2700]	training's rmse: 0.596201	valid_1's rmse: 0.808524
[2800]	training's rmse: 0.589613	valid_1's rmse: 0.808022
[2900]	training's rmse: 0.58284	valid_1's rmse: 0.807016
[3000]	training's rmse: 0.575882	valid_1's rmse: 0.806021
[3100]	training's rmse: 0.569287	valid_1's rmse: 0.805586
[3200]	training's rmse: 0.563092	valid_1's rmse: 0.805142
[3300]	training's rmse: 0.557298	valid_1's rmse: 0.804039
[3400]	training's rmse: 0.5509	valid_1's rmse: 0.803477
[3500]	training's rmse: 0.545114	valid_1's rmse: 0.80237
[3600]	training's rmse: 0.539216	valid_1's rmse: 0.801261
[3700]	training's rmse: 0.533163	valid_1's rmse: 0.800703
[3800]	training's rmse: 0.527729	valid_1's rmse: 0.800252
[3900]	training's rmse: 0.522483	valid_1's rmse: 0.799965
[4000]	training's rmse: 0.517313	valid_1's rmse: 0.799439
[4100]	training's rmse: 0.512038	valid_1's rmse: 0.798682
[4200]	training's rmse: 0.506406	valid_1's rmse: 0.798737
----------------------------------------------------------------------------------------------------
Fold 8
[100]	training's rmse: 1.08249	valid_1's rmse: 1.10289
[200]	training's rmse: 0.958979	valid_1's rmse: 0.9939
[300]	training's rmse: 0.896442	valid_1's rmse: 0.944078
[400]	training's rmse: 0.8575	valid_1's rmse: 0.916793
[500]	training's rmse: 0.830546	valid_1's rmse: 0.899581
[600]	training's rmse: 0.810032	valid_1's rmse: 0.888749
[700]	training's rmse: 0.791913	valid_1's rmse: 0.880327
[800]	training's rmse: 0.776572	valid_1's rmse: 0.873432
[900]	training's rmse: 0.761977	valid_1's rmse: 0.868089
[1000]	training's rmse: 0.748131	valid_1's rmse: 0.863132
[1100]	training's rmse: 0.736386	valid_1's rmse: 0.859
[1200]	training's rmse: 0.725115	valid_1's rmse: 0.855233
[1300]	training's rmse: 0.713876	valid_1's rmse: 0.85214
[1400]	training's rmse: 0.703706	valid_1's rmse: 0.849079
[1500]	training's rmse: 0.693689	valid_1's rmse: 0.846467
[1600]	training's rmse: 0.685364	valid_1's rmse: 0.8447
[1700]	training's rmse: 0.676198	valid_1's rmse: 0.842893
[1800]	training's rmse: 0.667425	valid_1's rmse: 0.841713
[1900]	training's rmse: 0.658781	valid_1's rmse: 0.839858
[2000]	training's rmse: 0.650711	valid_1's rmse: 0.837839
[2100]	training's rmse: 0.642156	valid_1's rmse: 0.835988
[2200]	training's rmse: 0.634321	valid_1's rmse: 0.834205
[2300]	training's rmse: 0.626362	valid_1's rmse: 0.832949
[2400]	training's rmse: 0.618966	valid_1's rmse: 0.831741
[2500]	training's rmse: 0.611912	valid_1's rmse: 0.830858
[2600]	training's rmse: 0.605122	valid_1's rmse: 0.829435
[2700]	training's rmse: 0.598457	valid_1's rmse: 0.828249
[2800]	training's rmse: 0.592132	valid_1's rmse: 0.827352
[2900]	training's rmse: 0.585191	valid_1's rmse: 0.825865
[3000]	training's rmse: 0.578803	valid_1's rmse: 0.824449
[3100]	training's rmse: 0.572424	valid_1's rmse: 0.823402
[3200]	training's rmse: 0.566308	valid_1's rmse: 0.822641
[3300]	training's rmse: 0.560099	valid_1's rmse: 0.821255
[3400]	training's rmse: 0.553974	valid_1's rmse: 0.820437
[3500]	training's rmse: 0.548148	valid_1's rmse: 0.819989
[3600]	training's rmse: 0.541905	valid_1's rmse: 0.819163
[3700]	training's rmse: 0.536096	valid_1's rmse: 0.818392
[3800]	training's rmse: 0.53092	valid_1's rmse: 0.817475
[3900]	training's rmse: 0.525343	valid_1's rmse: 0.816742
[4000]	training's rmse: 0.519879	valid_1's rmse: 0.816085
[4100]	training's rmse: 0.514596	valid_1's rmse: 0.815573
[4200]	training's rmse: 0.509333	valid_1's rmse: 0.814742
[4300]	training's rmse: 0.504252	valid_1's rmse: 0.814109
[4400]	training's rmse: 0.499051	valid_1's rmse: 0.813285
[4500]	training's rmse: 0.494167	valid_1's rmse: 0.812736
[4600]	training's rmse: 0.489366	valid_1's rmse: 0.811798
[4700]	training's rmse: 0.484547	valid_1's rmse: 0.81108
[4800]	training's rmse: 0.479907	valid_1's rmse: 0.810255
[4900]	training's rmse: 0.475273	valid_1's rmse: 0.810167
[5000]	training's rmse: 0.47071	valid_1's rmse: 0.809697
[5100]	training's rmse: 0.466229	valid_1's rmse: 0.80907
[5200]	training's rmse: 0.461801	valid_1's rmse: 0.808764
[5300]	training's rmse: 0.457647	valid_1's rmse: 0.808131
[5400]	training's rmse: 0.453622	valid_1's rmse: 0.807631
[5500]	training's rmse: 0.449605	valid_1's rmse: 0.807276
[5600]	training's rmse: 0.445657	valid_1's rmse: 0.807155
[5700]	training's rmse: 0.441765	valid_1's rmse: 0.80656
[5800]	training's rmse: 0.437964	valid_1's rmse: 0.806147
[5900]	training's rmse: 0.434349	valid_1's rmse: 0.805669
[6000]	training's rmse: 0.430687	valid_1's rmse: 0.805814
----------------------------------------------------------------------------------------------------
Fold 9
[100]	training's rmse: 1.0815	valid_1's rmse: 1.07464
[200]	training's rmse: 0.961082	valid_1's rmse: 0.962982
[300]	training's rmse: 0.898854	valid_1's rmse: 0.90799
[400]	training's rmse: 0.861249	valid_1's rmse: 0.877606
[500]	training's rmse: 0.834779	valid_1's rmse: 0.857722
[600]	training's rmse: 0.814674	valid_1's rmse: 0.844731
[700]	training's rmse: 0.796901	valid_1's rmse: 0.835895
[800]	training's rmse: 0.780324	valid_1's rmse: 0.827862
[900]	training's rmse: 0.766113	valid_1's rmse: 0.821488
[1000]	training's rmse: 0.75292	valid_1's rmse: 0.816316
[1100]	training's rmse: 0.740689	valid_1's rmse: 0.811991
[1200]	training's rmse: 0.728791	valid_1's rmse: 0.808457
[1300]	training's rmse: 0.717776	valid_1's rmse: 0.80522
[1400]	training's rmse: 0.706894	valid_1's rmse: 0.802006
[1500]	training's rmse: 0.696708	valid_1's rmse: 0.799097
[1600]	training's rmse: 0.686525	valid_1's rmse: 0.796881
[1700]	training's rmse: 0.677494	valid_1's rmse: 0.794266
[1800]	training's rmse: 0.668386	valid_1's rmse: 0.79274
[1900]	training's rmse: 0.659617	valid_1's rmse: 0.791445
[2000]	training's rmse: 0.651709	valid_1's rmse: 0.790196
[2100]	training's rmse: 0.643712	valid_1's rmse: 0.788674
[2200]	training's rmse: 0.636219	valid_1's rmse: 0.787301
[2300]	training's rmse: 0.628391	valid_1's rmse: 0.786139
[2400]	training's rmse: 0.620243	valid_1's rmse: 0.784435
[2500]	training's rmse: 0.612995	valid_1's rmse: 0.783549
[2600]	training's rmse: 0.605842	valid_1's rmse: 0.782009
[2700]	training's rmse: 0.598747	valid_1's rmse: 0.781358
[2800]	training's rmse: 0.592416	valid_1's rmse: 0.780933
[2900]	training's rmse: 0.585734	valid_1's rmse: 0.779978
[3000]	training's rmse: 0.57898	valid_1's rmse: 0.778966
[3100]	training's rmse: 0.572725	valid_1's rmse: 0.777807
[3200]	training's rmse: 0.56628	valid_1's rmse: 0.776959
[3300]	training's rmse: 0.560241	valid_1's rmse: 0.776608
----------------------------------------------------------------------------------------------------
Fold 10
[100]	training's rmse: 1.07948	valid_1's rmse: 1.10852
[200]	training's rmse: 0.958178	valid_1's rmse: 0.998824
[300]	training's rmse: 0.895262	valid_1's rmse: 0.947197
[400]	training's rmse: 0.856455	valid_1's rmse: 0.917887
[500]	training's rmse: 0.829672	valid_1's rmse: 0.899541
[600]	training's rmse: 0.808813	valid_1's rmse: 0.887069
[700]	training's rmse: 0.791367	valid_1's rmse: 0.877966
[800]	training's rmse: 0.775661	valid_1's rmse: 0.870327
[900]	training's rmse: 0.760682	valid_1's rmse: 0.864394
[1000]	training's rmse: 0.746543	valid_1's rmse: 0.858752
[1100]	training's rmse: 0.734673	valid_1's rmse: 0.854266
[1200]	training's rmse: 0.723447	valid_1's rmse: 0.850125
[1300]	training's rmse: 0.712112	valid_1's rmse: 0.846745
[1400]	training's rmse: 0.701945	valid_1's rmse: 0.843765
[1500]	training's rmse: 0.691888	valid_1's rmse: 0.840274
[1600]	training's rmse: 0.682443	valid_1's rmse: 0.836886
[1700]	training's rmse: 0.673659	valid_1's rmse: 0.834245
[1800]	training's rmse: 0.665037	valid_1's rmse: 0.832174
[1900]	training's rmse: 0.656639	valid_1's rmse: 0.829844
[2000]	training's rmse: 0.648385	valid_1's rmse: 0.827693
[2100]	training's rmse: 0.63988	valid_1's rmse: 0.825949
[2200]	training's rmse: 0.632619	valid_1's rmse: 0.824116
[2300]	training's rmse: 0.625352	valid_1's rmse: 0.822338
[2400]	training's rmse: 0.617965	valid_1's rmse: 0.820897
[2500]	training's rmse: 0.611043	valid_1's rmse: 0.819066
[2600]	training's rmse: 0.603809	valid_1's rmse: 0.817808
[2700]	training's rmse: 0.596575	valid_1's rmse: 0.816361
[2800]	training's rmse: 0.589698	valid_1's rmse: 0.815048
[2900]	training's rmse: 0.583254	valid_1's rmse: 0.813812
[3000]	training's rmse: 0.576772	valid_1's rmse: 0.812963
[3100]	training's rmse: 0.570697	valid_1's rmse: 0.811917
[3200]	training's rmse: 0.564633	valid_1's rmse: 0.810641
[3300]	training's rmse: 0.558538	valid_1's rmse: 0.809814
[3400]	training's rmse: 0.552417	valid_1's rmse: 0.808743
[3500]	training's rmse: 0.54677	valid_1's rmse: 0.807654
[3600]	training's rmse: 0.540502	valid_1's rmse: 0.806827
[3700]	training's rmse: 0.53507	valid_1's rmse: 0.805851
[3800]	training's rmse: 0.529386	valid_1's rmse: 0.805258
[3900]	training's rmse: 0.524069	valid_1's rmse: 0.804525
[4000]	training's rmse: 0.518923	valid_1's rmse: 0.803705
[4100]	training's rmse: 0.514209	valid_1's rmse: 0.803154
[4200]	training's rmse: 0.509276	valid_1's rmse: 0.802818
[4300]	training's rmse: 0.50412	valid_1's rmse: 0.80234
[4400]	training's rmse: 0.499577	valid_1's rmse: 0.801606
[4500]	training's rmse: 0.495008	valid_1's rmse: 0.800782
[4600]	training's rmse: 0.490247	valid_1's rmse: 0.800213
[4700]	training's rmse: 0.485746	valid_1's rmse: 0.79996
[4800]	training's rmse: 0.480801	valid_1's rmse: 0.799434
[4900]	training's rmse: 0.476477	valid_1's rmse: 0.799027
[5000]	training's rmse: 0.472194	valid_1's rmse: 0.798814
[5100]	training's rmse: 0.468181	valid_1's rmse: 0.798502
[5200]	training's rmse: 0.463647	valid_1's rmse: 0.797738
[5300]	training's rmse: 0.45955	valid_1's rmse: 0.797316
[5400]	training's rmse: 0.455469	valid_1's rmse: 0.797123
[5500]	training's rmse: 0.451251	valid_1's rmse: 0.796788
[5600]	training's rmse: 0.44736	valid_1's rmse: 0.796329
[5700]	training's rmse: 0.443703	valid_1's rmse: 0.79651
##### feature importance #####
                                   importance
feature                                      
Year_of_Release                  27495.545066
User_Momentum                    25755.768195
User_Count                       23547.996060
publisher_Platform_pca_4         22451.716609
Critic_Momentum                  18480.729826
Platform_PC                      16436.204377
publisher_Rating_pca_0           14666.182808
Platform_Year_of_Release         11750.236919
Critic_Count                     11184.586838
publisher_Genre_pca_0            10035.106060
name_bert_pca_1                   8914.757367
num_series                        8890.215063
num_series_norm                   7457.732521
Platform_Rating                   7333.372496
Platform_Genre                    6196.617435
series_lifespan                   5816.260875
publisher_Genre_pca_3             5625.974165
Critic_Score                      5275.753510
publisher_Platform_pca_1          5097.881121
name_bert_pca_4                   5078.125897
publisher_Genre_pca_5             4835.041678
publisher_Platform_pca_0          4650.480221
Name                              4595.158658
publisher_Year_of_Release_pca_6   4137.176956
name_bert_pca_0                   3871.530187
name_bert_pca_17                  3831.484468
pub_bert_pca_13                   3802.724768
User_Score                        3743.665247
pub_bert_pca_22                   3712.684042
publisher_Platform_pca_3          3568.860955
name_bert_pca_7                   3501.809259
publisher_Year_of_Release_pca_1   3447.663125
name_bert_pca_12                  3177.244834
name_bert_pca_22                  3076.555265
name_bert_pca_10                  2914.930170
pub_bert_pca_25                   2880.575104
publisher_Rating_pca_1            2863.317107
name_bert_pca_3                   2814.327426
name_bert_pca_2                   2811.639606
name_bert_pca_5                   2740.791693
name_bert_pca_14                  2655.799520
publisher_Genre_pca_2             2614.720603
name_bert_pca_44                  2525.830817
name_bert_pca_39                  2516.539436
name_bert_pca_30                  2511.741700
publisher_Year_of_Release_pca_0   2509.973665
name_bert_pca_13                  2481.372596
name_bert_pca_43                  2409.496691
name_bert_pca_35                  2333.775461
name_bert_pca_21                  2302.828106
cv_score_fold_mean: 0.7972516667530821
