logs/exp036.log
feature using: ['Base_6', 'BertPCA50', 'Momentum', 'Interaction', 'SimultaneousPlatformCount', 'PublisherPCA', 'DeveloperPCA', 'Series', 'NumSeries', 'NumSeriesNormalized', 'SeriesLifespan']
----------------------------------------------------------------------------------------------------
Fold 1
[100]	training's rmse: 1.08094	valid_1's rmse: 1.08162
[200]	training's rmse: 0.959048	valid_1's rmse: 0.976349
[300]	training's rmse: 0.896898	valid_1's rmse: 0.927829
[400]	training's rmse: 0.85827	valid_1's rmse: 0.901278
[500]	training's rmse: 0.832222	valid_1's rmse: 0.884587
[600]	training's rmse: 0.811774	valid_1's rmse: 0.874181
[700]	training's rmse: 0.794173	valid_1's rmse: 0.86538
[800]	training's rmse: 0.778865	valid_1's rmse: 0.859373
[900]	training's rmse: 0.764503	valid_1's rmse: 0.854386
[1000]	training's rmse: 0.751072	valid_1's rmse: 0.850004
[1100]	training's rmse: 0.738267	valid_1's rmse: 0.846643
[1200]	training's rmse: 0.726828	valid_1's rmse: 0.844097
[1300]	training's rmse: 0.715445	valid_1's rmse: 0.841011
[1400]	training's rmse: 0.704526	valid_1's rmse: 0.837502
[1500]	training's rmse: 0.694171	valid_1's rmse: 0.834664
[1600]	training's rmse: 0.68472	valid_1's rmse: 0.832767
[1700]	training's rmse: 0.676042	valid_1's rmse: 0.830973
[1800]	training's rmse: 0.666847	valid_1's rmse: 0.829395
[1900]	training's rmse: 0.658727	valid_1's rmse: 0.827362
[2000]	training's rmse: 0.650307	valid_1's rmse: 0.825454
[2100]	training's rmse: 0.641804	valid_1's rmse: 0.823758
[2200]	training's rmse: 0.633564	valid_1's rmse: 0.822148
[2300]	training's rmse: 0.626135	valid_1's rmse: 0.821051
[2400]	training's rmse: 0.618402	valid_1's rmse: 0.819686
[2500]	training's rmse: 0.611311	valid_1's rmse: 0.818509
[2600]	training's rmse: 0.604042	valid_1's rmse: 0.817241
[2700]	training's rmse: 0.597166	valid_1's rmse: 0.816151
[2800]	training's rmse: 0.589841	valid_1's rmse: 0.814842
[2900]	training's rmse: 0.582893	valid_1's rmse: 0.813434
[3000]	training's rmse: 0.576247	valid_1's rmse: 0.812189
[3100]	training's rmse: 0.569906	valid_1's rmse: 0.811263
[3200]	training's rmse: 0.563593	valid_1's rmse: 0.810001
[3300]	training's rmse: 0.557847	valid_1's rmse: 0.809262
[3400]	training's rmse: 0.551949	valid_1's rmse: 0.808491
[3500]	training's rmse: 0.546304	valid_1's rmse: 0.807878
[3600]	training's rmse: 0.54029	valid_1's rmse: 0.807353
[3700]	training's rmse: 0.534458	valid_1's rmse: 0.807016
[3800]	training's rmse: 0.528735	valid_1's rmse: 0.806202
[3900]	training's rmse: 0.523164	valid_1's rmse: 0.805536
[4000]	training's rmse: 0.517763	valid_1's rmse: 0.804978
[4100]	training's rmse: 0.512687	valid_1's rmse: 0.804491
[4200]	training's rmse: 0.507591	valid_1's rmse: 0.803721
[4300]	training's rmse: 0.502458	valid_1's rmse: 0.803652
----------------------------------------------------------------------------------------------------
Fold 2
[100]	training's rmse: 1.08063	valid_1's rmse: 1.09156
[200]	training's rmse: 0.959429	valid_1's rmse: 0.980855
[300]	training's rmse: 0.896393	valid_1's rmse: 0.930703
[400]	training's rmse: 0.857983	valid_1's rmse: 0.904918
[500]	training's rmse: 0.831649	valid_1's rmse: 0.890821
[600]	training's rmse: 0.81091	valid_1's rmse: 0.882581
[700]	training's rmse: 0.792592	valid_1's rmse: 0.876219
[800]	training's rmse: 0.776749	valid_1's rmse: 0.870979
[900]	training's rmse: 0.761551	valid_1's rmse: 0.867295
[1000]	training's rmse: 0.748099	valid_1's rmse: 0.864776
[1100]	training's rmse: 0.735143	valid_1's rmse: 0.862164
[1200]	training's rmse: 0.723128	valid_1's rmse: 0.860359
[1300]	training's rmse: 0.712345	valid_1's rmse: 0.859029
[1400]	training's rmse: 0.70219	valid_1's rmse: 0.857441
[1500]	training's rmse: 0.691664	valid_1's rmse: 0.855681
[1600]	training's rmse: 0.682612	valid_1's rmse: 0.854781
[1700]	training's rmse: 0.673029	valid_1's rmse: 0.854271
[1800]	training's rmse: 0.663511	valid_1's rmse: 0.853693
[1900]	training's rmse: 0.65509	valid_1's rmse: 0.852452
[2000]	training's rmse: 0.646538	valid_1's rmse: 0.851357
[2100]	training's rmse: 0.638369	valid_1's rmse: 0.850536
[2200]	training's rmse: 0.630385	valid_1's rmse: 0.849946
[2300]	training's rmse: 0.622972	valid_1's rmse: 0.848847
[2400]	training's rmse: 0.615872	valid_1's rmse: 0.848086
[2500]	training's rmse: 0.609256	valid_1's rmse: 0.846672
[2600]	training's rmse: 0.602172	valid_1's rmse: 0.845865
[2700]	training's rmse: 0.59467	valid_1's rmse: 0.845423
----------------------------------------------------------------------------------------------------
Fold 3
[100]	training's rmse: 1.08142	valid_1's rmse: 1.09041
[200]	training's rmse: 0.960046	valid_1's rmse: 0.985519
[300]	training's rmse: 0.898056	valid_1's rmse: 0.936919
[400]	training's rmse: 0.860231	valid_1's rmse: 0.908606
[500]	training's rmse: 0.83425	valid_1's rmse: 0.890522
[600]	training's rmse: 0.814061	valid_1's rmse: 0.877342
[700]	training's rmse: 0.796867	valid_1's rmse: 0.866715
[800]	training's rmse: 0.781379	valid_1's rmse: 0.857479
[900]	training's rmse: 0.767789	valid_1's rmse: 0.850221
[1000]	training's rmse: 0.754922	valid_1's rmse: 0.843275
[1100]	training's rmse: 0.742478	valid_1's rmse: 0.837035
[1200]	training's rmse: 0.730171	valid_1's rmse: 0.830202
[1300]	training's rmse: 0.719827	valid_1's rmse: 0.825123
[1400]	training's rmse: 0.709858	valid_1's rmse: 0.819942
[1500]	training's rmse: 0.700088	valid_1's rmse: 0.815403
[1600]	training's rmse: 0.690071	valid_1's rmse: 0.811377
[1700]	training's rmse: 0.681362	valid_1's rmse: 0.807387
[1800]	training's rmse: 0.671934	valid_1's rmse: 0.803253
[1900]	training's rmse: 0.66322	valid_1's rmse: 0.800308
[2000]	training's rmse: 0.654832	valid_1's rmse: 0.797226
[2100]	training's rmse: 0.647032	valid_1's rmse: 0.794444
[2200]	training's rmse: 0.638269	valid_1's rmse: 0.791657
[2300]	training's rmse: 0.630522	valid_1's rmse: 0.788583
[2400]	training's rmse: 0.623282	valid_1's rmse: 0.786301
[2500]	training's rmse: 0.616247	valid_1's rmse: 0.784123
[2600]	training's rmse: 0.609029	valid_1's rmse: 0.782054
[2700]	training's rmse: 0.602162	valid_1's rmse: 0.780009
[2800]	training's rmse: 0.594981	valid_1's rmse: 0.778085
[2900]	training's rmse: 0.588164	valid_1's rmse: 0.775612
[3000]	training's rmse: 0.581644	valid_1's rmse: 0.773662
[3100]	training's rmse: 0.575371	valid_1's rmse: 0.772082
[3200]	training's rmse: 0.569167	valid_1's rmse: 0.770676
[3300]	training's rmse: 0.562746	valid_1's rmse: 0.768909
[3400]	training's rmse: 0.556864	valid_1's rmse: 0.767784
[3500]	training's rmse: 0.550979	valid_1's rmse: 0.766259
[3600]	training's rmse: 0.545154	valid_1's rmse: 0.765046
[3700]	training's rmse: 0.539659	valid_1's rmse: 0.763601
[3800]	training's rmse: 0.534151	valid_1's rmse: 0.76308
[3900]	training's rmse: 0.528523	valid_1's rmse: 0.761798
[4000]	training's rmse: 0.522835	valid_1's rmse: 0.760558
[4100]	training's rmse: 0.517632	valid_1's rmse: 0.759453
[4200]	training's rmse: 0.512742	valid_1's rmse: 0.758419
[4300]	training's rmse: 0.50784	valid_1's rmse: 0.757425
[4400]	training's rmse: 0.502788	valid_1's rmse: 0.756176
[4500]	training's rmse: 0.497821	valid_1's rmse: 0.755177
[4600]	training's rmse: 0.493066	valid_1's rmse: 0.754169
[4700]	training's rmse: 0.488808	valid_1's rmse: 0.753542
[4800]	training's rmse: 0.484379	valid_1's rmse: 0.752509
[4900]	training's rmse: 0.479871	valid_1's rmse: 0.751648
[5000]	training's rmse: 0.475407	valid_1's rmse: 0.750825
[5100]	training's rmse: 0.470966	valid_1's rmse: 0.749943
[5200]	training's rmse: 0.466477	valid_1's rmse: 0.74945
[5300]	training's rmse: 0.462165	valid_1's rmse: 0.749117
[5400]	training's rmse: 0.458256	valid_1's rmse: 0.748579
[5500]	training's rmse: 0.454312	valid_1's rmse: 0.747992
[5600]	training's rmse: 0.450086	valid_1's rmse: 0.747342
[5700]	training's rmse: 0.445999	valid_1's rmse: 0.746681
[5800]	training's rmse: 0.442238	valid_1's rmse: 0.746112
[5900]	training's rmse: 0.438541	valid_1's rmse: 0.74554
[6000]	training's rmse: 0.434686	valid_1's rmse: 0.744937
[6100]	training's rmse: 0.430833	valid_1's rmse: 0.744395
[6200]	training's rmse: 0.427273	valid_1's rmse: 0.744075
[6300]	training's rmse: 0.423508	valid_1's rmse: 0.743992
[6400]	training's rmse: 0.419936	valid_1's rmse: 0.743675
[6500]	training's rmse: 0.416796	valid_1's rmse: 0.743384
[6600]	training's rmse: 0.413251	valid_1's rmse: 0.742887
[6700]	training's rmse: 0.409605	valid_1's rmse: 0.742219
[6800]	training's rmse: 0.406426	valid_1's rmse: 0.74199
[6900]	training's rmse: 0.403099	valid_1's rmse: 0.741535
[7000]	training's rmse: 0.399915	valid_1's rmse: 0.741152
[7100]	training's rmse: 0.396577	valid_1's rmse: 0.740899
[7200]	training's rmse: 0.393637	valid_1's rmse: 0.740445
[7300]	training's rmse: 0.390594	valid_1's rmse: 0.740287
[7400]	training's rmse: 0.387555	valid_1's rmse: 0.739943
[7500]	training's rmse: 0.384597	valid_1's rmse: 0.739875
[7600]	training's rmse: 0.381416	valid_1's rmse: 0.739484
[7700]	training's rmse: 0.378464	valid_1's rmse: 0.739108
[7800]	training's rmse: 0.37553	valid_1's rmse: 0.73879
[7900]	training's rmse: 0.372733	valid_1's rmse: 0.738592
[8000]	training's rmse: 0.369797	valid_1's rmse: 0.738337
----------------------------------------------------------------------------------------------------
Fold 4
[100]	training's rmse: 1.07868	valid_1's rmse: 1.09911
[200]	training's rmse: 0.957652	valid_1's rmse: 0.99158
[300]	training's rmse: 0.895463	valid_1's rmse: 0.943207
[400]	training's rmse: 0.858133	valid_1's rmse: 0.917468
[500]	training's rmse: 0.832543	valid_1's rmse: 0.901529
[600]	training's rmse: 0.812946	valid_1's rmse: 0.892168
[700]	training's rmse: 0.794727	valid_1's rmse: 0.883829
[800]	training's rmse: 0.779066	valid_1's rmse: 0.878367
[900]	training's rmse: 0.76397	valid_1's rmse: 0.874299
[1000]	training's rmse: 0.750322	valid_1's rmse: 0.870565
[1100]	training's rmse: 0.738	valid_1's rmse: 0.867943
[1200]	training's rmse: 0.726024	valid_1's rmse: 0.865289
[1300]	training's rmse: 0.714936	valid_1's rmse: 0.862662
[1400]	training's rmse: 0.704878	valid_1's rmse: 0.860532
[1500]	training's rmse: 0.694933	valid_1's rmse: 0.859033
[1600]	training's rmse: 0.685651	valid_1's rmse: 0.85743
[1700]	training's rmse: 0.676183	valid_1's rmse: 0.855963
[1800]	training's rmse: 0.667538	valid_1's rmse: 0.854863
[1900]	training's rmse: 0.658763	valid_1's rmse: 0.854303
[2000]	training's rmse: 0.650341	valid_1's rmse: 0.853205
[2100]	training's rmse: 0.642639	valid_1's rmse: 0.85285
[2200]	training's rmse: 0.63442	valid_1's rmse: 0.851791
[2300]	training's rmse: 0.62657	valid_1's rmse: 0.851281
[2400]	training's rmse: 0.618917	valid_1's rmse: 0.849771
[2500]	training's rmse: 0.611067	valid_1's rmse: 0.848601
[2600]	training's rmse: 0.603596	valid_1's rmse: 0.847812
[2700]	training's rmse: 0.596553	valid_1's rmse: 0.847068
[2800]	training's rmse: 0.589846	valid_1's rmse: 0.84652
[2900]	training's rmse: 0.583228	valid_1's rmse: 0.845928
[3000]	training's rmse: 0.576633	valid_1's rmse: 0.845148
[3100]	training's rmse: 0.570612	valid_1's rmse: 0.84501
[3200]	training's rmse: 0.56417	valid_1's rmse: 0.84446
[3300]	training's rmse: 0.558042	valid_1's rmse: 0.843961
[3400]	training's rmse: 0.552201	valid_1's rmse: 0.843154
[3500]	training's rmse: 0.54634	valid_1's rmse: 0.843111
[3600]	training's rmse: 0.540419	valid_1's rmse: 0.84257
[3700]	training's rmse: 0.53456	valid_1's rmse: 0.84225
[3800]	training's rmse: 0.528548	valid_1's rmse: 0.842128
[3900]	training's rmse: 0.523385	valid_1's rmse: 0.841843
[4000]	training's rmse: 0.51809	valid_1's rmse: 0.8412
[4100]	training's rmse: 0.51269	valid_1's rmse: 0.840483
[4200]	training's rmse: 0.50756	valid_1's rmse: 0.840306
[4300]	training's rmse: 0.502823	valid_1's rmse: 0.840088
[4400]	training's rmse: 0.497625	valid_1's rmse: 0.839839
[4500]	training's rmse: 0.492903	valid_1's rmse: 0.83974
[4600]	training's rmse: 0.487993	valid_1's rmse: 0.83953
[4700]	training's rmse: 0.483195	valid_1's rmse: 0.839307
[4800]	training's rmse: 0.478334	valid_1's rmse: 0.838931
[4900]	training's rmse: 0.473381	valid_1's rmse: 0.838686
----------------------------------------------------------------------------------------------------
Fold 5
[100]	training's rmse: 1.08369	valid_1's rmse: 1.08318
[200]	training's rmse: 0.964417	valid_1's rmse: 0.963038
[300]	training's rmse: 0.903483	valid_1's rmse: 0.904103
[400]	training's rmse: 0.866117	valid_1's rmse: 0.870395
[500]	training's rmse: 0.839383	valid_1's rmse: 0.847914
[600]	training's rmse: 0.818271	valid_1's rmse: 0.832745
[700]	training's rmse: 0.801298	valid_1's rmse: 0.821858
[800]	training's rmse: 0.785802	valid_1's rmse: 0.813742
[900]	training's rmse: 0.771226	valid_1's rmse: 0.806734
[1000]	training's rmse: 0.75774	valid_1's rmse: 0.801134
[1100]	training's rmse: 0.744803	valid_1's rmse: 0.796619
[1200]	training's rmse: 0.733022	valid_1's rmse: 0.791857
[1300]	training's rmse: 0.721893	valid_1's rmse: 0.787958
[1400]	training's rmse: 0.711457	valid_1's rmse: 0.784184
[1500]	training's rmse: 0.701435	valid_1's rmse: 0.781331
[1600]	training's rmse: 0.69124	valid_1's rmse: 0.778992
[1700]	training's rmse: 0.681761	valid_1's rmse: 0.776501
[1800]	training's rmse: 0.671967	valid_1's rmse: 0.774452
[1900]	training's rmse: 0.662127	valid_1's rmse: 0.771891
[2000]	training's rmse: 0.653199	valid_1's rmse: 0.769351
[2100]	training's rmse: 0.644741	valid_1's rmse: 0.767546
[2200]	training's rmse: 0.636477	valid_1's rmse: 0.765604
[2300]	training's rmse: 0.628798	valid_1's rmse: 0.763973
[2400]	training's rmse: 0.621017	valid_1's rmse: 0.76294
[2500]	training's rmse: 0.613466	valid_1's rmse: 0.761411
[2600]	training's rmse: 0.606247	valid_1's rmse: 0.760034
[2700]	training's rmse: 0.59885	valid_1's rmse: 0.758478
[2800]	training's rmse: 0.592073	valid_1's rmse: 0.757324
[2900]	training's rmse: 0.585192	valid_1's rmse: 0.755794
[3000]	training's rmse: 0.578794	valid_1's rmse: 0.75453
[3100]	training's rmse: 0.572257	valid_1's rmse: 0.753607
[3200]	training's rmse: 0.56559	valid_1's rmse: 0.752769
[3300]	training's rmse: 0.55914	valid_1's rmse: 0.752164
[3400]	training's rmse: 0.553312	valid_1's rmse: 0.751836
[3500]	training's rmse: 0.547504	valid_1's rmse: 0.750878
[3600]	training's rmse: 0.542156	valid_1's rmse: 0.750308
[3700]	training's rmse: 0.536389	valid_1's rmse: 0.749965
[3800]	training's rmse: 0.53041	valid_1's rmse: 0.749198
[3900]	training's rmse: 0.524665	valid_1's rmse: 0.748613
[4000]	training's rmse: 0.519159	valid_1's rmse: 0.748183
[4100]	training's rmse: 0.513589	valid_1's rmse: 0.747781
[4200]	training's rmse: 0.508654	valid_1's rmse: 0.747257
[4300]	training's rmse: 0.503388	valid_1's rmse: 0.746762
[4400]	training's rmse: 0.498358	valid_1's rmse: 0.74575
[4500]	training's rmse: 0.493433	valid_1's rmse: 0.745391
[4600]	training's rmse: 0.488477	valid_1's rmse: 0.744831
[4700]	training's rmse: 0.483751	valid_1's rmse: 0.744607
[4800]	training's rmse: 0.47924	valid_1's rmse: 0.743987
[4900]	training's rmse: 0.474828	valid_1's rmse: 0.743687
[5000]	training's rmse: 0.470165	valid_1's rmse: 0.743331
[5100]	training's rmse: 0.46582	valid_1's rmse: 0.742927
[5200]	training's rmse: 0.461291	valid_1's rmse: 0.74244
[5300]	training's rmse: 0.457208	valid_1's rmse: 0.74183
[5400]	training's rmse: 0.453065	valid_1's rmse: 0.741796
[5500]	training's rmse: 0.448983	valid_1's rmse: 0.741424
----------------------------------------------------------------------------------------------------
Fold 6
[100]	training's rmse: 1.07367	valid_1's rmse: 1.14667
[200]	training's rmse: 0.951427	valid_1's rmse: 1.04953
[300]	training's rmse: 0.889596	valid_1's rmse: 1.00214
[400]	training's rmse: 0.851258	valid_1's rmse: 0.973016
[500]	training's rmse: 0.825857	valid_1's rmse: 0.955165
[600]	training's rmse: 0.805525	valid_1's rmse: 0.942538
[700]	training's rmse: 0.788847	valid_1's rmse: 0.932438
[800]	training's rmse: 0.774007	valid_1's rmse: 0.923788
[900]	training's rmse: 0.759915	valid_1's rmse: 0.916418
[1000]	training's rmse: 0.74688	valid_1's rmse: 0.911096
[1100]	training's rmse: 0.734595	valid_1's rmse: 0.906053
[1200]	training's rmse: 0.723336	valid_1's rmse: 0.901035
[1300]	training's rmse: 0.712739	valid_1's rmse: 0.896269
[1400]	training's rmse: 0.702386	valid_1's rmse: 0.892439
[1500]	training's rmse: 0.692616	valid_1's rmse: 0.889148
[1600]	training's rmse: 0.682934	valid_1's rmse: 0.885448
[1700]	training's rmse: 0.673921	valid_1's rmse: 0.882402
[1800]	training's rmse: 0.665371	valid_1's rmse: 0.879951
[1900]	training's rmse: 0.656998	valid_1's rmse: 0.877028
[2000]	training's rmse: 0.648694	valid_1's rmse: 0.874661
[2100]	training's rmse: 0.640533	valid_1's rmse: 0.872227
[2200]	training's rmse: 0.632224	valid_1's rmse: 0.870491
[2300]	training's rmse: 0.624919	valid_1's rmse: 0.868954
[2400]	training's rmse: 0.617831	valid_1's rmse: 0.8665
[2500]	training's rmse: 0.610446	valid_1's rmse: 0.86411
[2600]	training's rmse: 0.603303	valid_1's rmse: 0.862683
[2700]	training's rmse: 0.596496	valid_1's rmse: 0.860902
[2800]	training's rmse: 0.589608	valid_1's rmse: 0.859726
[2900]	training's rmse: 0.583	valid_1's rmse: 0.858003
[3000]	training's rmse: 0.576741	valid_1's rmse: 0.856559
[3100]	training's rmse: 0.57033	valid_1's rmse: 0.85499
[3200]	training's rmse: 0.564188	valid_1's rmse: 0.853899
[3300]	training's rmse: 0.558223	valid_1's rmse: 0.853011
[3400]	training's rmse: 0.552031	valid_1's rmse: 0.85183
[3500]	training's rmse: 0.546405	valid_1's rmse: 0.851044
[3600]	training's rmse: 0.540662	valid_1's rmse: 0.849673
[3700]	training's rmse: 0.535064	valid_1's rmse: 0.848626
[3800]	training's rmse: 0.52925	valid_1's rmse: 0.847205
[3900]	training's rmse: 0.52426	valid_1's rmse: 0.846313
[4000]	training's rmse: 0.518416	valid_1's rmse: 0.845476
[4100]	training's rmse: 0.512796	valid_1's rmse: 0.844336
[4200]	training's rmse: 0.507519	valid_1's rmse: 0.843698
[4300]	training's rmse: 0.502521	valid_1's rmse: 0.842932
[4400]	training's rmse: 0.497339	valid_1's rmse: 0.842184
[4500]	training's rmse: 0.49251	valid_1's rmse: 0.841313
[4600]	training's rmse: 0.487592	valid_1's rmse: 0.840855
[4700]	training's rmse: 0.482854	valid_1's rmse: 0.840022
[4800]	training's rmse: 0.478328	valid_1's rmse: 0.839245
[4900]	training's rmse: 0.473832	valid_1's rmse: 0.838615
[5000]	training's rmse: 0.469472	valid_1's rmse: 0.837865
[5100]	training's rmse: 0.465278	valid_1's rmse: 0.837452
[5200]	training's rmse: 0.460926	valid_1's rmse: 0.836762
[5300]	training's rmse: 0.45689	valid_1's rmse: 0.836304
[5400]	training's rmse: 0.452361	valid_1's rmse: 0.835915
[5500]	training's rmse: 0.448497	valid_1's rmse: 0.835326
[5600]	training's rmse: 0.444437	valid_1's rmse: 0.834707
[5700]	training's rmse: 0.440413	valid_1's rmse: 0.834008
[5800]	training's rmse: 0.43649	valid_1's rmse: 0.833155
[5900]	training's rmse: 0.432782	valid_1's rmse: 0.832585
[6000]	training's rmse: 0.429104	valid_1's rmse: 0.831949
[6100]	training's rmse: 0.425655	valid_1's rmse: 0.83153
[6200]	training's rmse: 0.422275	valid_1's rmse: 0.831191
[6300]	training's rmse: 0.418864	valid_1's rmse: 0.830873
[6400]	training's rmse: 0.415247	valid_1's rmse: 0.830564
[6500]	training's rmse: 0.411888	valid_1's rmse: 0.830336
[6600]	training's rmse: 0.408439	valid_1's rmse: 0.82983
[6700]	training's rmse: 0.405217	valid_1's rmse: 0.829658
[6800]	training's rmse: 0.401737	valid_1's rmse: 0.82948
[6900]	training's rmse: 0.39838	valid_1's rmse: 0.82914
[7000]	training's rmse: 0.395214	valid_1's rmse: 0.829148
----------------------------------------------------------------------------------------------------
Fold 7
[100]	training's rmse: 1.08119	valid_1's rmse: 1.08881
[200]	training's rmse: 0.958961	valid_1's rmse: 0.982971
[300]	training's rmse: 0.896375	valid_1's rmse: 0.933046
[400]	training's rmse: 0.858357	valid_1's rmse: 0.9049
[500]	training's rmse: 0.831706	valid_1's rmse: 0.887409
[600]	training's rmse: 0.810959	valid_1's rmse: 0.874985
[700]	training's rmse: 0.793721	valid_1's rmse: 0.865703
[800]	training's rmse: 0.7782	valid_1's rmse: 0.858388
[900]	training's rmse: 0.763788	valid_1's rmse: 0.853035
[1000]	training's rmse: 0.750286	valid_1's rmse: 0.848008
[1100]	training's rmse: 0.737839	valid_1's rmse: 0.844003
[1200]	training's rmse: 0.72586	valid_1's rmse: 0.84039
[1300]	training's rmse: 0.714958	valid_1's rmse: 0.836903
[1400]	training's rmse: 0.704606	valid_1's rmse: 0.833813
[1500]	training's rmse: 0.69453	valid_1's rmse: 0.83079
[1600]	training's rmse: 0.684644	valid_1's rmse: 0.828114
[1700]	training's rmse: 0.675498	valid_1's rmse: 0.826376
[1800]	training's rmse: 0.666435	valid_1's rmse: 0.823974
[1900]	training's rmse: 0.657738	valid_1's rmse: 0.821962
[2000]	training's rmse: 0.649314	valid_1's rmse: 0.819712
[2100]	training's rmse: 0.64158	valid_1's rmse: 0.818363
[2200]	training's rmse: 0.633499	valid_1's rmse: 0.816184
[2300]	training's rmse: 0.625794	valid_1's rmse: 0.814709
[2400]	training's rmse: 0.618489	valid_1's rmse: 0.813344
[2500]	training's rmse: 0.611281	valid_1's rmse: 0.812057
[2600]	training's rmse: 0.604334	valid_1's rmse: 0.810912
[2700]	training's rmse: 0.597071	valid_1's rmse: 0.809458
[2800]	training's rmse: 0.590266	valid_1's rmse: 0.808618
[2900]	training's rmse: 0.583492	valid_1's rmse: 0.80754
[3000]	training's rmse: 0.57642	valid_1's rmse: 0.806258
[3100]	training's rmse: 0.569866	valid_1's rmse: 0.805635
[3200]	training's rmse: 0.563647	valid_1's rmse: 0.804984
[3300]	training's rmse: 0.558047	valid_1's rmse: 0.804031
[3400]	training's rmse: 0.551635	valid_1's rmse: 0.803307
[3500]	training's rmse: 0.54609	valid_1's rmse: 0.802307
[3600]	training's rmse: 0.539927	valid_1's rmse: 0.80125
[3700]	training's rmse: 0.533919	valid_1's rmse: 0.800597
[3800]	training's rmse: 0.528499	valid_1's rmse: 0.799889
[3900]	training's rmse: 0.523069	valid_1's rmse: 0.79947
[4000]	training's rmse: 0.518068	valid_1's rmse: 0.798823
[4100]	training's rmse: 0.512572	valid_1's rmse: 0.798142
[4200]	training's rmse: 0.507211	valid_1's rmse: 0.797447
[4300]	training's rmse: 0.502267	valid_1's rmse: 0.797171
[4400]	training's rmse: 0.497203	valid_1's rmse: 0.796917
[4500]	training's rmse: 0.492394	valid_1's rmse: 0.796807
[4600]	training's rmse: 0.487354	valid_1's rmse: 0.796447
[4700]	training's rmse: 0.48268	valid_1's rmse: 0.796387
[4800]	training's rmse: 0.478106	valid_1's rmse: 0.795944
[4900]	training's rmse: 0.47377	valid_1's rmse: 0.795627
[5000]	training's rmse: 0.469116	valid_1's rmse: 0.79509
[5100]	training's rmse: 0.464596	valid_1's rmse: 0.795041
----------------------------------------------------------------------------------------------------
Fold 8
[100]	training's rmse: 1.08241	valid_1's rmse: 1.10276
[200]	training's rmse: 0.958895	valid_1's rmse: 0.993813
[300]	training's rmse: 0.896369	valid_1's rmse: 0.94422
[400]	training's rmse: 0.857744	valid_1's rmse: 0.916949
[500]	training's rmse: 0.830616	valid_1's rmse: 0.899667
[600]	training's rmse: 0.810469	valid_1's rmse: 0.889258
[700]	training's rmse: 0.792136	valid_1's rmse: 0.881042
[800]	training's rmse: 0.776544	valid_1's rmse: 0.873858
[900]	training's rmse: 0.761938	valid_1's rmse: 0.867979
[1000]	training's rmse: 0.748154	valid_1's rmse: 0.863019
[1100]	training's rmse: 0.736382	valid_1's rmse: 0.858691
[1200]	training's rmse: 0.725528	valid_1's rmse: 0.855078
[1300]	training's rmse: 0.71442	valid_1's rmse: 0.851609
[1400]	training's rmse: 0.704003	valid_1's rmse: 0.848996
[1500]	training's rmse: 0.69396	valid_1's rmse: 0.846159
[1600]	training's rmse: 0.685472	valid_1's rmse: 0.844242
[1700]	training's rmse: 0.67609	valid_1's rmse: 0.842349
[1800]	training's rmse: 0.667227	valid_1's rmse: 0.841439
[1900]	training's rmse: 0.65848	valid_1's rmse: 0.839932
[2000]	training's rmse: 0.650622	valid_1's rmse: 0.83823
[2100]	training's rmse: 0.642073	valid_1's rmse: 0.83665
[2200]	training's rmse: 0.634102	valid_1's rmse: 0.834964
[2300]	training's rmse: 0.626683	valid_1's rmse: 0.834084
[2400]	training's rmse: 0.619167	valid_1's rmse: 0.832688
[2500]	training's rmse: 0.611865	valid_1's rmse: 0.832068
[2600]	training's rmse: 0.60481	valid_1's rmse: 0.830788
[2700]	training's rmse: 0.59777	valid_1's rmse: 0.829489
[2800]	training's rmse: 0.591183	valid_1's rmse: 0.828461
[2900]	training's rmse: 0.584161	valid_1's rmse: 0.826942
[3000]	training's rmse: 0.577784	valid_1's rmse: 0.825745
[3100]	training's rmse: 0.571534	valid_1's rmse: 0.824551
[3200]	training's rmse: 0.565515	valid_1's rmse: 0.823629
[3300]	training's rmse: 0.559578	valid_1's rmse: 0.822223
[3400]	training's rmse: 0.553465	valid_1's rmse: 0.821688
[3500]	training's rmse: 0.547575	valid_1's rmse: 0.821194
[3600]	training's rmse: 0.54146	valid_1's rmse: 0.820068
[3700]	training's rmse: 0.535804	valid_1's rmse: 0.8194
[3800]	training's rmse: 0.530699	valid_1's rmse: 0.818905
[3900]	training's rmse: 0.525135	valid_1's rmse: 0.818015
[4000]	training's rmse: 0.519651	valid_1's rmse: 0.817319
[4100]	training's rmse: 0.514246	valid_1's rmse: 0.816767
[4200]	training's rmse: 0.509026	valid_1's rmse: 0.815539
[4300]	training's rmse: 0.50428	valid_1's rmse: 0.815032
[4400]	training's rmse: 0.498969	valid_1's rmse: 0.81412
[4500]	training's rmse: 0.494102	valid_1's rmse: 0.813751
[4600]	training's rmse: 0.489171	valid_1's rmse: 0.812694
[4700]	training's rmse: 0.484375	valid_1's rmse: 0.811919
[4800]	training's rmse: 0.479589	valid_1's rmse: 0.811186
[4900]	training's rmse: 0.475121	valid_1's rmse: 0.81099
[5000]	training's rmse: 0.47053	valid_1's rmse: 0.810349
[5100]	training's rmse: 0.465975	valid_1's rmse: 0.809747
[5200]	training's rmse: 0.461586	valid_1's rmse: 0.809446
[5300]	training's rmse: 0.45747	valid_1's rmse: 0.808748
[5400]	training's rmse: 0.45359	valid_1's rmse: 0.808281
[5500]	training's rmse: 0.449605	valid_1's rmse: 0.807758
[5600]	training's rmse: 0.445791	valid_1's rmse: 0.807463
[5700]	training's rmse: 0.441919	valid_1's rmse: 0.806788
[5800]	training's rmse: 0.43816	valid_1's rmse: 0.806413
[5900]	training's rmse: 0.434576	valid_1's rmse: 0.80616
----------------------------------------------------------------------------------------------------
Fold 9
[100]	training's rmse: 1.08148	valid_1's rmse: 1.07463
[200]	training's rmse: 0.961051	valid_1's rmse: 0.96279
[300]	training's rmse: 0.898904	valid_1's rmse: 0.90786
[400]	training's rmse: 0.861354	valid_1's rmse: 0.877539
[500]	training's rmse: 0.834998	valid_1's rmse: 0.857618
[600]	training's rmse: 0.815392	valid_1's rmse: 0.844546
[700]	training's rmse: 0.797891	valid_1's rmse: 0.835469
[800]	training's rmse: 0.781219	valid_1's rmse: 0.826891
[900]	training's rmse: 0.766798	valid_1's rmse: 0.820576
[1000]	training's rmse: 0.7535	valid_1's rmse: 0.815218
[1100]	training's rmse: 0.74157	valid_1's rmse: 0.81145
[1200]	training's rmse: 0.72967	valid_1's rmse: 0.807389
[1300]	training's rmse: 0.71893	valid_1's rmse: 0.804215
[1400]	training's rmse: 0.708184	valid_1's rmse: 0.800832
[1500]	training's rmse: 0.697755	valid_1's rmse: 0.798196
[1600]	training's rmse: 0.687638	valid_1's rmse: 0.79568
[1700]	training's rmse: 0.678782	valid_1's rmse: 0.79297
[1800]	training's rmse: 0.669767	valid_1's rmse: 0.791402
[1900]	training's rmse: 0.660817	valid_1's rmse: 0.790012
[2000]	training's rmse: 0.652893	valid_1's rmse: 0.788658
[2100]	training's rmse: 0.644913	valid_1's rmse: 0.787444
[2200]	training's rmse: 0.637141	valid_1's rmse: 0.785874
[2300]	training's rmse: 0.629378	valid_1's rmse: 0.784361
[2400]	training's rmse: 0.621545	valid_1's rmse: 0.782869
[2500]	training's rmse: 0.614378	valid_1's rmse: 0.781927
[2600]	training's rmse: 0.607245	valid_1's rmse: 0.780564
[2700]	training's rmse: 0.600015	valid_1's rmse: 0.779817
[2800]	training's rmse: 0.593543	valid_1's rmse: 0.779175
[2900]	training's rmse: 0.586935	valid_1's rmse: 0.778305
[3000]	training's rmse: 0.580312	valid_1's rmse: 0.777414
[3100]	training's rmse: 0.574103	valid_1's rmse: 0.776273
[3200]	training's rmse: 0.56782	valid_1's rmse: 0.775203
[3300]	training's rmse: 0.561911	valid_1's rmse: 0.774648
[3400]	training's rmse: 0.555996	valid_1's rmse: 0.774296
[3500]	training's rmse: 0.549881	valid_1's rmse: 0.773624
[3600]	training's rmse: 0.544215	valid_1's rmse: 0.77341
[3700]	training's rmse: 0.538233	valid_1's rmse: 0.772592
[3800]	training's rmse: 0.53241	valid_1's rmse: 0.772105
[3900]	training's rmse: 0.527233	valid_1's rmse: 0.772159
[4000]	training's rmse: 0.521731	valid_1's rmse: 0.771774
[4100]	training's rmse: 0.516449	valid_1's rmse: 0.771491
[4200]	training's rmse: 0.511145	valid_1's rmse: 0.770753
[4300]	training's rmse: 0.506054	valid_1's rmse: 0.77054
[4400]	training's rmse: 0.500951	valid_1's rmse: 0.770382
[4500]	training's rmse: 0.495805	valid_1's rmse: 0.770547
----------------------------------------------------------------------------------------------------
Fold 10
[100]	training's rmse: 1.07946	valid_1's rmse: 1.1085
[200]	training's rmse: 0.958186	valid_1's rmse: 0.998877
[300]	training's rmse: 0.895464	valid_1's rmse: 0.94714
[400]	training's rmse: 0.856827	valid_1's rmse: 0.917916
[500]	training's rmse: 0.830014	valid_1's rmse: 0.899671
[600]	training's rmse: 0.80914	valid_1's rmse: 0.887114
[700]	training's rmse: 0.7919	valid_1's rmse: 0.877852
[800]	training's rmse: 0.776358	valid_1's rmse: 0.870237
[900]	training's rmse: 0.761003	valid_1's rmse: 0.863611
[1000]	training's rmse: 0.746824	valid_1's rmse: 0.857846
[1100]	training's rmse: 0.734556	valid_1's rmse: 0.853213
[1200]	training's rmse: 0.722945	valid_1's rmse: 0.849239
[1300]	training's rmse: 0.711854	valid_1's rmse: 0.846377
[1400]	training's rmse: 0.701989	valid_1's rmse: 0.843532
[1500]	training's rmse: 0.692194	valid_1's rmse: 0.840237
[1600]	training's rmse: 0.682594	valid_1's rmse: 0.837047
[1700]	training's rmse: 0.673929	valid_1's rmse: 0.834836
[1800]	training's rmse: 0.665268	valid_1's rmse: 0.832364
[1900]	training's rmse: 0.656843	valid_1's rmse: 0.830454
[2000]	training's rmse: 0.648578	valid_1's rmse: 0.828305
[2100]	training's rmse: 0.64022	valid_1's rmse: 0.826316
[2200]	training's rmse: 0.632833	valid_1's rmse: 0.824204
[2300]	training's rmse: 0.625775	valid_1's rmse: 0.822666
[2400]	training's rmse: 0.618286	valid_1's rmse: 0.821529
[2500]	training's rmse: 0.611255	valid_1's rmse: 0.820035
[2600]	training's rmse: 0.604086	valid_1's rmse: 0.818843
[2700]	training's rmse: 0.596888	valid_1's rmse: 0.81713
[2800]	training's rmse: 0.590079	valid_1's rmse: 0.815959
[2900]	training's rmse: 0.583656	valid_1's rmse: 0.814737
[3000]	training's rmse: 0.577226	valid_1's rmse: 0.813536
[3100]	training's rmse: 0.571224	valid_1's rmse: 0.812472
[3200]	training's rmse: 0.56547	valid_1's rmse: 0.81157
[3300]	training's rmse: 0.559483	valid_1's rmse: 0.810169
[3400]	training's rmse: 0.553425	valid_1's rmse: 0.809029
[3500]	training's rmse: 0.547833	valid_1's rmse: 0.807988
[3600]	training's rmse: 0.541827	valid_1's rmse: 0.807172
[3700]	training's rmse: 0.536253	valid_1's rmse: 0.806087
[3800]	training's rmse: 0.530632	valid_1's rmse: 0.80557
[3900]	training's rmse: 0.525432	valid_1's rmse: 0.804801
[4000]	training's rmse: 0.520096	valid_1's rmse: 0.803882
[4100]	training's rmse: 0.515409	valid_1's rmse: 0.803367
[4200]	training's rmse: 0.510081	valid_1's rmse: 0.802836
[4300]	training's rmse: 0.504854	valid_1's rmse: 0.802219
[4400]	training's rmse: 0.500181	valid_1's rmse: 0.801532
[4500]	training's rmse: 0.495559	valid_1's rmse: 0.800891
[4600]	training's rmse: 0.490879	valid_1's rmse: 0.800465
[4700]	training's rmse: 0.486209	valid_1's rmse: 0.800338
[4800]	training's rmse: 0.481236	valid_1's rmse: 0.799875
[4900]	training's rmse: 0.476831	valid_1's rmse: 0.799674
[5000]	training's rmse: 0.472458	valid_1's rmse: 0.799121
[5100]	training's rmse: 0.468243	valid_1's rmse: 0.799043
##### feature importance #####
                                   importance
feature                                      
Year_of_Release                  27540.507099
User_Momentum                    25754.411195
User_Count                       23582.822399
publisher_Platform_pca_4         22450.561018
Critic_Momentum                  18473.637658
Platform_PC                      16443.699132
publisher_Rating_pca_0           14697.834811
Platform_Year_of_Release         11796.172047
Critic_Count                     11224.856272
publisher_Genre_pca_0            10052.303395
name_bert_pca_1                   8974.444153
num_series                        8915.021348
num_series_norm                   7501.985743
Platform_Rating                   7380.098876
Platform_Genre                    6272.144745
series_lifespan                   5847.101505
publisher_Genre_pca_3             5684.418610
Critic_Score                      5304.064271
name_bert_pca_4                   5106.751411
publisher_Platform_pca_1          5073.129857
publisher_Genre_pca_5             4830.789792
publisher_Platform_pca_0          4654.498078
Name                              4623.378601
publisher_Year_of_Release_pca_6   4138.033191
name_bert_pca_0                   3931.139086
name_bert_pca_17                  3892.351217
pub_bert_pca_13                   3832.166808
User_Score                        3773.967842
pub_bert_pca_22                   3726.920029
publisher_Platform_pca_3          3579.453081
name_bert_pca_7                   3536.608573
publisher_Year_of_Release_pca_1   3444.015254
name_bert_pca_12                  3271.826015
name_bert_pca_22                  3159.184088
name_bert_pca_10                  2989.213984
name_bert_pca_3                   2880.528017
pub_bert_pca_25                   2877.750806
publisher_Rating_pca_1            2861.804397
name_bert_pca_2                   2842.735592
name_bert_pca_5                   2809.057922
name_bert_pca_14                  2715.626551
publisher_Genre_pca_2             2635.101324
name_bert_pca_44                  2612.508300
name_bert_pca_39                  2562.017190
name_bert_pca_30                  2561.608450
name_bert_pca_13                  2541.631845
publisher_Year_of_Release_pca_0   2513.998921
name_bert_pca_43                  2438.903696
name_bert_pca_35                  2414.948979
name_bert_pca_49                  2346.008993
cv_score_fold_mean: 0.7966078882037757
