logs/exp058.log
feature using: ['Base_6', 'BertPCA50', 'Momentum', 'Interaction', 'SimultaneousPlatformCount', 'PublisherPCA', 'DeveloperPCA', 'Series', 'NumSeries', 'NumSeriesNormalized', 'SeriesLifespan', 'PublisherDeveloperLDA', 'DeveloperPublisherLDA', 'ScoreDiffFromPlatform', 'ScoreRatioFromPlatform', 'ScoreDiffFromYear', 'ScoreRatioFromYear', 'ScoreDiffFromGenre', 'ScoreRatioFromGenre', 'ScoreDiffFromPublisher', 'ScoreRatioFromPublisher', 'ScoreDiffFromDeveloper', 'ScoreRatioFromDeveloper', 'ScoreDiffFromRating', 'ScoreRatioFromRating', 'SeriesOrder', 'PlatformLDA', 'ScoreDiffFromPlatformYear', 'ScoreRatioFromPlatformYear', 'ScoreDiffFromPlatformGenre', 'ScoreRatioFromPlatformGenre', 'ScoreDiffFromPlatformRating', 'ScoreRatioFromPlatformRating']
----------------------------------------------------------------------------------------------------
Fold 1
[100]	training's rmse: 1.05535	valid_1's rmse: 1.05488
[200]	training's rmse: 0.932725	valid_1's rmse: 0.951672
[300]	training's rmse: 0.874672	valid_1's rmse: 0.908293
[400]	training's rmse: 0.840491	valid_1's rmse: 0.885913
[500]	training's rmse: 0.8156	valid_1's rmse: 0.873185
[600]	training's rmse: 0.795062	valid_1's rmse: 0.861754
[700]	training's rmse: 0.777988	valid_1's rmse: 0.854029
[800]	training's rmse: 0.7626	valid_1's rmse: 0.848934
[900]	training's rmse: 0.749025	valid_1's rmse: 0.842632
[1000]	training's rmse: 0.735336	valid_1's rmse: 0.837942
[1100]	training's rmse: 0.72308	valid_1's rmse: 0.834164
[1200]	training's rmse: 0.711696	valid_1's rmse: 0.830431
[1300]	training's rmse: 0.7002	valid_1's rmse: 0.827549
[1400]	training's rmse: 0.689616	valid_1's rmse: 0.824955
[1500]	training's rmse: 0.679283	valid_1's rmse: 0.82158
[1600]	training's rmse: 0.670334	valid_1's rmse: 0.819046
[1700]	training's rmse: 0.661507	valid_1's rmse: 0.817243
[1800]	training's rmse: 0.652152	valid_1's rmse: 0.814969
[1900]	training's rmse: 0.643823	valid_1's rmse: 0.813253
[2000]	training's rmse: 0.635342	valid_1's rmse: 0.811198
[2100]	training's rmse: 0.627249	valid_1's rmse: 0.809506
[2200]	training's rmse: 0.618689	valid_1's rmse: 0.807371
[2300]	training's rmse: 0.610706	valid_1's rmse: 0.805831
[2400]	training's rmse: 0.60307	valid_1's rmse: 0.804146
[2500]	training's rmse: 0.595814	valid_1's rmse: 0.802742
[2600]	training's rmse: 0.589143	valid_1's rmse: 0.801342
[2700]	training's rmse: 0.58208	valid_1's rmse: 0.800253
[2800]	training's rmse: 0.575698	valid_1's rmse: 0.799647
[2900]	training's rmse: 0.56864	valid_1's rmse: 0.798419
[3000]	training's rmse: 0.562044	valid_1's rmse: 0.797625
[3100]	training's rmse: 0.555698	valid_1's rmse: 0.796847
[3200]	training's rmse: 0.549181	valid_1's rmse: 0.795778
[3300]	training's rmse: 0.54274	valid_1's rmse: 0.795329
[3400]	training's rmse: 0.536327	valid_1's rmse: 0.794446
[3500]	training's rmse: 0.530555	valid_1's rmse: 0.793209
[3600]	training's rmse: 0.524393	valid_1's rmse: 0.792797
[3700]	training's rmse: 0.519245	valid_1's rmse: 0.792109
[3800]	training's rmse: 0.513897	valid_1's rmse: 0.791565
[3900]	training's rmse: 0.50798	valid_1's rmse: 0.791052
[4000]	training's rmse: 0.502908	valid_1's rmse: 0.790595
[4100]	training's rmse: 0.497024	valid_1's rmse: 0.789942
[4200]	training's rmse: 0.491959	valid_1's rmse: 0.789547
[4300]	training's rmse: 0.486562	valid_1's rmse: 0.78853
[4400]	training's rmse: 0.481799	valid_1's rmse: 0.788052
[4500]	training's rmse: 0.476777	valid_1's rmse: 0.787261
[4600]	training's rmse: 0.471868	valid_1's rmse: 0.78662
[4700]	training's rmse: 0.467198	valid_1's rmse: 0.786161
[4800]	training's rmse: 0.462515	valid_1's rmse: 0.785927
[4900]	training's rmse: 0.457614	valid_1's rmse: 0.785405
[5000]	training's rmse: 0.452699	valid_1's rmse: 0.785029
[5100]	training's rmse: 0.447856	valid_1's rmse: 0.784807
[5200]	training's rmse: 0.443161	valid_1's rmse: 0.784334
[5300]	training's rmse: 0.438879	valid_1's rmse: 0.784128
[5400]	training's rmse: 0.434371	valid_1's rmse: 0.783821
[5500]	training's rmse: 0.430262	valid_1's rmse: 0.783275
[5600]	training's rmse: 0.426281	valid_1's rmse: 0.783101
----------------------------------------------------------------------------------------------------
Fold 2
[100]	training's rmse: 1.05503	valid_1's rmse: 1.06557
[200]	training's rmse: 0.931415	valid_1's rmse: 0.959411
[300]	training's rmse: 0.872579	valid_1's rmse: 0.917749
[400]	training's rmse: 0.838733	valid_1's rmse: 0.898026
[500]	training's rmse: 0.813367	valid_1's rmse: 0.886676
[600]	training's rmse: 0.792619	valid_1's rmse: 0.879666
[700]	training's rmse: 0.774585	valid_1's rmse: 0.875592
[800]	training's rmse: 0.758661	valid_1's rmse: 0.87264
[900]	training's rmse: 0.743896	valid_1's rmse: 0.869478
[1000]	training's rmse: 0.730982	valid_1's rmse: 0.866682
[1100]	training's rmse: 0.718048	valid_1's rmse: 0.863874
[1200]	training's rmse: 0.706518	valid_1's rmse: 0.861997
[1300]	training's rmse: 0.695514	valid_1's rmse: 0.859983
[1400]	training's rmse: 0.684936	valid_1's rmse: 0.858311
[1500]	training's rmse: 0.674669	valid_1's rmse: 0.856941
[1600]	training's rmse: 0.66473	valid_1's rmse: 0.855147
[1700]	training's rmse: 0.655144	valid_1's rmse: 0.853509
[1800]	training's rmse: 0.646168	valid_1's rmse: 0.853231
[1900]	training's rmse: 0.637861	valid_1's rmse: 0.852564
[2000]	training's rmse: 0.629674	valid_1's rmse: 0.851695
[2100]	training's rmse: 0.621924	valid_1's rmse: 0.850806
[2200]	training's rmse: 0.614189	valid_1's rmse: 0.84988
[2300]	training's rmse: 0.606903	valid_1's rmse: 0.848886
[2400]	training's rmse: 0.599831	valid_1's rmse: 0.847377
[2500]	training's rmse: 0.593031	valid_1's rmse: 0.847234
[2600]	training's rmse: 0.5853	valid_1's rmse: 0.846561
[2700]	training's rmse: 0.578274	valid_1's rmse: 0.845474
[2800]	training's rmse: 0.571243	valid_1's rmse: 0.844671
[2900]	training's rmse: 0.564083	valid_1's rmse: 0.843482
[3000]	training's rmse: 0.55753	valid_1's rmse: 0.842808
[3100]	training's rmse: 0.551305	valid_1's rmse: 0.842159
[3200]	training's rmse: 0.54471	valid_1's rmse: 0.841283
[3300]	training's rmse: 0.538733	valid_1's rmse: 0.840604
[3400]	training's rmse: 0.532351	valid_1's rmse: 0.840034
[3500]	training's rmse: 0.526809	valid_1's rmse: 0.839655
[3600]	training's rmse: 0.520583	valid_1's rmse: 0.83923
[3700]	training's rmse: 0.51478	valid_1's rmse: 0.839333
[3800]	training's rmse: 0.509025	valid_1's rmse: 0.838593
[3900]	training's rmse: 0.503485	valid_1's rmse: 0.837792
[4000]	training's rmse: 0.498166	valid_1's rmse: 0.837571
[4100]	training's rmse: 0.492797	valid_1's rmse: 0.837251
[4200]	training's rmse: 0.487447	valid_1's rmse: 0.836837
[4300]	training's rmse: 0.482041	valid_1's rmse: 0.83664
[4400]	training's rmse: 0.477285	valid_1's rmse: 0.836145
[4500]	training's rmse: 0.472131	valid_1's rmse: 0.835531
[4600]	training's rmse: 0.467248	valid_1's rmse: 0.835436
----------------------------------------------------------------------------------------------------
Fold 3
[100]	training's rmse: 1.05315	valid_1's rmse: 1.06193
[200]	training's rmse: 0.931842	valid_1's rmse: 0.957567
[300]	training's rmse: 0.873903	valid_1's rmse: 0.913317
[400]	training's rmse: 0.840073	valid_1's rmse: 0.890574
[500]	training's rmse: 0.815606	valid_1's rmse: 0.875447
[600]	training's rmse: 0.796545	valid_1's rmse: 0.863525
[700]	training's rmse: 0.780223	valid_1's rmse: 0.853313
[800]	training's rmse: 0.764781	valid_1's rmse: 0.843791
[900]	training's rmse: 0.751471	valid_1's rmse: 0.835591
[1000]	training's rmse: 0.738196	valid_1's rmse: 0.827876
[1100]	training's rmse: 0.725743	valid_1's rmse: 0.821864
[1200]	training's rmse: 0.713947	valid_1's rmse: 0.816636
[1300]	training's rmse: 0.702913	valid_1's rmse: 0.811245
[1400]	training's rmse: 0.692345	valid_1's rmse: 0.805377
[1500]	training's rmse: 0.682182	valid_1's rmse: 0.801704
[1600]	training's rmse: 0.672632	valid_1's rmse: 0.797915
[1700]	training's rmse: 0.663843	valid_1's rmse: 0.794338
[1800]	training's rmse: 0.655187	valid_1's rmse: 0.790461
[1900]	training's rmse: 0.646003	valid_1's rmse: 0.786466
[2000]	training's rmse: 0.638048	valid_1's rmse: 0.78314
[2100]	training's rmse: 0.629867	valid_1's rmse: 0.779388
[2200]	training's rmse: 0.621682	valid_1's rmse: 0.776726
[2300]	training's rmse: 0.613384	valid_1's rmse: 0.774023
[2400]	training's rmse: 0.606196	valid_1's rmse: 0.771334
[2500]	training's rmse: 0.598564	valid_1's rmse: 0.768929
[2600]	training's rmse: 0.591558	valid_1's rmse: 0.767015
[2700]	training's rmse: 0.584924	valid_1's rmse: 0.764863
[2800]	training's rmse: 0.577833	valid_1's rmse: 0.76223
[2900]	training's rmse: 0.571355	valid_1's rmse: 0.760445
[3000]	training's rmse: 0.564715	valid_1's rmse: 0.75851
[3100]	training's rmse: 0.558458	valid_1's rmse: 0.757057
[3200]	training's rmse: 0.55231	valid_1's rmse: 0.755446
[3300]	training's rmse: 0.545929	valid_1's rmse: 0.753583
[3400]	training's rmse: 0.539592	valid_1's rmse: 0.751493
[3500]	training's rmse: 0.533615	valid_1's rmse: 0.750157
[3600]	training's rmse: 0.527343	valid_1's rmse: 0.748801
[3700]	training's rmse: 0.521417	valid_1's rmse: 0.747235
[3800]	training's rmse: 0.515641	valid_1's rmse: 0.745636
[3900]	training's rmse: 0.510128	valid_1's rmse: 0.744406
[4000]	training's rmse: 0.504659	valid_1's rmse: 0.743166
[4100]	training's rmse: 0.499265	valid_1's rmse: 0.741654
[4200]	training's rmse: 0.493929	valid_1's rmse: 0.740326
[4300]	training's rmse: 0.488928	valid_1's rmse: 0.739529
[4400]	training's rmse: 0.483923	valid_1's rmse: 0.73875
[4500]	training's rmse: 0.478663	valid_1's rmse: 0.737474
[4600]	training's rmse: 0.473358	valid_1's rmse: 0.736384
[4700]	training's rmse: 0.468712	valid_1's rmse: 0.735847
[4800]	training's rmse: 0.464366	valid_1's rmse: 0.734773
[4900]	training's rmse: 0.459651	valid_1's rmse: 0.733777
[5000]	training's rmse: 0.455121	valid_1's rmse: 0.733127
[5100]	training's rmse: 0.450646	valid_1's rmse: 0.732369
[5200]	training's rmse: 0.445961	valid_1's rmse: 0.731524
[5300]	training's rmse: 0.441609	valid_1's rmse: 0.730592
[5400]	training's rmse: 0.437147	valid_1's rmse: 0.729523
[5500]	training's rmse: 0.433448	valid_1's rmse: 0.728851
[5600]	training's rmse: 0.428829	valid_1's rmse: 0.727858
[5700]	training's rmse: 0.424565	valid_1's rmse: 0.726816
[5800]	training's rmse: 0.420119	valid_1's rmse: 0.726064
[5900]	training's rmse: 0.416029	valid_1's rmse: 0.725451
[6000]	training's rmse: 0.412235	valid_1's rmse: 0.724762
[6100]	training's rmse: 0.408157	valid_1's rmse: 0.724198
[6200]	training's rmse: 0.404405	valid_1's rmse: 0.723606
[6300]	training's rmse: 0.40071	valid_1's rmse: 0.723212
[6400]	training's rmse: 0.39673	valid_1's rmse: 0.722859
[6500]	training's rmse: 0.39314	valid_1's rmse: 0.722291
[6600]	training's rmse: 0.389517	valid_1's rmse: 0.721769
[6700]	training's rmse: 0.385821	valid_1's rmse: 0.721199
[6800]	training's rmse: 0.382166	valid_1's rmse: 0.72052
[6900]	training's rmse: 0.378804	valid_1's rmse: 0.719943
[7000]	training's rmse: 0.375208	valid_1's rmse: 0.719449
[7100]	training's rmse: 0.371679	valid_1's rmse: 0.718789
[7200]	training's rmse: 0.368349	valid_1's rmse: 0.718361
[7300]	training's rmse: 0.364863	valid_1's rmse: 0.717765
[7400]	training's rmse: 0.361825	valid_1's rmse: 0.717344
[7500]	training's rmse: 0.358492	valid_1's rmse: 0.716906
[7600]	training's rmse: 0.355046	valid_1's rmse: 0.716663
[7700]	training's rmse: 0.351984	valid_1's rmse: 0.716156
[7800]	training's rmse: 0.348761	valid_1's rmse: 0.715917
[7900]	training's rmse: 0.345519	valid_1's rmse: 0.715443
[8000]	training's rmse: 0.342324	valid_1's rmse: 0.714878
[8100]	training's rmse: 0.339523	valid_1's rmse: 0.71453
[8200]	training's rmse: 0.336409	valid_1's rmse: 0.713904
[8300]	training's rmse: 0.333374	valid_1's rmse: 0.713289
[8400]	training's rmse: 0.330722	valid_1's rmse: 0.713008
[8500]	training's rmse: 0.327847	valid_1's rmse: 0.712401
[8600]	training's rmse: 0.325086	valid_1's rmse: 0.712048
[8700]	training's rmse: 0.322056	valid_1's rmse: 0.7116
[8800]	training's rmse: 0.319417	valid_1's rmse: 0.711358
[8900]	training's rmse: 0.316816	valid_1's rmse: 0.710684
[9000]	training's rmse: 0.314175	valid_1's rmse: 0.710516
[9100]	training's rmse: 0.311469	valid_1's rmse: 0.710434
[9200]	training's rmse: 0.308738	valid_1's rmse: 0.710064
[9300]	training's rmse: 0.306113	valid_1's rmse: 0.709749
[9400]	training's rmse: 0.303424	valid_1's rmse: 0.7095
[9500]	training's rmse: 0.300945	valid_1's rmse: 0.709466
----------------------------------------------------------------------------------------------------
Fold 4
[100]	training's rmse: 1.05135	valid_1's rmse: 1.08082
[200]	training's rmse: 0.929534	valid_1's rmse: 0.974023
[300]	training's rmse: 0.872055	valid_1's rmse: 0.929369
[400]	training's rmse: 0.837374	valid_1's rmse: 0.90711
[500]	training's rmse: 0.811657	valid_1's rmse: 0.893601
[600]	training's rmse: 0.791828	valid_1's rmse: 0.885134
[700]	training's rmse: 0.774953	valid_1's rmse: 0.877885
[800]	training's rmse: 0.758652	valid_1's rmse: 0.87263
[900]	training's rmse: 0.744224	valid_1's rmse: 0.868829
[1000]	training's rmse: 0.731282	valid_1's rmse: 0.864812
[1100]	training's rmse: 0.719007	valid_1's rmse: 0.861904
[1200]	training's rmse: 0.707825	valid_1's rmse: 0.860211
[1300]	training's rmse: 0.697048	valid_1's rmse: 0.857749
[1400]	training's rmse: 0.685901	valid_1's rmse: 0.855376
[1500]	training's rmse: 0.675522	valid_1's rmse: 0.853811
[1600]	training's rmse: 0.665451	valid_1's rmse: 0.851807
[1700]	training's rmse: 0.65591	valid_1's rmse: 0.850678
[1800]	training's rmse: 0.647328	valid_1's rmse: 0.849511
[1900]	training's rmse: 0.638933	valid_1's rmse: 0.848203
[2000]	training's rmse: 0.630595	valid_1's rmse: 0.847122
[2100]	training's rmse: 0.621645	valid_1's rmse: 0.845312
[2200]	training's rmse: 0.613737	valid_1's rmse: 0.844207
[2300]	training's rmse: 0.605882	valid_1's rmse: 0.843137
[2400]	training's rmse: 0.598331	valid_1's rmse: 0.842391
[2500]	training's rmse: 0.590629	valid_1's rmse: 0.84166
[2600]	training's rmse: 0.583815	valid_1's rmse: 0.840842
[2700]	training's rmse: 0.576712	valid_1's rmse: 0.840238
[2800]	training's rmse: 0.569732	valid_1's rmse: 0.839314
[2900]	training's rmse: 0.563173	valid_1's rmse: 0.839006
[3000]	training's rmse: 0.55673	valid_1's rmse: 0.838618
[3100]	training's rmse: 0.550037	valid_1's rmse: 0.837872
[3200]	training's rmse: 0.543317	valid_1's rmse: 0.837217
[3300]	training's rmse: 0.537068	valid_1's rmse: 0.836898
[3400]	training's rmse: 0.530981	valid_1's rmse: 0.83611
[3500]	training's rmse: 0.525246	valid_1's rmse: 0.835917
[3600]	training's rmse: 0.51916	valid_1's rmse: 0.834879
[3700]	training's rmse: 0.513626	valid_1's rmse: 0.834305
[3800]	training's rmse: 0.508027	valid_1's rmse: 0.833852
[3900]	training's rmse: 0.502804	valid_1's rmse: 0.833164
[4000]	training's rmse: 0.497543	valid_1's rmse: 0.832881
[4100]	training's rmse: 0.491994	valid_1's rmse: 0.83239
[4200]	training's rmse: 0.48659	valid_1's rmse: 0.831839
[4300]	training's rmse: 0.481504	valid_1's rmse: 0.831207
[4400]	training's rmse: 0.476306	valid_1's rmse: 0.830729
----------------------------------------------------------------------------------------------------
Fold 5
[100]	training's rmse: 1.0559	valid_1's rmse: 1.04697
[200]	training's rmse: 0.934283	valid_1's rmse: 0.926071
[300]	training's rmse: 0.8767	valid_1's rmse: 0.873774
[400]	training's rmse: 0.843211	valid_1's rmse: 0.845109
[500]	training's rmse: 0.818325	valid_1's rmse: 0.827093
[600]	training's rmse: 0.798285	valid_1's rmse: 0.814226
[700]	training's rmse: 0.780842	valid_1's rmse: 0.805867
[800]	training's rmse: 0.76597	valid_1's rmse: 0.798346
[900]	training's rmse: 0.752309	valid_1's rmse: 0.792208
[1000]	training's rmse: 0.738721	valid_1's rmse: 0.786557
[1100]	training's rmse: 0.726549	valid_1's rmse: 0.782027
[1200]	training's rmse: 0.714582	valid_1's rmse: 0.777542
[1300]	training's rmse: 0.703024	valid_1's rmse: 0.773646
[1400]	training's rmse: 0.692371	valid_1's rmse: 0.770554
[1500]	training's rmse: 0.682408	valid_1's rmse: 0.767767
[1600]	training's rmse: 0.672381	valid_1's rmse: 0.76543
[1700]	training's rmse: 0.663236	valid_1's rmse: 0.762554
[1800]	training's rmse: 0.653419	valid_1's rmse: 0.760287
[1900]	training's rmse: 0.644534	valid_1's rmse: 0.758507
[2000]	training's rmse: 0.635793	valid_1's rmse: 0.756688
[2100]	training's rmse: 0.627787	valid_1's rmse: 0.754536
[2200]	training's rmse: 0.619504	valid_1's rmse: 0.753045
[2300]	training's rmse: 0.611577	valid_1's rmse: 0.751685
[2400]	training's rmse: 0.603529	valid_1's rmse: 0.750146
[2500]	training's rmse: 0.596017	valid_1's rmse: 0.749248
[2600]	training's rmse: 0.589121	valid_1's rmse: 0.747857
[2700]	training's rmse: 0.582071	valid_1's rmse: 0.745906
[2800]	training's rmse: 0.574974	valid_1's rmse: 0.745282
[2900]	training's rmse: 0.568139	valid_1's rmse: 0.744636
[3000]	training's rmse: 0.561538	valid_1's rmse: 0.743262
[3100]	training's rmse: 0.555251	valid_1's rmse: 0.742724
[3200]	training's rmse: 0.549196	valid_1's rmse: 0.741372
[3300]	training's rmse: 0.542591	valid_1's rmse: 0.740422
[3400]	training's rmse: 0.536472	valid_1's rmse: 0.739767
[3500]	training's rmse: 0.530237	valid_1's rmse: 0.739108
[3600]	training's rmse: 0.52431	valid_1's rmse: 0.738777
[3700]	training's rmse: 0.518565	valid_1's rmse: 0.738438
[3800]	training's rmse: 0.512728	valid_1's rmse: 0.737693
[3900]	training's rmse: 0.506775	valid_1's rmse: 0.736533
[4000]	training's rmse: 0.501208	valid_1's rmse: 0.735952
[4100]	training's rmse: 0.495695	valid_1's rmse: 0.735467
[4200]	training's rmse: 0.49029	valid_1's rmse: 0.734575
[4300]	training's rmse: 0.485156	valid_1's rmse: 0.734239
[4400]	training's rmse: 0.480135	valid_1's rmse: 0.733356
[4500]	training's rmse: 0.475129	valid_1's rmse: 0.733356
[4600]	training's rmse: 0.47025	valid_1's rmse: 0.732669
[4700]	training's rmse: 0.465689	valid_1's rmse: 0.732398
[4800]	training's rmse: 0.460689	valid_1's rmse: 0.732109
[4900]	training's rmse: 0.455971	valid_1's rmse: 0.731614
[5000]	training's rmse: 0.451335	valid_1's rmse: 0.731287
[5100]	training's rmse: 0.446658	valid_1's rmse: 0.731067
[5200]	training's rmse: 0.442033	valid_1's rmse: 0.730882
[5300]	training's rmse: 0.437523	valid_1's rmse: 0.730343
[5400]	training's rmse: 0.433183	valid_1's rmse: 0.730221
[5500]	training's rmse: 0.428893	valid_1's rmse: 0.730235
----------------------------------------------------------------------------------------------------
Fold 6
[100]	training's rmse: 1.04599	valid_1's rmse: 1.11684
[200]	training's rmse: 0.923863	valid_1's rmse: 1.02014
[300]	training's rmse: 0.867055	valid_1's rmse: 0.977685
[400]	training's rmse: 0.833219	valid_1's rmse: 0.954022
[500]	training's rmse: 0.808914	valid_1's rmse: 0.937835
[600]	training's rmse: 0.789456	valid_1's rmse: 0.926524
[700]	training's rmse: 0.772326	valid_1's rmse: 0.917451
[800]	training's rmse: 0.757325	valid_1's rmse: 0.909059
[900]	training's rmse: 0.743087	valid_1's rmse: 0.902956
[1000]	training's rmse: 0.729251	valid_1's rmse: 0.89625
[1100]	training's rmse: 0.716665	valid_1's rmse: 0.890886
[1200]	training's rmse: 0.70541	valid_1's rmse: 0.886505
[1300]	training's rmse: 0.69527	valid_1's rmse: 0.882668
[1400]	training's rmse: 0.684701	valid_1's rmse: 0.879213
[1500]	training's rmse: 0.674221	valid_1's rmse: 0.87552
[1600]	training's rmse: 0.664972	valid_1's rmse: 0.872576
[1700]	training's rmse: 0.655824	valid_1's rmse: 0.869496
[1800]	training's rmse: 0.647089	valid_1's rmse: 0.866605
[1900]	training's rmse: 0.638549	valid_1's rmse: 0.864607
[2000]	training's rmse: 0.629905	valid_1's rmse: 0.862242
[2100]	training's rmse: 0.621816	valid_1's rmse: 0.860052
[2200]	training's rmse: 0.614434	valid_1's rmse: 0.857701
[2300]	training's rmse: 0.606874	valid_1's rmse: 0.855409
[2400]	training's rmse: 0.599092	valid_1's rmse: 0.85371
[2500]	training's rmse: 0.591685	valid_1's rmse: 0.851794
[2600]	training's rmse: 0.584608	valid_1's rmse: 0.849878
[2700]	training's rmse: 0.577825	valid_1's rmse: 0.847861
[2800]	training's rmse: 0.571102	valid_1's rmse: 0.846071
[2900]	training's rmse: 0.564194	valid_1's rmse: 0.844259
[3000]	training's rmse: 0.557245	valid_1's rmse: 0.842449
[3100]	training's rmse: 0.551007	valid_1's rmse: 0.840771
[3200]	training's rmse: 0.545094	valid_1's rmse: 0.839821
[3300]	training's rmse: 0.539135	valid_1's rmse: 0.838358
[3400]	training's rmse: 0.533186	valid_1's rmse: 0.836937
[3500]	training's rmse: 0.527109	valid_1's rmse: 0.835858
[3600]	training's rmse: 0.521182	valid_1's rmse: 0.83506
[3700]	training's rmse: 0.515298	valid_1's rmse: 0.833762
[3800]	training's rmse: 0.509615	valid_1's rmse: 0.832611
[3900]	training's rmse: 0.504054	valid_1's rmse: 0.831524
[4000]	training's rmse: 0.498416	valid_1's rmse: 0.830331
[4100]	training's rmse: 0.492903	valid_1's rmse: 0.829566
[4200]	training's rmse: 0.487583	valid_1's rmse: 0.828872
[4300]	training's rmse: 0.482703	valid_1's rmse: 0.827824
[4400]	training's rmse: 0.477144	valid_1's rmse: 0.827187
[4500]	training's rmse: 0.472178	valid_1's rmse: 0.826675
[4600]	training's rmse: 0.467063	valid_1's rmse: 0.825597
[4700]	training's rmse: 0.46211	valid_1's rmse: 0.824919
[4800]	training's rmse: 0.457485	valid_1's rmse: 0.82398
[4900]	training's rmse: 0.452897	valid_1's rmse: 0.823437
[5000]	training's rmse: 0.448351	valid_1's rmse: 0.822961
[5100]	training's rmse: 0.443908	valid_1's rmse: 0.822115
[5200]	training's rmse: 0.439496	valid_1's rmse: 0.821616
[5300]	training's rmse: 0.435093	valid_1's rmse: 0.821039
[5400]	training's rmse: 0.430548	valid_1's rmse: 0.82041
[5500]	training's rmse: 0.426448	valid_1's rmse: 0.819757
[5600]	training's rmse: 0.422421	valid_1's rmse: 0.819346
[5700]	training's rmse: 0.418538	valid_1's rmse: 0.818807
[5800]	training's rmse: 0.414442	valid_1's rmse: 0.818394
[5900]	training's rmse: 0.410416	valid_1's rmse: 0.817749
[6000]	training's rmse: 0.406275	valid_1's rmse: 0.817421
[6100]	training's rmse: 0.402636	valid_1's rmse: 0.816747
[6200]	training's rmse: 0.398482	valid_1's rmse: 0.816219
[6300]	training's rmse: 0.394817	valid_1's rmse: 0.815836
[6400]	training's rmse: 0.391119	valid_1's rmse: 0.8155
[6500]	training's rmse: 0.387535	valid_1's rmse: 0.815119
[6600]	training's rmse: 0.384006	valid_1's rmse: 0.815003
[6700]	training's rmse: 0.380782	valid_1's rmse: 0.814278
[6800]	training's rmse: 0.377183	valid_1's rmse: 0.813803
[6900]	training's rmse: 0.373902	valid_1's rmse: 0.813173
[7000]	training's rmse: 0.370528	valid_1's rmse: 0.812767
[7100]	training's rmse: 0.367302	valid_1's rmse: 0.812501
[7200]	training's rmse: 0.364135	valid_1's rmse: 0.812317
[7300]	training's rmse: 0.360746	valid_1's rmse: 0.812021
[7400]	training's rmse: 0.357533	valid_1's rmse: 0.81165
[7500]	training's rmse: 0.354312	valid_1's rmse: 0.811431
[7600]	training's rmse: 0.351199	valid_1's rmse: 0.810972
[7700]	training's rmse: 0.348197	valid_1's rmse: 0.810664
[7800]	training's rmse: 0.345229	valid_1's rmse: 0.810576
[7900]	training's rmse: 0.342301	valid_1's rmse: 0.810095
[8000]	training's rmse: 0.339314	valid_1's rmse: 0.8099
[8100]	training's rmse: 0.336447	valid_1's rmse: 0.809598
[8200]	training's rmse: 0.333472	valid_1's rmse: 0.809381
[8300]	training's rmse: 0.330409	valid_1's rmse: 0.809229
[8400]	training's rmse: 0.327684	valid_1's rmse: 0.808969
[8500]	training's rmse: 0.32505	valid_1's rmse: 0.808758
[8600]	training's rmse: 0.322343	valid_1's rmse: 0.808636
[8700]	training's rmse: 0.319536	valid_1's rmse: 0.808281
[8800]	training's rmse: 0.316692	valid_1's rmse: 0.808249
[8900]	training's rmse: 0.314053	valid_1's rmse: 0.808259
----------------------------------------------------------------------------------------------------
Fold 7
[100]	training's rmse: 1.05356	valid_1's rmse: 1.06432
[200]	training's rmse: 0.932126	valid_1's rmse: 0.961142
[300]	training's rmse: 0.873991	valid_1's rmse: 0.91503
[400]	training's rmse: 0.838536	valid_1's rmse: 0.890603
[500]	training's rmse: 0.813935	valid_1's rmse: 0.87589
[600]	training's rmse: 0.793532	valid_1's rmse: 0.864986
[700]	training's rmse: 0.776571	valid_1's rmse: 0.85742
[800]	training's rmse: 0.760621	valid_1's rmse: 0.850373
[900]	training's rmse: 0.746851	valid_1's rmse: 0.844678
[1000]	training's rmse: 0.733512	valid_1's rmse: 0.838871
[1100]	training's rmse: 0.72131	valid_1's rmse: 0.834627
[1200]	training's rmse: 0.710068	valid_1's rmse: 0.83108
[1300]	training's rmse: 0.698618	valid_1's rmse: 0.827723
[1400]	training's rmse: 0.688013	valid_1's rmse: 0.824154
[1500]	training's rmse: 0.67799	valid_1's rmse: 0.821266
[1600]	training's rmse: 0.668422	valid_1's rmse: 0.819459
[1700]	training's rmse: 0.659392	valid_1's rmse: 0.817323
[1800]	training's rmse: 0.65066	valid_1's rmse: 0.815316
[1900]	training's rmse: 0.641457	valid_1's rmse: 0.812738
[2000]	training's rmse: 0.633019	valid_1's rmse: 0.81077
[2100]	training's rmse: 0.62494	valid_1's rmse: 0.80891
[2200]	training's rmse: 0.616956	valid_1's rmse: 0.807301
[2300]	training's rmse: 0.609337	valid_1's rmse: 0.806027
[2400]	training's rmse: 0.602121	valid_1's rmse: 0.804605
[2500]	training's rmse: 0.59453	valid_1's rmse: 0.80257
[2600]	training's rmse: 0.587004	valid_1's rmse: 0.801632
[2700]	training's rmse: 0.579754	valid_1's rmse: 0.800329
[2800]	training's rmse: 0.572209	valid_1's rmse: 0.799273
[2900]	training's rmse: 0.565668	valid_1's rmse: 0.798276
[3000]	training's rmse: 0.558871	valid_1's rmse: 0.797424
[3100]	training's rmse: 0.552547	valid_1's rmse: 0.796749
[3200]	training's rmse: 0.545956	valid_1's rmse: 0.795117
[3300]	training's rmse: 0.539799	valid_1's rmse: 0.794088
[3400]	training's rmse: 0.534012	valid_1's rmse: 0.792903
[3500]	training's rmse: 0.528482	valid_1's rmse: 0.791869
[3600]	training's rmse: 0.52294	valid_1's rmse: 0.791029
[3700]	training's rmse: 0.517362	valid_1's rmse: 0.790712
[3800]	training's rmse: 0.511852	valid_1's rmse: 0.789987
[3900]	training's rmse: 0.506124	valid_1's rmse: 0.789664
[4000]	training's rmse: 0.49995	valid_1's rmse: 0.788457
[4100]	training's rmse: 0.49445	valid_1's rmse: 0.788139
[4200]	training's rmse: 0.489271	valid_1's rmse: 0.787711
[4300]	training's rmse: 0.483875	valid_1's rmse: 0.787348
[4400]	training's rmse: 0.478919	valid_1's rmse: 0.787276
[4500]	training's rmse: 0.473577	valid_1's rmse: 0.78657
[4600]	training's rmse: 0.468808	valid_1's rmse: 0.785745
[4700]	training's rmse: 0.464163	valid_1's rmse: 0.785221
[4800]	training's rmse: 0.459503	valid_1's rmse: 0.784782
[4900]	training's rmse: 0.45478	valid_1's rmse: 0.784327
[5000]	training's rmse: 0.450223	valid_1's rmse: 0.78391
[5100]	training's rmse: 0.445481	valid_1's rmse: 0.783492
[5200]	training's rmse: 0.441289	valid_1's rmse: 0.783149
[5300]	training's rmse: 0.436507	valid_1's rmse: 0.782674
[5400]	training's rmse: 0.432033	valid_1's rmse: 0.78219
[5500]	training's rmse: 0.427835	valid_1's rmse: 0.782001
[5600]	training's rmse: 0.423498	valid_1's rmse: 0.781959
[5700]	training's rmse: 0.419491	valid_1's rmse: 0.781709
[5800]	training's rmse: 0.415362	valid_1's rmse: 0.781542
[5900]	training's rmse: 0.411243	valid_1's rmse: 0.781011
[6000]	training's rmse: 0.407397	valid_1's rmse: 0.780991
[6100]	training's rmse: 0.403328	valid_1's rmse: 0.780958
----------------------------------------------------------------------------------------------------
Fold 8
[100]	training's rmse: 1.05223	valid_1's rmse: 1.0705
[200]	training's rmse: 0.929284	valid_1's rmse: 0.960845
[300]	training's rmse: 0.870912	valid_1's rmse: 0.915294
[400]	training's rmse: 0.83733	valid_1's rmse: 0.892234
[500]	training's rmse: 0.811265	valid_1's rmse: 0.877429
[600]	training's rmse: 0.790941	valid_1's rmse: 0.867607
[700]	training's rmse: 0.774616	valid_1's rmse: 0.860484
[800]	training's rmse: 0.759295	valid_1's rmse: 0.854965
[900]	training's rmse: 0.744986	valid_1's rmse: 0.849971
[1000]	training's rmse: 0.73102	valid_1's rmse: 0.845664
[1100]	training's rmse: 0.718535	valid_1's rmse: 0.841676
[1200]	training's rmse: 0.706082	valid_1's rmse: 0.837396
[1300]	training's rmse: 0.695287	valid_1's rmse: 0.835241
[1400]	training's rmse: 0.684941	valid_1's rmse: 0.831921
[1500]	training's rmse: 0.675406	valid_1's rmse: 0.829455
[1600]	training's rmse: 0.665939	valid_1's rmse: 0.827568
[1700]	training's rmse: 0.657246	valid_1's rmse: 0.825427
[1800]	training's rmse: 0.648024	valid_1's rmse: 0.823661
[1900]	training's rmse: 0.639547	valid_1's rmse: 0.821334
[2000]	training's rmse: 0.631179	valid_1's rmse: 0.819899
[2100]	training's rmse: 0.623246	valid_1's rmse: 0.818016
[2200]	training's rmse: 0.614874	valid_1's rmse: 0.816579
[2300]	training's rmse: 0.607655	valid_1's rmse: 0.815371
[2400]	training's rmse: 0.599415	valid_1's rmse: 0.813543
[2500]	training's rmse: 0.592547	valid_1's rmse: 0.8122
[2600]	training's rmse: 0.58571	valid_1's rmse: 0.811014
[2700]	training's rmse: 0.578654	valid_1's rmse: 0.809873
[2800]	training's rmse: 0.571851	valid_1's rmse: 0.809088
[2900]	training's rmse: 0.565115	valid_1's rmse: 0.807747
[3000]	training's rmse: 0.558325	valid_1's rmse: 0.806327
[3100]	training's rmse: 0.552389	valid_1's rmse: 0.805444
[3200]	training's rmse: 0.546124	valid_1's rmse: 0.804773
[3300]	training's rmse: 0.539816	valid_1's rmse: 0.80384
[3400]	training's rmse: 0.533291	valid_1's rmse: 0.803047
[3500]	training's rmse: 0.527442	valid_1's rmse: 0.802155
[3600]	training's rmse: 0.521388	valid_1's rmse: 0.801728
[3700]	training's rmse: 0.515542	valid_1's rmse: 0.80081
[3800]	training's rmse: 0.509746	valid_1's rmse: 0.799341
[3900]	training's rmse: 0.504201	valid_1's rmse: 0.798473
[4000]	training's rmse: 0.498858	valid_1's rmse: 0.797403
[4100]	training's rmse: 0.493099	valid_1's rmse: 0.796285
[4200]	training's rmse: 0.487544	valid_1's rmse: 0.795422
[4300]	training's rmse: 0.482673	valid_1's rmse: 0.794466
[4400]	training's rmse: 0.477264	valid_1's rmse: 0.793523
[4500]	training's rmse: 0.472364	valid_1's rmse: 0.792734
[4600]	training's rmse: 0.46741	valid_1's rmse: 0.791866
[4700]	training's rmse: 0.4629	valid_1's rmse: 0.79153
[4800]	training's rmse: 0.457713	valid_1's rmse: 0.790675
[4900]	training's rmse: 0.452853	valid_1's rmse: 0.789783
[5000]	training's rmse: 0.448325	valid_1's rmse: 0.788814
[5100]	training's rmse: 0.444026	valid_1's rmse: 0.788004
[5200]	training's rmse: 0.439794	valid_1's rmse: 0.787378
[5300]	training's rmse: 0.435377	valid_1's rmse: 0.786878
[5400]	training's rmse: 0.43118	valid_1's rmse: 0.786305
[5500]	training's rmse: 0.427156	valid_1's rmse: 0.785659
[5600]	training's rmse: 0.423096	valid_1's rmse: 0.785298
[5700]	training's rmse: 0.418912	valid_1's rmse: 0.78477
[5800]	training's rmse: 0.415079	valid_1's rmse: 0.784401
[5900]	training's rmse: 0.411127	valid_1's rmse: 0.783746
[6000]	training's rmse: 0.407233	valid_1's rmse: 0.783174
[6100]	training's rmse: 0.403444	valid_1's rmse: 0.783143
----------------------------------------------------------------------------------------------------
Fold 9
[100]	training's rmse: 1.05422	valid_1's rmse: 1.0441
[200]	training's rmse: 0.933486	valid_1's rmse: 0.931893
[300]	training's rmse: 0.876174	valid_1's rmse: 0.8853
[400]	training's rmse: 0.841944	valid_1's rmse: 0.860781
[500]	training's rmse: 0.817144	valid_1's rmse: 0.84551
[600]	training's rmse: 0.797325	valid_1's rmse: 0.835365
[700]	training's rmse: 0.780559	valid_1's rmse: 0.828261
[800]	training's rmse: 0.765392	valid_1's rmse: 0.821843
[900]	training's rmse: 0.751059	valid_1's rmse: 0.816647
[1000]	training's rmse: 0.73769	valid_1's rmse: 0.81175
[1100]	training's rmse: 0.724227	valid_1's rmse: 0.807259
[1200]	training's rmse: 0.712198	valid_1's rmse: 0.804336
[1300]	training's rmse: 0.700642	valid_1's rmse: 0.801051
[1400]	training's rmse: 0.690028	valid_1's rmse: 0.798632
[1500]	training's rmse: 0.680009	valid_1's rmse: 0.795398
[1600]	training's rmse: 0.670087	valid_1's rmse: 0.793802
[1700]	training's rmse: 0.660355	valid_1's rmse: 0.791189
[1800]	training's rmse: 0.651453	valid_1's rmse: 0.789011
[1900]	training's rmse: 0.642724	valid_1's rmse: 0.787099
[2000]	training's rmse: 0.634046	valid_1's rmse: 0.785394
[2100]	training's rmse: 0.625992	valid_1's rmse: 0.784278
[2200]	training's rmse: 0.61839	valid_1's rmse: 0.782998
[2300]	training's rmse: 0.610218	valid_1's rmse: 0.782154
[2400]	training's rmse: 0.60277	valid_1's rmse: 0.780857
[2500]	training's rmse: 0.594788	valid_1's rmse: 0.77927
[2600]	training's rmse: 0.58783	valid_1's rmse: 0.77784
[2700]	training's rmse: 0.580778	valid_1's rmse: 0.776467
[2800]	training's rmse: 0.573903	valid_1's rmse: 0.775228
[2900]	training's rmse: 0.567091	valid_1's rmse: 0.774327
[3000]	training's rmse: 0.560524	valid_1's rmse: 0.773266
[3100]	training's rmse: 0.553646	valid_1's rmse: 0.771902
[3200]	training's rmse: 0.547371	valid_1's rmse: 0.771672
[3300]	training's rmse: 0.540538	valid_1's rmse: 0.771068
[3400]	training's rmse: 0.534163	valid_1's rmse: 0.770455
[3500]	training's rmse: 0.52853	valid_1's rmse: 0.76961
[3600]	training's rmse: 0.522609	valid_1's rmse: 0.768789
[3700]	training's rmse: 0.516666	valid_1's rmse: 0.768583
[3800]	training's rmse: 0.510815	valid_1's rmse: 0.768094
[3900]	training's rmse: 0.505724	valid_1's rmse: 0.767307
[4000]	training's rmse: 0.49993	valid_1's rmse: 0.766668
[4100]	training's rmse: 0.494803	valid_1's rmse: 0.766295
[4200]	training's rmse: 0.489523	valid_1's rmse: 0.765613
[4300]	training's rmse: 0.484373	valid_1's rmse: 0.765118
[4400]	training's rmse: 0.479424	valid_1's rmse: 0.764932
[4500]	training's rmse: 0.474169	valid_1's rmse: 0.764697
[4600]	training's rmse: 0.469115	valid_1's rmse: 0.764132
[4700]	training's rmse: 0.464094	valid_1's rmse: 0.763997
[4800]	training's rmse: 0.459294	valid_1's rmse: 0.763644
[4900]	training's rmse: 0.454658	valid_1's rmse: 0.763375
[5000]	training's rmse: 0.449781	valid_1's rmse: 0.762836
[5100]	training's rmse: 0.444868	valid_1's rmse: 0.762594
[5200]	training's rmse: 0.440414	valid_1's rmse: 0.762255
[5300]	training's rmse: 0.435843	valid_1's rmse: 0.761643
[5400]	training's rmse: 0.431575	valid_1's rmse: 0.761363
[5500]	training's rmse: 0.427155	valid_1's rmse: 0.760399
[5600]	training's rmse: 0.423211	valid_1's rmse: 0.759964
----------------------------------------------------------------------------------------------------
Fold 10
[100]	training's rmse: 1.05252	valid_1's rmse: 1.07291
[200]	training's rmse: 0.930071	valid_1's rmse: 0.965913
[300]	training's rmse: 0.872615	valid_1's rmse: 0.9205
[400]	training's rmse: 0.838421	valid_1's rmse: 0.895978
[500]	training's rmse: 0.813472	valid_1's rmse: 0.881737
[600]	training's rmse: 0.794241	valid_1's rmse: 0.87103
[700]	training's rmse: 0.77676	valid_1's rmse: 0.862527
[800]	training's rmse: 0.761276	valid_1's rmse: 0.855472
[900]	training's rmse: 0.746781	valid_1's rmse: 0.849331
[1000]	training's rmse: 0.73342	valid_1's rmse: 0.844616
[1100]	training's rmse: 0.721348	valid_1's rmse: 0.83967
[1200]	training's rmse: 0.709585	valid_1's rmse: 0.835638
[1300]	training's rmse: 0.698032	valid_1's rmse: 0.8322
[1400]	training's rmse: 0.68788	valid_1's rmse: 0.828504
[1500]	training's rmse: 0.677948	valid_1's rmse: 0.82558
[1600]	training's rmse: 0.667704	valid_1's rmse: 0.823012
[1700]	training's rmse: 0.658768	valid_1's rmse: 0.820128
[1800]	training's rmse: 0.649827	valid_1's rmse: 0.817237
[1900]	training's rmse: 0.64136	valid_1's rmse: 0.815319
[2000]	training's rmse: 0.632835	valid_1's rmse: 0.813864
[2100]	training's rmse: 0.625202	valid_1's rmse: 0.811888
[2200]	training's rmse: 0.617841	valid_1's rmse: 0.810234
[2300]	training's rmse: 0.609615	valid_1's rmse: 0.808264
[2400]	training's rmse: 0.602376	valid_1's rmse: 0.806952
[2500]	training's rmse: 0.595015	valid_1's rmse: 0.805309
[2600]	training's rmse: 0.587838	valid_1's rmse: 0.80337
[2700]	training's rmse: 0.58103	valid_1's rmse: 0.801931
[2800]	training's rmse: 0.573723	valid_1's rmse: 0.800068
[2900]	training's rmse: 0.56747	valid_1's rmse: 0.798798
[3000]	training's rmse: 0.561119	valid_1's rmse: 0.797271
[3100]	training's rmse: 0.555218	valid_1's rmse: 0.796309
[3200]	training's rmse: 0.548939	valid_1's rmse: 0.795514
[3300]	training's rmse: 0.542587	valid_1's rmse: 0.794059
[3400]	training's rmse: 0.537027	valid_1's rmse: 0.793014
[3500]	training's rmse: 0.530494	valid_1's rmse: 0.79186
[3600]	training's rmse: 0.524268	valid_1's rmse: 0.790996
[3700]	training's rmse: 0.518993	valid_1's rmse: 0.789832
[3800]	training's rmse: 0.513518	valid_1's rmse: 0.788649
[3900]	training's rmse: 0.507794	valid_1's rmse: 0.787531
[4000]	training's rmse: 0.502388	valid_1's rmse: 0.786965
[4100]	training's rmse: 0.4971	valid_1's rmse: 0.786545
[4200]	training's rmse: 0.491584	valid_1's rmse: 0.785637
[4300]	training's rmse: 0.486065	valid_1's rmse: 0.784413
[4400]	training's rmse: 0.481122	valid_1's rmse: 0.783524
[4500]	training's rmse: 0.475807	valid_1's rmse: 0.782662
[4600]	training's rmse: 0.471285	valid_1's rmse: 0.78168
[4700]	training's rmse: 0.466267	valid_1's rmse: 0.780866
[4800]	training's rmse: 0.461464	valid_1's rmse: 0.780331
[4900]	training's rmse: 0.457073	valid_1's rmse: 0.780093
[5000]	training's rmse: 0.452442	valid_1's rmse: 0.779201
[5100]	training's rmse: 0.447989	valid_1's rmse: 0.778851
[5200]	training's rmse: 0.4434	valid_1's rmse: 0.778004
[5300]	training's rmse: 0.439	valid_1's rmse: 0.777451
[5400]	training's rmse: 0.434886	valid_1's rmse: 0.776827
[5500]	training's rmse: 0.430629	valid_1's rmse: 0.776232
[5600]	training's rmse: 0.426666	valid_1's rmse: 0.775935
[5700]	training's rmse: 0.422727	valid_1's rmse: 0.77545
[5800]	training's rmse: 0.41856	valid_1's rmse: 0.775124
[5900]	training's rmse: 0.414461	valid_1's rmse: 0.774832
[6000]	training's rmse: 0.410649	valid_1's rmse: 0.774605
[6100]	training's rmse: 0.40655	valid_1's rmse: 0.773981
[6200]	training's rmse: 0.402866	valid_1's rmse: 0.773789
[6300]	training's rmse: 0.399107	valid_1's rmse: 0.773817
[6400]	training's rmse: 0.395236	valid_1's rmse: 0.773557
[6500]	training's rmse: 0.391556	valid_1's rmse: 0.773071
[6600]	training's rmse: 0.388004	valid_1's rmse: 0.772831
[6700]	training's rmse: 0.384741	valid_1's rmse: 0.772345
[6800]	training's rmse: 0.38118	valid_1's rmse: 0.772132
[6900]	training's rmse: 0.37756	valid_1's rmse: 0.771735
[7000]	training's rmse: 0.374056	valid_1's rmse: 0.771394
[7100]	training's rmse: 0.370332	valid_1's rmse: 0.771035
[7200]	training's rmse: 0.367064	valid_1's rmse: 0.770997
[7300]	training's rmse: 0.36376	valid_1's rmse: 0.77055
[7400]	training's rmse: 0.360672	valid_1's rmse: 0.770369
[7500]	training's rmse: 0.357237	valid_1's rmse: 0.770102
[7600]	training's rmse: 0.353827	valid_1's rmse: 0.769825
[7700]	training's rmse: 0.350493	valid_1's rmse: 0.769566
[7800]	training's rmse: 0.347348	valid_1's rmse: 0.76933
[7900]	training's rmse: 0.344526	valid_1's rmse: 0.769129
[8000]	training's rmse: 0.341519	valid_1's rmse: 0.768779
[8100]	training's rmse: 0.338364	valid_1's rmse: 0.768644
[8200]	training's rmse: 0.3353	valid_1's rmse: 0.768349
[8300]	training's rmse: 0.332397	valid_1's rmse: 0.768278
##### feature importance #####
                                           importance
feature                                              
User_Count_diff_Platform_Genre_mean      19536.691255
User_Count_diff_Platform_Rating_mean     18352.713162
User_Count_diff_Platform_mean            17860.389979
Year_of_Release                          16119.387165
publisher_Developer_lda_20_19            12781.624293
User_Momentum_diff_Platform_mean          9784.330985
publisher_Platform_pca_4                  9775.353851
publisher_Developer_lda_5_4               8575.538025
num_series                                8324.440488
User_Momentum_diff_Platform_Rating_mean   7643.381487
name_bert_pca_1                           7095.647957
num_series_norm                           6826.939332
platform_Publisher_lda_10                 5500.280860
User_Momentum_diff_Platform_Genre_mean    5164.798738
platform_Rating_lda_2                     4982.814993
Name                                      4446.373815
name_bert_pca_4                           4390.166349
publisher_Developer_lda_20_0              4203.782569
publisher_Genre_pca_5                     3983.071562
platform_Developer_lda_13                 3943.134181
Platform_Year_of_Release                  3889.489967
publisher_Developer_lda_20_11             3858.725264
name_bert_pca_17                          3831.291057
platform_Developer_lda_17                 3704.899447
series_lifespan                           3663.407407
pub_bert_pca_22                           3614.814102
publisher_Developer_lda_20_2              3340.577799
publisher_Rating_pca_0                    3316.171204
name_bert_pca_0                           3308.863864
User_Count_diff_Platform_Year_mean        3288.165560
publisher_Developer_lda_20_3              3227.436123
platform_Developer_lda_0                  3058.098656
name_bert_pca_7                           3027.642456
name_bert_pca_12                          2970.350476
User_Momentum_diff_Platform_max           2958.886795
platform_Publisher_lda_2                  2858.447565
name_bert_pca_22                          2843.481198
Platform_Genre                            2750.436692
publisher_Developer_lda_20_8              2742.904335
platform_Genre_lda_4                      2635.802341
User_Count_diff_Platform_max              2558.774069
name_bert_pca_2                           2539.249611
name_bert_pca_10                          2535.803886
name_bert_pca_30                          2530.825855
platform_Developer_lda_1                  2421.948802
publisher_Year_of_Release_pca_6           2407.850003
name_bert_pca_3                           2397.924076
publisher_Genre_pca_3                     2397.398650
name_bert_pca_44                          2357.710213
platform_Year_of_Release_lda_1            2331.271846
cv_score_fold_mean: 0.7788377407954686
selected 500 features: Index(['User_Count_diff_Platform_Genre_mean',
       'User_Count_diff_Platform_Rating_mean', 'User_Count_diff_Platform_mean',
       'Year_of_Release', 'publisher_Developer_lda_20_19',
       'User_Momentum_diff_Platform_mean', 'publisher_Platform_pca_4',
       'publisher_Developer_lda_5_4', 'num_series',
       'User_Momentum_diff_Platform_Rating_mean',
       ...
       'Critic_Count_diff_Publisher_min', 'platform_Publisher_lda_14',
       'platform_Developer_lda_9', 'Critic_Count', 'Platform_PS4',
       'Critic_Count_diff_Platform_Year_min', 'Critic_Count_diff_Rating_min',
       'Platform_Wii', 'Critic_Score_diff_Rating_min',
       'platform_Developer_lda_10'],
      dtype='object', name='feature', length=500)
----------------------------------------------------------------------------------------------------
Fold 1
[100]	training's rmse: 1.05675	valid_1's rmse: 1.05629
[200]	training's rmse: 0.931436	valid_1's rmse: 0.949328
[300]	training's rmse: 0.873012	valid_1's rmse: 0.905971
[400]	training's rmse: 0.839421	valid_1's rmse: 0.885352
[500]	training's rmse: 0.814958	valid_1's rmse: 0.871755
[600]	training's rmse: 0.794734	valid_1's rmse: 0.861166
[700]	training's rmse: 0.777451	valid_1's rmse: 0.853814
[800]	training's rmse: 0.761938	valid_1's rmse: 0.847415
[900]	training's rmse: 0.746865	valid_1's rmse: 0.842571
[1000]	training's rmse: 0.733141	valid_1's rmse: 0.837815
[1100]	training's rmse: 0.720658	valid_1's rmse: 0.832507
[1200]	training's rmse: 0.708915	valid_1's rmse: 0.828413
[1300]	training's rmse: 0.698206	valid_1's rmse: 0.825276
[1400]	training's rmse: 0.688149	valid_1's rmse: 0.8232
[1500]	training's rmse: 0.678392	valid_1's rmse: 0.820563
[1600]	training's rmse: 0.668651	valid_1's rmse: 0.818243
[1700]	training's rmse: 0.660335	valid_1's rmse: 0.816279
[1800]	training's rmse: 0.65047	valid_1's rmse: 0.8137
[1900]	training's rmse: 0.642066	valid_1's rmse: 0.811313
[2000]	training's rmse: 0.634207	valid_1's rmse: 0.809972
[2100]	training's rmse: 0.625759	valid_1's rmse: 0.808255
[2200]	training's rmse: 0.61753	valid_1's rmse: 0.80667
[2300]	training's rmse: 0.609371	valid_1's rmse: 0.804925
[2400]	training's rmse: 0.601246	valid_1's rmse: 0.803178
[2500]	training's rmse: 0.594209	valid_1's rmse: 0.801767
[2600]	training's rmse: 0.586969	valid_1's rmse: 0.800665
[2700]	training's rmse: 0.579971	valid_1's rmse: 0.800007
[2800]	training's rmse: 0.572935	valid_1's rmse: 0.799039
[2900]	training's rmse: 0.565938	valid_1's rmse: 0.797786
[3000]	training's rmse: 0.559435	valid_1's rmse: 0.797412
[3100]	training's rmse: 0.553222	valid_1's rmse: 0.796434
[3200]	training's rmse: 0.546436	valid_1's rmse: 0.795573
[3300]	training's rmse: 0.540291	valid_1's rmse: 0.794883
[3400]	training's rmse: 0.534292	valid_1's rmse: 0.794449
[3500]	training's rmse: 0.528666	valid_1's rmse: 0.793548
[3600]	training's rmse: 0.522549	valid_1's rmse: 0.79269
[3700]	training's rmse: 0.516828	valid_1's rmse: 0.791758
[3800]	training's rmse: 0.511065	valid_1's rmse: 0.791043
[3900]	training's rmse: 0.505443	valid_1's rmse: 0.790293
[4000]	training's rmse: 0.500236	valid_1's rmse: 0.789517
[4100]	training's rmse: 0.494371	valid_1's rmse: 0.788825
[4200]	training's rmse: 0.489196	valid_1's rmse: 0.788226
[4300]	training's rmse: 0.483623	valid_1's rmse: 0.787596
[4400]	training's rmse: 0.478303	valid_1's rmse: 0.786809
[4500]	training's rmse: 0.47322	valid_1's rmse: 0.785926
[4600]	training's rmse: 0.468192	valid_1's rmse: 0.785443
[4700]	training's rmse: 0.463684	valid_1's rmse: 0.785009
[4800]	training's rmse: 0.458934	valid_1's rmse: 0.784449
[4900]	training's rmse: 0.454312	valid_1's rmse: 0.783986
[5000]	training's rmse: 0.449331	valid_1's rmse: 0.783896
----------------------------------------------------------------------------------------------------
Fold 2
[100]	training's rmse: 1.05589	valid_1's rmse: 1.06533
[200]	training's rmse: 0.931327	valid_1's rmse: 0.957861
[300]	training's rmse: 0.871917	valid_1's rmse: 0.915879
[400]	training's rmse: 0.83752	valid_1's rmse: 0.897355
[500]	training's rmse: 0.813609	valid_1's rmse: 0.887334
[600]	training's rmse: 0.792642	valid_1's rmse: 0.880434
[700]	training's rmse: 0.775182	valid_1's rmse: 0.87539
[800]	training's rmse: 0.758932	valid_1's rmse: 0.871862
[900]	training's rmse: 0.744508	valid_1's rmse: 0.869044
[1000]	training's rmse: 0.73111	valid_1's rmse: 0.86603
[1100]	training's rmse: 0.718717	valid_1's rmse: 0.863699
[1200]	training's rmse: 0.706511	valid_1's rmse: 0.861736
[1300]	training's rmse: 0.696115	valid_1's rmse: 0.859916
[1400]	training's rmse: 0.685324	valid_1's rmse: 0.857453
[1500]	training's rmse: 0.675883	valid_1's rmse: 0.855991
[1600]	training's rmse: 0.666227	valid_1's rmse: 0.853802
[1700]	training's rmse: 0.656957	valid_1's rmse: 0.852049
[1800]	training's rmse: 0.647722	valid_1's rmse: 0.851729
[1900]	training's rmse: 0.638727	valid_1's rmse: 0.850865
[2000]	training's rmse: 0.630317	valid_1's rmse: 0.849404
[2100]	training's rmse: 0.621994	valid_1's rmse: 0.848188
[2200]	training's rmse: 0.614111	valid_1's rmse: 0.847938
[2300]	training's rmse: 0.606222	valid_1's rmse: 0.846958
[2400]	training's rmse: 0.598665	valid_1's rmse: 0.845282
[2500]	training's rmse: 0.591453	valid_1's rmse: 0.844173
[2600]	training's rmse: 0.584676	valid_1's rmse: 0.843822
[2700]	training's rmse: 0.577196	valid_1's rmse: 0.843235
[2800]	training's rmse: 0.570513	valid_1's rmse: 0.842724
[2900]	training's rmse: 0.564101	valid_1's rmse: 0.842428
[3000]	training's rmse: 0.55752	valid_1's rmse: 0.841459
[3100]	training's rmse: 0.550422	valid_1's rmse: 0.840534
[3200]	training's rmse: 0.544178	valid_1's rmse: 0.840334
[3300]	training's rmse: 0.53797	valid_1's rmse: 0.839888
[3400]	training's rmse: 0.532157	valid_1's rmse: 0.839755
[3500]	training's rmse: 0.526145	valid_1's rmse: 0.839247
[3600]	training's rmse: 0.519828	valid_1's rmse: 0.838781
[3700]	training's rmse: 0.513899	valid_1's rmse: 0.83814
[3800]	training's rmse: 0.508521	valid_1's rmse: 0.837491
[3900]	training's rmse: 0.50288	valid_1's rmse: 0.837113
[4000]	training's rmse: 0.497723	valid_1's rmse: 0.837081
[4100]	training's rmse: 0.49269	valid_1's rmse: 0.836328
[4200]	training's rmse: 0.487692	valid_1's rmse: 0.835916
[4300]	training's rmse: 0.48271	valid_1's rmse: 0.835692
[4400]	training's rmse: 0.477367	valid_1's rmse: 0.835027
[4500]	training's rmse: 0.472544	valid_1's rmse: 0.834491
[4600]	training's rmse: 0.467436	valid_1's rmse: 0.834405
[4700]	training's rmse: 0.462196	valid_1's rmse: 0.834504
----------------------------------------------------------------------------------------------------
Fold 3
[100]	training's rmse: 1.05364	valid_1's rmse: 1.06133
[200]	training's rmse: 0.930352	valid_1's rmse: 0.957082
[300]	training's rmse: 0.872439	valid_1's rmse: 0.914048
[400]	training's rmse: 0.838374	valid_1's rmse: 0.889688
[500]	training's rmse: 0.813931	valid_1's rmse: 0.873388
[600]	training's rmse: 0.794927	valid_1's rmse: 0.861288
[700]	training's rmse: 0.778426	valid_1's rmse: 0.851347
[800]	training's rmse: 0.763463	valid_1's rmse: 0.843156
[900]	training's rmse: 0.749706	valid_1's rmse: 0.835421
[1000]	training's rmse: 0.737034	valid_1's rmse: 0.827717
[1100]	training's rmse: 0.725434	valid_1's rmse: 0.821921
[1200]	training's rmse: 0.714402	valid_1's rmse: 0.816129
[1300]	training's rmse: 0.703836	valid_1's rmse: 0.810701
[1400]	training's rmse: 0.693129	valid_1's rmse: 0.805198
[1500]	training's rmse: 0.683042	valid_1's rmse: 0.800612
[1600]	training's rmse: 0.673326	valid_1's rmse: 0.796946
[1700]	training's rmse: 0.664076	valid_1's rmse: 0.793437
[1800]	training's rmse: 0.654935	valid_1's rmse: 0.789436
[1900]	training's rmse: 0.646461	valid_1's rmse: 0.786551
[2000]	training's rmse: 0.637971	valid_1's rmse: 0.783678
[2100]	training's rmse: 0.630027	valid_1's rmse: 0.780711
[2200]	training's rmse: 0.621964	valid_1's rmse: 0.778243
[2300]	training's rmse: 0.61389	valid_1's rmse: 0.774725
[2400]	training's rmse: 0.606925	valid_1's rmse: 0.772092
[2500]	training's rmse: 0.599723	valid_1's rmse: 0.769262
[2600]	training's rmse: 0.592525	valid_1's rmse: 0.767105
[2700]	training's rmse: 0.584935	valid_1's rmse: 0.764482
[2800]	training's rmse: 0.577857	valid_1's rmse: 0.762056
[2900]	training's rmse: 0.570839	valid_1's rmse: 0.759952
[3000]	training's rmse: 0.564769	valid_1's rmse: 0.758276
[3100]	training's rmse: 0.558437	valid_1's rmse: 0.755991
[3200]	training's rmse: 0.551737	valid_1's rmse: 0.754223
[3300]	training's rmse: 0.545178	valid_1's rmse: 0.752439
[3400]	training's rmse: 0.539011	valid_1's rmse: 0.750684
[3500]	training's rmse: 0.532987	valid_1's rmse: 0.748635
[3600]	training's rmse: 0.527298	valid_1's rmse: 0.747146
[3700]	training's rmse: 0.521547	valid_1's rmse: 0.745576
[3800]	training's rmse: 0.515947	valid_1's rmse: 0.744123
[3900]	training's rmse: 0.510551	valid_1's rmse: 0.742603
[4000]	training's rmse: 0.504661	valid_1's rmse: 0.741138
[4100]	training's rmse: 0.499118	valid_1's rmse: 0.740245
[4200]	training's rmse: 0.493788	valid_1's rmse: 0.73904
[4300]	training's rmse: 0.488915	valid_1's rmse: 0.738152
[4400]	training's rmse: 0.483824	valid_1's rmse: 0.736947
[4500]	training's rmse: 0.478709	valid_1's rmse: 0.735899
[4600]	training's rmse: 0.473803	valid_1's rmse: 0.734668
[4700]	training's rmse: 0.468818	valid_1's rmse: 0.733901
[4800]	training's rmse: 0.464479	valid_1's rmse: 0.732689
[4900]	training's rmse: 0.459786	valid_1's rmse: 0.732189
[5000]	training's rmse: 0.455189	valid_1's rmse: 0.731421
[5100]	training's rmse: 0.450618	valid_1's rmse: 0.730453
[5200]	training's rmse: 0.445895	valid_1's rmse: 0.729658
[5300]	training's rmse: 0.441605	valid_1's rmse: 0.728673
[5400]	training's rmse: 0.437548	valid_1's rmse: 0.728287
[5500]	training's rmse: 0.43325	valid_1's rmse: 0.727445
[5600]	training's rmse: 0.428476	valid_1's rmse: 0.726516
[5700]	training's rmse: 0.424225	valid_1's rmse: 0.725668
[5800]	training's rmse: 0.419948	valid_1's rmse: 0.724939
[5900]	training's rmse: 0.416266	valid_1's rmse: 0.724135
[6000]	training's rmse: 0.411926	valid_1's rmse: 0.723481
[6100]	training's rmse: 0.408105	valid_1's rmse: 0.722915
[6200]	training's rmse: 0.4041	valid_1's rmse: 0.722201
[6300]	training's rmse: 0.400359	valid_1's rmse: 0.721441
[6400]	training's rmse: 0.396624	valid_1's rmse: 0.720781
[6500]	training's rmse: 0.392998	valid_1's rmse: 0.720103
[6600]	training's rmse: 0.389298	valid_1's rmse: 0.71946
[6700]	training's rmse: 0.385678	valid_1's rmse: 0.718841
[6800]	training's rmse: 0.382132	valid_1's rmse: 0.718258
[6900]	training's rmse: 0.378557	valid_1's rmse: 0.717762
[7000]	training's rmse: 0.375024	valid_1's rmse: 0.717504
[7100]	training's rmse: 0.37162	valid_1's rmse: 0.717074
[7200]	training's rmse: 0.368392	valid_1's rmse: 0.716363
[7300]	training's rmse: 0.365048	valid_1's rmse: 0.715757
[7400]	training's rmse: 0.361885	valid_1's rmse: 0.715314
[7500]	training's rmse: 0.358608	valid_1's rmse: 0.715166
[7600]	training's rmse: 0.355391	valid_1's rmse: 0.714711
[7700]	training's rmse: 0.352324	valid_1's rmse: 0.714335
[7800]	training's rmse: 0.349237	valid_1's rmse: 0.71401
[7900]	training's rmse: 0.346121	valid_1's rmse: 0.713585
[8000]	training's rmse: 0.343041	valid_1's rmse: 0.71322
[8100]	training's rmse: 0.340103	valid_1's rmse: 0.71275
[8200]	training's rmse: 0.337012	valid_1's rmse: 0.71247
[8300]	training's rmse: 0.334059	valid_1's rmse: 0.712117
[8400]	training's rmse: 0.331247	valid_1's rmse: 0.711843
[8500]	training's rmse: 0.328618	valid_1's rmse: 0.71147
[8600]	training's rmse: 0.325789	valid_1's rmse: 0.711289
[8700]	training's rmse: 0.322972	valid_1's rmse: 0.710885
[8800]	training's rmse: 0.320231	valid_1's rmse: 0.710722
[8900]	training's rmse: 0.317421	valid_1's rmse: 0.710452
[9000]	training's rmse: 0.314766	valid_1's rmse: 0.710087
[9100]	training's rmse: 0.31211	valid_1's rmse: 0.710009
[9200]	training's rmse: 0.309492	valid_1's rmse: 0.709796
[9300]	training's rmse: 0.306761	valid_1's rmse: 0.709528
[9400]	training's rmse: 0.304207	valid_1's rmse: 0.709424
[9500]	training's rmse: 0.301556	valid_1's rmse: 0.709345
[9600]	training's rmse: 0.299266	valid_1's rmse: 0.709044
[9700]	training's rmse: 0.296888	valid_1's rmse: 0.708827
[9800]	training's rmse: 0.294582	valid_1's rmse: 0.708719
[9900]	training's rmse: 0.29211	valid_1's rmse: 0.708541
[10000]	training's rmse: 0.289784	valid_1's rmse: 0.70823
----------------------------------------------------------------------------------------------------
Fold 4
[100]	training's rmse: 1.05389	valid_1's rmse: 1.08352
[200]	training's rmse: 0.929433	valid_1's rmse: 0.973614
[300]	training's rmse: 0.872396	valid_1's rmse: 0.9291
[400]	training's rmse: 0.836845	valid_1's rmse: 0.906376
[500]	training's rmse: 0.811461	valid_1's rmse: 0.892859
[600]	training's rmse: 0.791116	valid_1's rmse: 0.883215
[700]	training's rmse: 0.773648	valid_1's rmse: 0.876417
[800]	training's rmse: 0.75774	valid_1's rmse: 0.871609
[900]	training's rmse: 0.743286	valid_1's rmse: 0.866872
[1000]	training's rmse: 0.730325	valid_1's rmse: 0.863749
[1100]	training's rmse: 0.718189	valid_1's rmse: 0.86014
[1200]	training's rmse: 0.706341	valid_1's rmse: 0.857778
[1300]	training's rmse: 0.69589	valid_1's rmse: 0.856268
[1400]	training's rmse: 0.685433	valid_1's rmse: 0.854257
[1500]	training's rmse: 0.675154	valid_1's rmse: 0.852033
[1600]	training's rmse: 0.66522	valid_1's rmse: 0.850082
[1700]	training's rmse: 0.655997	valid_1's rmse: 0.848334
[1800]	training's rmse: 0.646836	valid_1's rmse: 0.846499
[1900]	training's rmse: 0.638255	valid_1's rmse: 0.845829
[2000]	training's rmse: 0.629928	valid_1's rmse: 0.844609
[2100]	training's rmse: 0.621547	valid_1's rmse: 0.843601
[2200]	training's rmse: 0.612981	valid_1's rmse: 0.842532
[2300]	training's rmse: 0.605999	valid_1's rmse: 0.84175
[2400]	training's rmse: 0.598384	valid_1's rmse: 0.840713
[2500]	training's rmse: 0.59091	valid_1's rmse: 0.839827
[2600]	training's rmse: 0.583698	valid_1's rmse: 0.83882
[2700]	training's rmse: 0.576553	valid_1's rmse: 0.838187
[2800]	training's rmse: 0.569554	valid_1's rmse: 0.837338
[2900]	training's rmse: 0.562511	valid_1's rmse: 0.836317
[3000]	training's rmse: 0.555891	valid_1's rmse: 0.83548
[3100]	training's rmse: 0.549625	valid_1's rmse: 0.834933
[3200]	training's rmse: 0.543634	valid_1's rmse: 0.834357
[3300]	training's rmse: 0.53738	valid_1's rmse: 0.83373
[3400]	training's rmse: 0.531265	valid_1's rmse: 0.833196
[3500]	training's rmse: 0.525107	valid_1's rmse: 0.832787
[3600]	training's rmse: 0.519212	valid_1's rmse: 0.83217
[3700]	training's rmse: 0.513352	valid_1's rmse: 0.83211
[3800]	training's rmse: 0.507807	valid_1's rmse: 0.831412
[3900]	training's rmse: 0.502559	valid_1's rmse: 0.830948
[4000]	training's rmse: 0.497308	valid_1's rmse: 0.830491
[4100]	training's rmse: 0.491813	valid_1's rmse: 0.830386
----------------------------------------------------------------------------------------------------
Fold 5
[100]	training's rmse: 1.05626	valid_1's rmse: 1.04612
[200]	training's rmse: 0.934377	valid_1's rmse: 0.925169
[300]	training's rmse: 0.877012	valid_1's rmse: 0.873062
[400]	training's rmse: 0.842037	valid_1's rmse: 0.843985
[500]	training's rmse: 0.817566	valid_1's rmse: 0.826216
[600]	training's rmse: 0.797755	valid_1's rmse: 0.813969
[700]	training's rmse: 0.781236	valid_1's rmse: 0.804518
[800]	training's rmse: 0.766112	valid_1's rmse: 0.796544
[900]	training's rmse: 0.751457	valid_1's rmse: 0.790099
[1000]	training's rmse: 0.737724	valid_1's rmse: 0.784324
[1100]	training's rmse: 0.725466	valid_1's rmse: 0.780076
[1200]	training's rmse: 0.714309	valid_1's rmse: 0.776522
[1300]	training's rmse: 0.702649	valid_1's rmse: 0.771987
[1400]	training's rmse: 0.692235	valid_1's rmse: 0.769269
[1500]	training's rmse: 0.682453	valid_1's rmse: 0.76594
[1600]	training's rmse: 0.673123	valid_1's rmse: 0.763441
[1700]	training's rmse: 0.663585	valid_1's rmse: 0.761845
[1800]	training's rmse: 0.654168	valid_1's rmse: 0.75919
[1900]	training's rmse: 0.646051	valid_1's rmse: 0.757391
[2000]	training's rmse: 0.637271	valid_1's rmse: 0.755087
[2100]	training's rmse: 0.629236	valid_1's rmse: 0.753337
[2200]	training's rmse: 0.621123	valid_1's rmse: 0.75185
[2300]	training's rmse: 0.612747	valid_1's rmse: 0.749785
[2400]	training's rmse: 0.604577	valid_1's rmse: 0.748576
[2500]	training's rmse: 0.596915	valid_1's rmse: 0.746864
[2600]	training's rmse: 0.589024	valid_1's rmse: 0.745493
[2700]	training's rmse: 0.582054	valid_1's rmse: 0.744131
[2800]	training's rmse: 0.575185	valid_1's rmse: 0.742908
[2900]	training's rmse: 0.568263	valid_1's rmse: 0.741518
[3000]	training's rmse: 0.561901	valid_1's rmse: 0.740939
[3100]	training's rmse: 0.555458	valid_1's rmse: 0.739773
[3200]	training's rmse: 0.548788	valid_1's rmse: 0.738691
[3300]	training's rmse: 0.542467	valid_1's rmse: 0.737567
[3400]	training's rmse: 0.536194	valid_1's rmse: 0.736445
[3500]	training's rmse: 0.530268	valid_1's rmse: 0.735566
[3600]	training's rmse: 0.524503	valid_1's rmse: 0.735105
[3700]	training's rmse: 0.518723	valid_1's rmse: 0.733882
[3800]	training's rmse: 0.512657	valid_1's rmse: 0.73362
[3900]	training's rmse: 0.506748	valid_1's rmse: 0.733053
[4000]	training's rmse: 0.501099	valid_1's rmse: 0.7325
[4100]	training's rmse: 0.495817	valid_1's rmse: 0.731717
[4200]	training's rmse: 0.49071	valid_1's rmse: 0.731295
[4300]	training's rmse: 0.485409	valid_1's rmse: 0.730769
[4400]	training's rmse: 0.480542	valid_1's rmse: 0.730278
[4500]	training's rmse: 0.475445	valid_1's rmse: 0.72984
[4600]	training's rmse: 0.470435	valid_1's rmse: 0.72922
[4700]	training's rmse: 0.465277	valid_1's rmse: 0.728935
[4800]	training's rmse: 0.460012	valid_1's rmse: 0.728195
[4900]	training's rmse: 0.455038	valid_1's rmse: 0.727939
[5000]	training's rmse: 0.450171	valid_1's rmse: 0.727906
----------------------------------------------------------------------------------------------------
Fold 6
[100]	training's rmse: 1.04829	valid_1's rmse: 1.11722
[200]	training's rmse: 0.924326	valid_1's rmse: 1.01818
[300]	training's rmse: 0.866385	valid_1's rmse: 0.97673
[400]	training's rmse: 0.831748	valid_1's rmse: 0.952588
[500]	training's rmse: 0.807469	valid_1's rmse: 0.937145
[600]	training's rmse: 0.786993	valid_1's rmse: 0.925101
[700]	training's rmse: 0.77027	valid_1's rmse: 0.916582
[800]	training's rmse: 0.755593	valid_1's rmse: 0.908163
[900]	training's rmse: 0.740536	valid_1's rmse: 0.900504
[1000]	training's rmse: 0.72733	valid_1's rmse: 0.895102
[1100]	training's rmse: 0.715072	valid_1's rmse: 0.889736
[1200]	training's rmse: 0.703534	valid_1's rmse: 0.885066
[1300]	training's rmse: 0.69255	valid_1's rmse: 0.881264
[1400]	training's rmse: 0.681949	valid_1's rmse: 0.876678
[1500]	training's rmse: 0.672686	valid_1's rmse: 0.872989
[1600]	training's rmse: 0.662958	valid_1's rmse: 0.869722
[1700]	training's rmse: 0.654439	valid_1's rmse: 0.866911
[1800]	training's rmse: 0.646019	valid_1's rmse: 0.864052
[1900]	training's rmse: 0.637464	valid_1's rmse: 0.861916
[2000]	training's rmse: 0.628811	valid_1's rmse: 0.859714
[2100]	training's rmse: 0.620198	valid_1's rmse: 0.857792
[2200]	training's rmse: 0.612036	valid_1's rmse: 0.855781
[2300]	training's rmse: 0.604676	valid_1's rmse: 0.853674
[2400]	training's rmse: 0.597279	valid_1's rmse: 0.851391
[2500]	training's rmse: 0.589916	valid_1's rmse: 0.849658
[2600]	training's rmse: 0.58289	valid_1's rmse: 0.847846
[2700]	training's rmse: 0.576014	valid_1's rmse: 0.846092
[2800]	training's rmse: 0.569272	valid_1's rmse: 0.8451
[2900]	training's rmse: 0.561948	valid_1's rmse: 0.843657
[3000]	training's rmse: 0.555441	valid_1's rmse: 0.841997
[3100]	training's rmse: 0.548645	valid_1's rmse: 0.840904
[3200]	training's rmse: 0.542591	valid_1's rmse: 0.840198
[3300]	training's rmse: 0.536325	valid_1's rmse: 0.838521
[3400]	training's rmse: 0.530323	valid_1's rmse: 0.837252
[3500]	training's rmse: 0.524242	valid_1's rmse: 0.836186
[3600]	training's rmse: 0.518165	valid_1's rmse: 0.834791
[3700]	training's rmse: 0.511875	valid_1's rmse: 0.833157
[3800]	training's rmse: 0.506168	valid_1's rmse: 0.832118
[3900]	training's rmse: 0.50055	valid_1's rmse: 0.831296
[4000]	training's rmse: 0.494998	valid_1's rmse: 0.830669
[4100]	training's rmse: 0.489481	valid_1's rmse: 0.8296
[4200]	training's rmse: 0.484477	valid_1's rmse: 0.828532
[4300]	training's rmse: 0.479721	valid_1's rmse: 0.827597
[4400]	training's rmse: 0.474611	valid_1's rmse: 0.826798
[4500]	training's rmse: 0.469806	valid_1's rmse: 0.826158
[4600]	training's rmse: 0.464989	valid_1's rmse: 0.826042
[4700]	training's rmse: 0.460151	valid_1's rmse: 0.825156
[4800]	training's rmse: 0.455676	valid_1's rmse: 0.824419
[4900]	training's rmse: 0.450976	valid_1's rmse: 0.823885
[5000]	training's rmse: 0.446498	valid_1's rmse: 0.822783
[5100]	training's rmse: 0.442141	valid_1's rmse: 0.822265
[5200]	training's rmse: 0.437659	valid_1's rmse: 0.821763
[5300]	training's rmse: 0.433364	valid_1's rmse: 0.821043
[5400]	training's rmse: 0.429165	valid_1's rmse: 0.820343
[5500]	training's rmse: 0.424828	valid_1's rmse: 0.819641
[5600]	training's rmse: 0.420497	valid_1's rmse: 0.81916
[5700]	training's rmse: 0.416594	valid_1's rmse: 0.81882
[5800]	training's rmse: 0.41271	valid_1's rmse: 0.818125
[5900]	training's rmse: 0.409006	valid_1's rmse: 0.817585
[6000]	training's rmse: 0.405027	valid_1's rmse: 0.8175
[6100]	training's rmse: 0.401391	valid_1's rmse: 0.816895
[6200]	training's rmse: 0.397812	valid_1's rmse: 0.816454
[6300]	training's rmse: 0.394429	valid_1's rmse: 0.816259
[6400]	training's rmse: 0.390828	valid_1's rmse: 0.815961
[6500]	training's rmse: 0.38723	valid_1's rmse: 0.815576
[6600]	training's rmse: 0.383681	valid_1's rmse: 0.81514
[6700]	training's rmse: 0.380301	valid_1's rmse: 0.814894
[6800]	training's rmse: 0.37672	valid_1's rmse: 0.814496
[6900]	training's rmse: 0.373221	valid_1's rmse: 0.813796
[7000]	training's rmse: 0.369962	valid_1's rmse: 0.813575
[7100]	training's rmse: 0.366566	valid_1's rmse: 0.813193
[7200]	training's rmse: 0.363393	valid_1's rmse: 0.812735
[7300]	training's rmse: 0.360318	valid_1's rmse: 0.812145
[7400]	training's rmse: 0.356914	valid_1's rmse: 0.81211
[7500]	training's rmse: 0.353627	valid_1's rmse: 0.811652
[7600]	training's rmse: 0.350564	valid_1's rmse: 0.81149
[7700]	training's rmse: 0.347805	valid_1's rmse: 0.811298
[7800]	training's rmse: 0.344636	valid_1's rmse: 0.811026
[7900]	training's rmse: 0.341759	valid_1's rmse: 0.810761
[8000]	training's rmse: 0.338828	valid_1's rmse: 0.810796
[8100]	training's rmse: 0.335841	valid_1's rmse: 0.810383
[8200]	training's rmse: 0.332977	valid_1's rmse: 0.81015
[8300]	training's rmse: 0.330166	valid_1's rmse: 0.810049
[8400]	training's rmse: 0.327455	valid_1's rmse: 0.809954
[8500]	training's rmse: 0.324717	valid_1's rmse: 0.809828
[8600]	training's rmse: 0.322204	valid_1's rmse: 0.809574
[8700]	training's rmse: 0.31954	valid_1's rmse: 0.809268
[8800]	training's rmse: 0.316786	valid_1's rmse: 0.80908
[8900]	training's rmse: 0.314112	valid_1's rmse: 0.808963
[9000]	training's rmse: 0.311475	valid_1's rmse: 0.808888
[9100]	training's rmse: 0.309001	valid_1's rmse: 0.808808
[9200]	training's rmse: 0.306378	valid_1's rmse: 0.80865
----------------------------------------------------------------------------------------------------
Fold 7
[100]	training's rmse: 1.05443	valid_1's rmse: 1.06538
[200]	training's rmse: 0.931468	valid_1's rmse: 0.960405
[300]	training's rmse: 0.872095	valid_1's rmse: 0.914466
[400]	training's rmse: 0.837009	valid_1's rmse: 0.890746
[500]	training's rmse: 0.812503	valid_1's rmse: 0.875272
[600]	training's rmse: 0.791672	valid_1's rmse: 0.864348
[700]	training's rmse: 0.775345	valid_1's rmse: 0.857136
[800]	training's rmse: 0.760503	valid_1's rmse: 0.850593
[900]	training's rmse: 0.746338	valid_1's rmse: 0.844339
[1000]	training's rmse: 0.732837	valid_1's rmse: 0.838673
[1100]	training's rmse: 0.720209	valid_1's rmse: 0.833892
[1200]	training's rmse: 0.708596	valid_1's rmse: 0.830881
[1300]	training's rmse: 0.697175	valid_1's rmse: 0.827062
[1400]	training's rmse: 0.688091	valid_1's rmse: 0.824189
[1500]	training's rmse: 0.677738	valid_1's rmse: 0.821444
[1600]	training's rmse: 0.667948	valid_1's rmse: 0.818815
[1700]	training's rmse: 0.658994	valid_1's rmse: 0.816057
[1800]	training's rmse: 0.650233	valid_1's rmse: 0.813005
[1900]	training's rmse: 0.641704	valid_1's rmse: 0.810868
[2000]	training's rmse: 0.633679	valid_1's rmse: 0.80885
[2100]	training's rmse: 0.625832	valid_1's rmse: 0.806165
[2200]	training's rmse: 0.617855	valid_1's rmse: 0.804049
[2300]	training's rmse: 0.61061	valid_1's rmse: 0.802588
[2400]	training's rmse: 0.602745	valid_1's rmse: 0.801051
[2500]	training's rmse: 0.59495	valid_1's rmse: 0.799474
[2600]	training's rmse: 0.587998	valid_1's rmse: 0.798523
[2700]	training's rmse: 0.581185	valid_1's rmse: 0.797624
[2800]	training's rmse: 0.574382	valid_1's rmse: 0.795862
[2900]	training's rmse: 0.56729	valid_1's rmse: 0.794597
[3000]	training's rmse: 0.560786	valid_1's rmse: 0.794044
[3100]	training's rmse: 0.554204	valid_1's rmse: 0.793039
[3200]	training's rmse: 0.54775	valid_1's rmse: 0.792158
[3300]	training's rmse: 0.541501	valid_1's rmse: 0.791077
[3400]	training's rmse: 0.535301	valid_1's rmse: 0.790106
[3500]	training's rmse: 0.528886	valid_1's rmse: 0.789319
[3600]	training's rmse: 0.522924	valid_1's rmse: 0.788289
[3700]	training's rmse: 0.516948	valid_1's rmse: 0.787608
[3800]	training's rmse: 0.511355	valid_1's rmse: 0.78751
[3900]	training's rmse: 0.505736	valid_1's rmse: 0.786883
[4000]	training's rmse: 0.500335	valid_1's rmse: 0.786163
[4100]	training's rmse: 0.494496	valid_1's rmse: 0.785652
[4200]	training's rmse: 0.489631	valid_1's rmse: 0.784975
[4300]	training's rmse: 0.484644	valid_1's rmse: 0.784375
[4400]	training's rmse: 0.479424	valid_1's rmse: 0.783276
[4500]	training's rmse: 0.474627	valid_1's rmse: 0.782772
[4600]	training's rmse: 0.469556	valid_1's rmse: 0.78231
[4700]	training's rmse: 0.464571	valid_1's rmse: 0.782126
[4800]	training's rmse: 0.459516	valid_1's rmse: 0.782044
[4900]	training's rmse: 0.45475	valid_1's rmse: 0.781641
[5000]	training's rmse: 0.449868	valid_1's rmse: 0.781366
[5100]	training's rmse: 0.445148	valid_1's rmse: 0.781444
----------------------------------------------------------------------------------------------------
Fold 8
[100]	training's rmse: 1.05347	valid_1's rmse: 1.07268
[200]	training's rmse: 0.929742	valid_1's rmse: 0.961899
[300]	training's rmse: 0.871569	valid_1's rmse: 0.917057
[400]	training's rmse: 0.837089	valid_1's rmse: 0.893688
[500]	training's rmse: 0.811715	valid_1's rmse: 0.879048
[600]	training's rmse: 0.791917	valid_1's rmse: 0.870189
[700]	training's rmse: 0.774623	valid_1's rmse: 0.862723
[800]	training's rmse: 0.759797	valid_1's rmse: 0.856498
[900]	training's rmse: 0.745849	valid_1's rmse: 0.851994
[1000]	training's rmse: 0.733369	valid_1's rmse: 0.84792
[1100]	training's rmse: 0.720571	valid_1's rmse: 0.843029
[1200]	training's rmse: 0.708628	valid_1's rmse: 0.83922
[1300]	training's rmse: 0.698026	valid_1's rmse: 0.83599
[1400]	training's rmse: 0.687007	valid_1's rmse: 0.833154
[1500]	training's rmse: 0.676935	valid_1's rmse: 0.829805
[1600]	training's rmse: 0.667497	valid_1's rmse: 0.827165
[1700]	training's rmse: 0.658819	valid_1's rmse: 0.82508
[1800]	training's rmse: 0.649034	valid_1's rmse: 0.823359
[1900]	training's rmse: 0.640269	valid_1's rmse: 0.821562
[2000]	training's rmse: 0.632307	valid_1's rmse: 0.820809
[2100]	training's rmse: 0.624008	valid_1's rmse: 0.819337
[2200]	training's rmse: 0.615804	valid_1's rmse: 0.817473
[2300]	training's rmse: 0.608755	valid_1's rmse: 0.815703
[2400]	training's rmse: 0.601317	valid_1's rmse: 0.814247
[2500]	training's rmse: 0.593665	valid_1's rmse: 0.812567
[2600]	training's rmse: 0.586947	valid_1's rmse: 0.811278
[2700]	training's rmse: 0.579799	valid_1's rmse: 0.809853
[2800]	training's rmse: 0.573376	valid_1's rmse: 0.809175
[2900]	training's rmse: 0.566686	valid_1's rmse: 0.80805
[3000]	training's rmse: 0.559974	valid_1's rmse: 0.807236
[3100]	training's rmse: 0.553438	valid_1's rmse: 0.806159
[3200]	training's rmse: 0.547484	valid_1's rmse: 0.805404
[3300]	training's rmse: 0.54114	valid_1's rmse: 0.804257
[3400]	training's rmse: 0.534987	valid_1's rmse: 0.803682
[3500]	training's rmse: 0.528848	valid_1's rmse: 0.802553
[3600]	training's rmse: 0.523042	valid_1's rmse: 0.801945
[3700]	training's rmse: 0.517047	valid_1's rmse: 0.800992
[3800]	training's rmse: 0.511357	valid_1's rmse: 0.800114
[3900]	training's rmse: 0.505711	valid_1's rmse: 0.799021
[4000]	training's rmse: 0.500083	valid_1's rmse: 0.798233
[4100]	training's rmse: 0.495204	valid_1's rmse: 0.797563
[4200]	training's rmse: 0.489647	valid_1's rmse: 0.796367
[4300]	training's rmse: 0.484569	valid_1's rmse: 0.795519
[4400]	training's rmse: 0.479356	valid_1's rmse: 0.794616
[4500]	training's rmse: 0.47432	valid_1's rmse: 0.79382
[4600]	training's rmse: 0.469539	valid_1's rmse: 0.792952
[4700]	training's rmse: 0.464443	valid_1's rmse: 0.792307
[4800]	training's rmse: 0.459728	valid_1's rmse: 0.791825
[4900]	training's rmse: 0.454698	valid_1's rmse: 0.79132
[5000]	training's rmse: 0.4503	valid_1's rmse: 0.790626
[5100]	training's rmse: 0.445705	valid_1's rmse: 0.790663
[5200]	training's rmse: 0.440914	valid_1's rmse: 0.790148
[5300]	training's rmse: 0.436403	valid_1's rmse: 0.789993
[5400]	training's rmse: 0.431906	valid_1's rmse: 0.789312
[5500]	training's rmse: 0.427634	valid_1's rmse: 0.788875
----------------------------------------------------------------------------------------------------
Fold 9
[100]	training's rmse: 1.05735	valid_1's rmse: 1.0478
[200]	training's rmse: 0.934677	valid_1's rmse: 0.934102
[300]	training's rmse: 0.875989	valid_1's rmse: 0.886327
[400]	training's rmse: 0.841546	valid_1's rmse: 0.861822
[500]	training's rmse: 0.816776	valid_1's rmse: 0.846462
[600]	training's rmse: 0.796999	valid_1's rmse: 0.836665
[700]	training's rmse: 0.779358	valid_1's rmse: 0.828945
[800]	training's rmse: 0.76332	valid_1's rmse: 0.821648
[900]	training's rmse: 0.749786	valid_1's rmse: 0.81653
[1000]	training's rmse: 0.736244	valid_1's rmse: 0.812188
[1100]	training's rmse: 0.723505	valid_1's rmse: 0.807349
[1200]	training's rmse: 0.711677	valid_1's rmse: 0.803478
[1300]	training's rmse: 0.700014	valid_1's rmse: 0.800782
[1400]	training's rmse: 0.689679	valid_1's rmse: 0.797141
[1500]	training's rmse: 0.679442	valid_1's rmse: 0.795345
[1600]	training's rmse: 0.670365	valid_1's rmse: 0.79293
[1700]	training's rmse: 0.661043	valid_1's rmse: 0.790587
[1800]	training's rmse: 0.65134	valid_1's rmse: 0.788831
[1900]	training's rmse: 0.642554	valid_1's rmse: 0.786733
[2000]	training's rmse: 0.634396	valid_1's rmse: 0.785358
[2100]	training's rmse: 0.625764	valid_1's rmse: 0.783659
[2200]	training's rmse: 0.618683	valid_1's rmse: 0.782793
[2300]	training's rmse: 0.610472	valid_1's rmse: 0.780893
[2400]	training's rmse: 0.603015	valid_1's rmse: 0.779918
[2500]	training's rmse: 0.595273	valid_1's rmse: 0.778736
[2600]	training's rmse: 0.587764	valid_1's rmse: 0.778261
[2700]	training's rmse: 0.58088	valid_1's rmse: 0.777223
[2800]	training's rmse: 0.573978	valid_1's rmse: 0.776449
[2900]	training's rmse: 0.566894	valid_1's rmse: 0.775521
[3000]	training's rmse: 0.560289	valid_1's rmse: 0.774501
[3100]	training's rmse: 0.553619	valid_1's rmse: 0.773489
[3200]	training's rmse: 0.547069	valid_1's rmse: 0.772351
[3300]	training's rmse: 0.540619	valid_1's rmse: 0.771328
[3400]	training's rmse: 0.534739	valid_1's rmse: 0.770273
[3500]	training's rmse: 0.528799	valid_1's rmse: 0.769391
[3600]	training's rmse: 0.522497	valid_1's rmse: 0.768806
[3700]	training's rmse: 0.516633	valid_1's rmse: 0.768055
[3800]	training's rmse: 0.510662	valid_1's rmse: 0.767278
[3900]	training's rmse: 0.505126	valid_1's rmse: 0.766484
[4000]	training's rmse: 0.499536	valid_1's rmse: 0.766154
[4100]	training's rmse: 0.494347	valid_1's rmse: 0.765607
[4200]	training's rmse: 0.488996	valid_1's rmse: 0.764955
[4300]	training's rmse: 0.483923	valid_1's rmse: 0.764444
[4400]	training's rmse: 0.479271	valid_1's rmse: 0.764211
[4500]	training's rmse: 0.474007	valid_1's rmse: 0.763888
[4600]	training's rmse: 0.468903	valid_1's rmse: 0.763583
[4700]	training's rmse: 0.464025	valid_1's rmse: 0.763315
[4800]	training's rmse: 0.45919	valid_1's rmse: 0.763068
[4900]	training's rmse: 0.45478	valid_1's rmse: 0.762587
[5000]	training's rmse: 0.450229	valid_1's rmse: 0.762284
[5100]	training's rmse: 0.445197	valid_1's rmse: 0.761798
[5200]	training's rmse: 0.440679	valid_1's rmse: 0.761914
----------------------------------------------------------------------------------------------------
Fold 10
[100]	training's rmse: 1.05413	valid_1's rmse: 1.07583
[200]	training's rmse: 0.930957	valid_1's rmse: 0.966503
[300]	training's rmse: 0.874093	valid_1's rmse: 0.921313
[400]	training's rmse: 0.838334	valid_1's rmse: 0.89683
[500]	training's rmse: 0.814056	valid_1's rmse: 0.882568
[600]	training's rmse: 0.794116	valid_1's rmse: 0.871047
[700]	training's rmse: 0.777014	valid_1's rmse: 0.863161
[800]	training's rmse: 0.761504	valid_1's rmse: 0.85623
[900]	training's rmse: 0.748393	valid_1's rmse: 0.851082
[1000]	training's rmse: 0.734056	valid_1's rmse: 0.84538
[1100]	training's rmse: 0.721607	valid_1's rmse: 0.840738
[1200]	training's rmse: 0.71022	valid_1's rmse: 0.83676
[1300]	training's rmse: 0.69913	valid_1's rmse: 0.833418
[1400]	training's rmse: 0.68843	valid_1's rmse: 0.830306
[1500]	training's rmse: 0.678943	valid_1's rmse: 0.827841
[1600]	training's rmse: 0.669521	valid_1's rmse: 0.825241
[1700]	training's rmse: 0.660395	valid_1's rmse: 0.823199
[1800]	training's rmse: 0.650664	valid_1's rmse: 0.820486
[1900]	training's rmse: 0.641653	valid_1's rmse: 0.817785
[2000]	training's rmse: 0.634083	valid_1's rmse: 0.815952
[2100]	training's rmse: 0.626516	valid_1's rmse: 0.814337
[2200]	training's rmse: 0.618758	valid_1's rmse: 0.813088
[2300]	training's rmse: 0.611427	valid_1's rmse: 0.811286
[2400]	training's rmse: 0.603382	valid_1's rmse: 0.809597
[2500]	training's rmse: 0.596165	valid_1's rmse: 0.80759
[2600]	training's rmse: 0.58847	valid_1's rmse: 0.806436
[2700]	training's rmse: 0.581227	valid_1's rmse: 0.804834
[2800]	training's rmse: 0.574226	valid_1's rmse: 0.803455
[2900]	training's rmse: 0.567279	valid_1's rmse: 0.802318
[3000]	training's rmse: 0.561221	valid_1's rmse: 0.801767
[3100]	training's rmse: 0.555176	valid_1's rmse: 0.800286
[3200]	training's rmse: 0.548877	valid_1's rmse: 0.798778
[3300]	training's rmse: 0.542586	valid_1's rmse: 0.797627
[3400]	training's rmse: 0.53681	valid_1's rmse: 0.796838
[3500]	training's rmse: 0.530781	valid_1's rmse: 0.795611
[3600]	training's rmse: 0.524501	valid_1's rmse: 0.79446
[3700]	training's rmse: 0.518752	valid_1's rmse: 0.793131
[3800]	training's rmse: 0.513356	valid_1's rmse: 0.79236
[3900]	training's rmse: 0.507722	valid_1's rmse: 0.791403
[4000]	training's rmse: 0.502328	valid_1's rmse: 0.790634
[4100]	training's rmse: 0.497022	valid_1's rmse: 0.789383
[4200]	training's rmse: 0.491935	valid_1's rmse: 0.788731
[4300]	training's rmse: 0.486753	valid_1's rmse: 0.788084
[4400]	training's rmse: 0.48179	valid_1's rmse: 0.787071
[4500]	training's rmse: 0.476966	valid_1's rmse: 0.786673
[4600]	training's rmse: 0.47211	valid_1's rmse: 0.786032
[4700]	training's rmse: 0.467009	valid_1's rmse: 0.785289
[4800]	training's rmse: 0.462192	valid_1's rmse: 0.784106
[4900]	training's rmse: 0.457663	valid_1's rmse: 0.783521
[5000]	training's rmse: 0.452863	valid_1's rmse: 0.78302
[5100]	training's rmse: 0.44834	valid_1's rmse: 0.782314
[5200]	training's rmse: 0.443994	valid_1's rmse: 0.781622
[5300]	training's rmse: 0.440048	valid_1's rmse: 0.781202
[5400]	training's rmse: 0.435899	valid_1's rmse: 0.780347
[5500]	training's rmse: 0.431887	valid_1's rmse: 0.77961
[5600]	training's rmse: 0.428047	valid_1's rmse: 0.779109
[5700]	training's rmse: 0.424196	valid_1's rmse: 0.77864
[5800]	training's rmse: 0.420088	valid_1's rmse: 0.777894
[5900]	training's rmse: 0.415884	valid_1's rmse: 0.777387
[6000]	training's rmse: 0.41188	valid_1's rmse: 0.776894
[6100]	training's rmse: 0.408044	valid_1's rmse: 0.776508
[6200]	training's rmse: 0.404448	valid_1's rmse: 0.775979
[6300]	training's rmse: 0.400808	valid_1's rmse: 0.775407
[6400]	training's rmse: 0.396763	valid_1's rmse: 0.774841
[6500]	training's rmse: 0.392906	valid_1's rmse: 0.774592
[6600]	training's rmse: 0.388964	valid_1's rmse: 0.774088
[6700]	training's rmse: 0.385737	valid_1's rmse: 0.773587
[6800]	training's rmse: 0.381978	valid_1's rmse: 0.773293
[6900]	training's rmse: 0.378547	valid_1's rmse: 0.77318
[7000]	training's rmse: 0.37519	valid_1's rmse: 0.773159
[7100]	training's rmse: 0.371825	valid_1's rmse: 0.772848
[7200]	training's rmse: 0.368419	valid_1's rmse: 0.772756
[7300]	training's rmse: 0.364901	valid_1's rmse: 0.772323
[7400]	training's rmse: 0.361335	valid_1's rmse: 0.772074
##### feature importance #####
                                           importance
feature                                              
User_Count_diff_Platform_Genre_mean      21304.994446
User_Count_diff_Platform_mean            17544.990177
Year_of_Release                          17192.895113
User_Count_diff_Platform_Rating_mean     16978.098426
publisher_Developer_lda_20_19            14971.691824
User_Momentum_diff_Platform_mean         10975.968902
publisher_Developer_lda_5_4              10587.989944
publisher_Platform_pca_4                  9528.290711
User_Momentum_diff_Platform_Rating_mean   8143.633402
num_series                                7848.937190
num_series_norm                           7066.924716
name_bert_pca_1                           6897.331787
platform_Rating_lda_2                     6604.493599
User_Momentum_diff_Platform_Genre_mean    6152.755429
publisher_Developer_lda_20_3              5502.967336
platform_Publisher_lda_10                 5254.472052
platform_Developer_lda_13                 4936.752750
name_bert_pca_4                           4620.975632
platform_Developer_lda_17                 4472.895476
Name                                      4404.126140
publisher_Genre_pca_5                     3968.908846
series_lifespan                           3892.914161
Platform_Year_of_Release                  3879.688622
name_bert_pca_17                          3622.891298
publisher_Developer_lda_20_11             3621.955713
publisher_Rating_pca_0                    3353.015838
publisher_Developer_lda_20_0              3291.198485
name_bert_pca_0                           3245.602627
pub_bert_pca_22                           3170.954154
name_bert_pca_7                           3082.524785
User_Count_diff_Platform_max              3003.373267
name_bert_pca_12                          2938.402538
name_bert_pca_22                          2901.539690
platform_Genre_lda_4                      2878.543871
platform_Publisher_lda_2                  2795.109525
Platform_Genre                            2734.991144
publisher_Platform_pca_1                  2716.497154
publisher_Rating_pca_1                    2654.284194
platform_Year_of_Release_lda_1            2640.587588
User_Momentum_diff_Platform_max           2591.481075
platform_Developer_lda_0                  2572.173694
name_bert_pca_3                           2552.348634
platform_Developer_lda_1                  2532.743012
platform_Publisher_lda_12                 2511.406508
publisher_Genre_pca_3                     2481.836242
name_bert_pca_10                          2457.163063
publisher_Year_of_Release_pca_6           2441.163426
name_bert_pca_30                          2421.037762
name_bert_pca_2                           2387.145488
name_bert_pca_44                          2319.833552
cv_score_fold_mean: 0.7796625465529419
